/* -*- Mode: c -*- */
####################################################################################################
Core 0
####################################################################################################
Cumulative:        Cycles: 10711813              Instructions: 30000001              IPC: 2.80065

EXECUTION_TIME                           3347441562500                  3347441562500              

NODE_CYCLE                                    10711813                       10711813              

NODE_INST_COUNT                               30000001                       30000001              

NODE_UOP_COUNT                                35661501                       35661501              

FULL_WINDOW_STALL                              2509078       23.423%          2509078       23.423%

FULL_WINDOW_MEM_OP                             1898582       99.355%          1898582       99.355%
FULL_WINDOW_FP_OP                                    0        0.000%                0        0.000%
FULL_WINDOW_OTHER_OP                             12322        0.645%            12322        0.645%
                                               1910904      100.000%          1910904      100.000%
                                                  0.01         0.16              0.01         0.16

RET_BLOCKED_DC_MISS                            1341996       12.528%          1341996       12.528%

RET_BLOCKED_L1_MISS                             925017        8.635%           925017        8.635%

RET_BLOCKED_L1_MISS_BW_PREF                      16295        0.152%            16295        0.152%

RET_BLOCKED_L1_ACCESS                           417075        3.894%           417075        3.894%

RET_BLOCKED_MEM_STALL                          1076165       10.047%          1076165       10.047%

RET_BLOCKED_OFFCHIP_DEMAND                           0        0.000%                0        0.000%

OP_ISSUED                                     40196695                       40196695              

OP_RETIRED                                    35661501                       35661501              

REPLAY_SIGNALED                                      0                              0              

REPLAY_COUNTED                                       0                              0              

OFF_CRITICAL_PATH                                    0         -nan%                0         -nan%
ON_CRITICAL_PATH                                     0         -nan%                0         -nan%
                                                     0         -nan%                0         -nan%
                                                  -nan         -nan              -nan         -nan

LD_NO_DEPENDENTS                                 61923        0.639%            61923        0.639%
LD_DEPENDENTS                                  9636241       99.361%          9636241       99.361%
                                               9698164      100.000%          9698164      100.000%
                                                  0.99         0.99              0.99         0.99

LD_EXEC_CYCLES_0                                     0        0.000%                0        0.000%
LD_EXEC_CYCLES_1                                     0        0.000%                0        0.000%
LD_EXEC_CYCLES_2                                     0        0.000%                0        0.000%
LD_EXEC_CYCLES_3                               5675451       80.048%          5675451       80.048%
LD_EXEC_CYCLES_4                               1414635       19.952%          1414635       19.952%
                                               7090086      100.000%          7090086      100.000%
                                                  3.20         1.48              3.20         1.48

FU_BUSY_0                                      9039002                        9039002              

FU_BUSY_1                                      8733293                        8733293              

FU_BUSY_2                                      8018181                        8018181              

FU_BUSY_3                                      6976653                        6976653              

FU_BUSY_4                                      5432822                        5432822              

FU_BUSY_5                                      3934617                        3934617              

FU_BUSY_6                                      2625424                        2625424              

FU_BUSY_7                                      1680514                        1680514              

FU_BUSY_8                                            0                              0              

FU_BUSY_9                                            0                              0              

FU_BUSY_10                                           0                              0              

FU_BUSY_11                                           0                              0              

FU_BUSY_12                                           0                              0              

FU_BUSY_13                                           0                              0              

FU_BUSY_14                                           0                              0              

FU_BUSY_15                                           0                              0              

FU_BUSY_16                                           0                              0              

FU_BUSY_17                                           0                              0              

FU_BUSY_18                                           0                              0              

FU_BUSY_19                                           0                              0              

FU_BUSY_20                                           0                              0              

FU_BUSY_21                                           0                              0              

FU_BUSY_22                                           0                              0              

FU_BUSY_23                                           0                              0              

FU_BUSY_24                                           0                              0              

FU_BUSY_25                                           0                              0              

FU_BUSY_26                                           0                              0              

FU_BUSY_27                                           0                              0              

FU_BUSY_28                                           0                              0              

FU_BUSY_29                                           0                              0              

FU_BUSY_30                                           0                              0              

FU_BUSY_31                                           0                              0              

OP_WAIT_0                                     24565038                       24565038              

OP_WAIT_1                                      7273335                        7273335              

OP_WAIT_2                                      1439038                        1439038              

OP_WAIT_3                                       539041                         539041              

OP_WAIT_4                                       354999                         354999              

OP_WAIT_5                                       260205                         260205              

OP_WAIT_6                                       227972                         227972              

OP_WAIT_7                                       244132                         244132              

OP_WAIT_8                                       175827                         175827              

OP_WAIT_9                                       230429                         230429              

OP_WAIT_10                                      101365                         101365              

OP_WAIT_11                                       60677                          60677              

OP_WAIT_12                                       37072                          37072              

OP_WAIT_13                                       29395                          29395              

OP_WAIT_14                                       22060                          22060              

OP_WAIT_15                                       19231                          19231              

OP_WAIT_16                                       15148                          15148              

OP_WAIT_17                                       11913                          11913              

OP_WAIT_18                                        9652                           9652              

OP_WAIT_19                                        6853                           6853              

OP_WAIT_20                                        4770                           4770              

OP_WAIT_21                                        4290                           4290              

OP_WAIT_22                                        3871                           3871              

OP_WAIT_23                                        2741                           2741              

OP_WAIT_24                                        2189                           2189              

OP_WAIT_25                                        1353                           1353              

OP_WAIT_26                                        1096                           1096              

OP_WAIT_27                                        1292                           1292              

OP_WAIT_28                                         816                            816              

OP_WAIT_29                                         883                            883              

OP_WAIT_30                                         677                            677              

OP_WAIT_31                                       14141                          14141              

ROW_SIZE_0                                     3187011                        3187011              

ROW_SIZE_1                                      718664                         718664              

ROW_SIZE_2                                      421710                         421710              

ROW_SIZE_3                                      155802                         155802              

ROW_SIZE_4                                      278663                         278663              

ROW_SIZE_5                                      111919                         111919              

ROW_SIZE_6                                     5326294                        5326294              

ROW_SIZE_7                                           0                              0              

ROW_SIZE_8                                           0                              0              

ROW_SIZE_9                                           0                              0              

ROW_SIZE_10                                          0                              0              

ROW_SIZE_11                                          0                              0              

ROW_SIZE_12                                          0                              0              

ROW_SIZE_13                                          0                              0              

ROW_SIZE_14                                          0                              0              

ROW_SIZE_15                                          0                              0              

ROW_SIZE_16                                          0                              0              

ROW_SIZE_17                                          0                              0              

ROW_SIZE_18                                          0                              0              

ROW_SIZE_19                                          0                              0              

ROW_SIZE_20                                          0                              0              

ROW_SIZE_21                                          0                              0              

ROW_SIZE_22                                          0                              0              

ROW_SIZE_23                                          0                              0              

ROW_SIZE_24                                          0                              0              

ROW_SIZE_25                                          0                              0              

ROW_SIZE_26                                          0                              0              

ROW_SIZE_27                                          0                              0              

ROW_SIZE_28                                          0                              0              

ROW_SIZE_29                                          0                              0              

ROW_SIZE_30                                          0                              0              

ROW_SIZE_31                                          0                              0              

RET_OP_EXEC_COUNT_0                                  0        0.000%                0        0.000%
RET_OP_EXEC_COUNT_1                           35661501      100.000%         35661501      100.000%
RET_OP_EXEC_COUNT_2                                  0        0.000%                0        0.000%
RET_OP_EXEC_COUNT_3                                  0        0.000%                0        0.000%
RET_OP_EXEC_COUNT_4                                  0        0.000%                0        0.000%
RET_OP_EXEC_COUNT_5                                  0        0.000%                0        0.000%
RET_OP_EXEC_COUNT_6                                  0        0.000%                0        0.000%
RET_OP_EXEC_COUNT_7                                  0        0.000%                0        0.000%
RET_OP_EXEC_COUNT_8                                  0        0.000%                0        0.000%
RET_OP_EXEC_COUNT_9                                  0        0.000%                0        0.000%
RET_OP_EXEC_COUNT_10                                 0        0.000%                0        0.000%
RET_OP_EXEC_COUNT_11                                 0        0.000%                0        0.000%
RET_OP_EXEC_COUNT_12                                 0        0.000%                0        0.000%
RET_OP_EXEC_COUNT_13                                 0        0.000%                0        0.000%
RET_OP_EXEC_COUNT_14                                 0        0.000%                0        0.000%
RET_OP_EXEC_COUNT_15                                 0        0.000%                0        0.000%
RET_OP_EXEC_COUNT_16                                 0        0.000%                0        0.000%
RET_OP_EXEC_COUNT_17                                 0        0.000%                0        0.000%
RET_OP_EXEC_COUNT_18                                 0        0.000%                0        0.000%
RET_OP_EXEC_COUNT_19                                 0        0.000%                0        0.000%
RET_OP_EXEC_COUNT_20                                 0        0.000%                0        0.000%
RET_OP_EXEC_COUNT_21                                 0        0.000%                0        0.000%
RET_OP_EXEC_COUNT_22                                 0        0.000%                0        0.000%
RET_OP_EXEC_COUNT_23                                 0        0.000%                0        0.000%
RET_OP_EXEC_COUNT_24                                 0        0.000%                0        0.000%
RET_OP_EXEC_COUNT_25                                 0        0.000%                0        0.000%
RET_OP_EXEC_COUNT_26                                 0        0.000%                0        0.000%
RET_OP_EXEC_COUNT_27                                 0        0.000%                0        0.000%
RET_OP_EXEC_COUNT_28                                 0        0.000%                0        0.000%
RET_OP_EXEC_COUNT_29                                 0        0.000%                0        0.000%
RET_OP_EXEC_COUNT_30                                 0        0.000%                0        0.000%
RET_OP_EXEC_COUNT_31                                 0        0.000%                0        0.000%
RET_OP_EXEC_COUNT_32                                 0        0.000%                0        0.000%
                                              35661501      100.000%         35661501      100.000%
                                                  1.00         0.00              1.00         0.00

RET_STALL_LENGTH_0                            35657834       99.990%         35657834       99.990%
RET_STALL_LENGTH_100                              2340        0.007%             2340        0.007%
RET_STALL_LENGTH_200                               316        0.001%              316        0.001%
RET_STALL_LENGTH_300                               223        0.001%              223        0.001%
RET_STALL_LENGTH_400                               272        0.001%              272        0.001%
RET_STALL_LENGTH_500                               206        0.001%              206        0.001%
RET_STALL_LENGTH_600                               110        0.000%              110        0.000%
RET_STALL_LENGTH_700                                45        0.000%               45        0.000%
RET_STALL_LENGTH_800                                32        0.000%               32        0.000%
RET_STALL_LENGTH_900                                15        0.000%               15        0.000%
RET_STALL_LENGTH_1000                               11        0.000%               11        0.000%
RET_STALL_LENGTH_1100                               30        0.000%               30        0.000%
RET_STALL_LENGTH_1200                               25        0.000%               25        0.000%
RET_STALL_LENGTH_1300                                8        0.000%                8        0.000%
RET_STALL_LENGTH_1400                                8        0.000%                8        0.000%
RET_STALL_LENGTH_1500                                6        0.000%                6        0.000%
RET_STALL_LENGTH_1600                                7        0.000%                7        0.000%
RET_STALL_LENGTH_1700                                5        0.000%                5        0.000%
RET_STALL_LENGTH_1800                                4        0.000%                4        0.000%
RET_STALL_LENGTH_1900                                2        0.000%                2        0.000%
RET_STALL_LENGTH_2000                                1        0.000%                1        0.000%
RET_STALL_LENGTH_2100                                1        0.000%                1        0.000%
RET_STALL_LENGTH_2200                                0        0.000%                0        0.000%
RET_STALL_LENGTH_2300                                0        0.000%                0        0.000%
RET_STALL_LENGTH_2400                                0        0.000%                0        0.000%
RET_STALL_LENGTH_2500                                0        0.000%                0        0.000%
RET_STALL_LENGTH_2600                                0        0.000%                0        0.000%
RET_STALL_LENGTH_2700                                0        0.000%                0        0.000%
RET_STALL_LENGTH_2800                                0        0.000%                0        0.000%
RET_STALL_LENGTH_2900                                0        0.000%                0        0.000%
RET_STALL_LENGTH_3000                                0        0.000%                0        0.000%
RET_STALL_LENGTH_3100                                0        0.000%                0        0.000%
RET_STALL_LENGTH_3200                                0        0.000%                0        0.000%
RET_STALL_LENGTH_3300                                0        0.000%                0        0.000%
RET_STALL_LENGTH_3400                                0        0.000%                0        0.000%
RET_STALL_LENGTH_3500                                0        0.000%                0        0.000%
RET_STALL_LENGTH_3600                                0        0.000%                0        0.000%
RET_STALL_LENGTH_3700                                0        0.000%                0        0.000%
RET_STALL_LENGTH_3800                                0        0.000%                0        0.000%
RET_STALL_LENGTH_3900                                0        0.000%                0        0.000%
RET_STALL_LENGTH_4000                                0        0.000%                0        0.000%
RET_STALL_LENGTH_4100                                0        0.000%                0        0.000%
RET_STALL_LENGTH_4200                                0        0.000%                0        0.000%
RET_STALL_LENGTH_4300                                0        0.000%                0        0.000%
RET_STALL_LENGTH_4400                                0        0.000%                0        0.000%
RET_STALL_LENGTH_4500                                0        0.000%                0        0.000%
RET_STALL_LENGTH_4600                                0        0.000%                0        0.000%
RET_STALL_LENGTH_4700                                0        0.000%                0        0.000%
RET_STALL_LENGTH_4800                                0        0.000%                0        0.000%
RET_STALL_LENGTH_4900                                0        0.000%                0        0.000%
RET_STALL_LENGTH_5000                                0        0.000%                0        0.000%
                                              35661501      100.000%         35661501      100.000%
                                                  0.00         0.03              0.00         0.03

MEM_BLOCK_LENGTH_0                                6896       89.292%             6896       89.292%
MEM_BLOCK_LENGTH_100                               298        3.859%              298        3.859%
MEM_BLOCK_LENGTH_200                               243        3.146%              243        3.146%
MEM_BLOCK_LENGTH_300                               127        1.644%              127        1.644%
MEM_BLOCK_LENGTH_400                                70        0.906%               70        0.906%
MEM_BLOCK_LENGTH_500                                20        0.259%               20        0.259%
MEM_BLOCK_LENGTH_600                                 7        0.091%                7        0.091%
MEM_BLOCK_LENGTH_700                                 5        0.065%                5        0.065%
MEM_BLOCK_LENGTH_800                                 3        0.039%                3        0.039%
MEM_BLOCK_LENGTH_900                                 7        0.091%                7        0.091%
MEM_BLOCK_LENGTH_1000                                6        0.078%                6        0.078%
MEM_BLOCK_LENGTH_1100                               11        0.142%               11        0.142%
MEM_BLOCK_LENGTH_1200                               13        0.168%               13        0.168%
MEM_BLOCK_LENGTH_1300                                6        0.078%                6        0.078%
MEM_BLOCK_LENGTH_1400                                5        0.065%                5        0.065%
MEM_BLOCK_LENGTH_1500                                5        0.065%                5        0.065%
MEM_BLOCK_LENGTH_1600                                1        0.013%                1        0.013%
MEM_BLOCK_LENGTH_1700                                0        0.000%                0        0.000%
MEM_BLOCK_LENGTH_1800                                0        0.000%                0        0.000%
MEM_BLOCK_LENGTH_1900                                0        0.000%                0        0.000%
MEM_BLOCK_LENGTH_2000                                0        0.000%                0        0.000%
MEM_BLOCK_LENGTH_2100                                0        0.000%                0        0.000%
MEM_BLOCK_LENGTH_2200                                0        0.000%                0        0.000%
MEM_BLOCK_LENGTH_2300                                0        0.000%                0        0.000%
MEM_BLOCK_LENGTH_2400                                0        0.000%                0        0.000%
MEM_BLOCK_LENGTH_2500                                0        0.000%                0        0.000%
MEM_BLOCK_LENGTH_2600                                0        0.000%                0        0.000%
MEM_BLOCK_LENGTH_2700                                0        0.000%                0        0.000%
MEM_BLOCK_LENGTH_2800                                0        0.000%                0        0.000%
MEM_BLOCK_LENGTH_2900                                0        0.000%                0        0.000%
MEM_BLOCK_LENGTH_3000                                0        0.000%                0        0.000%
MEM_BLOCK_LENGTH_3100                                0        0.000%                0        0.000%
MEM_BLOCK_LENGTH_3200                                0        0.000%                0        0.000%
MEM_BLOCK_LENGTH_3300                                0        0.000%                0        0.000%
MEM_BLOCK_LENGTH_3400                                0        0.000%                0        0.000%
MEM_BLOCK_LENGTH_3500                                0        0.000%                0        0.000%
MEM_BLOCK_LENGTH_3600                                0        0.000%                0        0.000%
MEM_BLOCK_LENGTH_3700                                0        0.000%                0        0.000%
MEM_BLOCK_LENGTH_3800                                0        0.000%                0        0.000%
MEM_BLOCK_LENGTH_3900                                0        0.000%                0        0.000%
MEM_BLOCK_LENGTH_4000                                0        0.000%                0        0.000%
MEM_BLOCK_LENGTH_4100                                0        0.000%                0        0.000%
MEM_BLOCK_LENGTH_4200                                0        0.000%                0        0.000%
MEM_BLOCK_LENGTH_4300                                0        0.000%                0        0.000%
MEM_BLOCK_LENGTH_4400                                0        0.000%                0        0.000%
MEM_BLOCK_LENGTH_4500                                0        0.000%                0        0.000%
MEM_BLOCK_LENGTH_4600                                0        0.000%                0        0.000%
MEM_BLOCK_LENGTH_4700                                0        0.000%                0        0.000%
MEM_BLOCK_LENGTH_4800                                0        0.000%                0        0.000%
MEM_BLOCK_LENGTH_4900                                0        0.000%                0        0.000%
MEM_BLOCK_LENGTH_5000                                0        0.000%                0        0.000%
                                                  7723      100.000%             7723      100.000%
                                                  0.30         1.20              0.30         1.20

FUS_BUSY_ON_PATH                              43559740        4.0665         43559740        4.0665

FUS_BUSY_OFF_PATH                              2880766        0.2689          2880766        0.2689

FU_BUSY_MEM_STALL                              8333759        0.7780          8333759        0.7780

FUS_EMPTY                                     39253998        3.6646         39253998        3.6646

CHIP_UTILIZATION                                     0        0.0000                0        0.0000

CYCLES_UNDER_MEM_REQ                                 0                              0              

CYCLES_UNDER_NO_MEM_REQ                              0                              0              

CYCLES_UNDER_CRITICAL_MEM_REQ                        0                              0              

CYCLES_UNDER_NONCRITICAL_MEM_REQ                     0                              0              

CHIP_UTILIZATION_UNDER_MEM_REQ                       0          -nan                0          -nan

CHIP_UTILIZATION_UNDER_NO_MEM_REQ                    0          -nan                0          -nan

CHIP_UTILIZATION_UNDER_CRITICAL_MEM_REQ              0          -nan                0          -nan

CHIP_UTILIZATION_UNDER_NONCRITICAL_MEM_REQ             0          -nan                0          -nan

CYCLES_NOT_WAITING_FOR_OFF_CHIP                      0        0.0000                0        0.0000

FUS_BUSY_NOT_WAITING_FOR_OFF_CHIP                    0          -nan                0          -nan

CYCLES_WAITING_FOR_OFF_CHIP                          0        0.0000                0        0.0000

FUS_BUSY_WAITING_FOR_OFF_CHIP                        0          -nan                0          -nan

TOTAL_OFF_CHIP_DELAYS_LEFT                           0                              0              

WRONG_IO_SCHED                                       0                              0              

DVFS_CONFIG_SWITCH                                   0                              0              



