/* -*- Mode: c -*- */
####################################################################################################
Core 0
####################################################################################################
Cumulative:        Cycles: 10711813              Instructions: 30000001              IPC: 2.80065

ST_OP_INV                                            0        0.000%                0        0.000%
ST_OP_NOP                                        20787        0.058%            20787        0.058%
ST_OP_CF                                       3608718       10.119%          3608718       10.119%
ST_OP_MOV                                      3305637        9.269%          3305637        9.269%
ST_OP_CMOV                                       13282        0.037%            13282        0.037%
ST_OP_LDA                                      1859542        5.214%          1859542        5.214%
ST_OP_IMEM                                    14572330       40.863%         14572330       40.863%
ST_OP_IADD                                     4337488       12.163%          4337488       12.163%
ST_OP_IMUL                                          54        0.000%               54        0.000%
ST_OP_IDIV                                           0        0.000%                0        0.000%
ST_OP_ICMP                                     2368905        6.643%          2368905        6.643%
ST_OP_LOGIC                                    3035369        8.512%          3035369        8.512%
ST_OP_SHIFT                                    2539639        7.121%          2539639        7.121%
ST_OP_FMEM                                           0        0.000%                0        0.000%
ST_OP_FCVT                                           0        0.000%                0        0.000%
ST_OP_FADD                                           0        0.000%                0        0.000%
ST_OP_FMUL                                           0        0.000%                0        0.000%
ST_OP_FMA                                            0        0.000%                0        0.000%
ST_OP_FDIV                                           0        0.000%                0        0.000%
ST_OP_FCMP                                           0        0.000%                0        0.000%
ST_OP_FCMOV                                          0        0.000%                0        0.000%
ST_OP_GATHER                                         0        0.000%                0        0.000%
ST_OP_SCATTER                                        0        0.000%                0        0.000%
ST_OP_PIPELINED_FAST                                 0        0.000%                0        0.000%
ST_OP_PIPELINED_MEDIUM                               0        0.000%                0        0.000%
ST_OP_PIPELINED_SLOW                                 0        0.000%                0        0.000%
ST_OP_NOTPIPELINED_MEDIUM                            0        0.000%                0        0.000%
ST_OP_NOTPIPELINED_SLOW                              0        0.000%                0        0.000%
ST_OP_NOTPIPELINED_VERY_SLOW                         0        0.000%                0        0.000%
                                              35661751      100.000%         35661751      100.000%
                                                  6.50         2.85              6.50         2.85

ST_NOT_CF                                     32053033       89.881%         32053033       89.881%
ST_CF_BR                                        291127        0.816%           291127        0.816%
ST_CF_CBR                                      3220785        9.031%          3220785        9.031%
ST_CF_CALL                                       48381        0.136%            48381        0.136%
ST_CF_IBR                                           47        0.000%               47        0.000%
ST_CF_ICALL                                          0        0.000%                0        0.000%
ST_CF_ICO                                            0        0.000%                0        0.000%
ST_CF_RET                                        48378        0.136%            48378        0.136%
ST_CF_SYS                                            0        0.000%                0        0.000%
                                              35661751      100.000%         35661751      100.000%
                                                  0.20         0.61              0.20         0.61

ST_BAR_NONE                                   35661751      100.000%         35661751      100.000%
ST_BAR_FETCH                                         0        0.000%                0        0.000%
ST_BAR_ISSUE                                         0        0.000%                0        0.000%
ST_BAR_BOTH                                          0        0.000%                0        0.000%
                                              35661751      100.000%         35661751      100.000%
                                                  0.00         0.00              0.00         0.00

ST_NOT_MEM                                    21089421       59.137%         21089421       59.137%
ST_MEM_LD                                      9698189       27.195%          9698189       27.195%
ST_MEM_ST                                      4874141       13.668%          4874141       13.668%
ST_MEM_PF                                            0        0.000%                0        0.000%
ST_MEM_WH                                            0        0.000%                0        0.000%
ST_MEM_EVICT                                         0        0.000%                0        0.000%
                                              35661751      100.000%         35661751      100.000%
                                                  0.55         0.59              0.55         0.59

ST_NOT_MEM_OFFPATH                             5206134       58.591%          5206134       58.591%
ST_MEM_LD_OFFPATH                              2900062       32.638%          2900062       32.638%
ST_MEM_ST_OFFPATH                               779350        8.771%           779350        8.771%
ST_MEM_PF_OFFPATH                                    0        0.000%                0        0.000%
ST_MEM_WH_OFFPATH                                    0        0.000%                0        0.000%
ST_MEM_EVIC_OFFPATHT                                 0        0.000%                0        0.000%
                                               8885546      100.000%          8885546      100.000%
                                                  0.50         0.53              0.50         0.53

ST_OP_ONPATH                                  35661751                       35661751              

ST_OP_OFFPATH                                  8885546                        8885546              

ST_FAKE_OP_OFFPATH                               14663        0.165%            14663        0.165%
ST_NOT_FAKE_OP_OFFPATH                         8870883       99.835%          8870883       99.835%
                                               8885546      100.000%          8885546      100.000%
                                                  1.00         1.00              1.00         1.00

ST_FAKE_REASON_NOT_FAKE                        8870883       99.835%          8870883       99.835%
ST_FAKE_REASON_REDIRECT_TO_NOT_INSTRUMENTED          4338        0.049%             4338        0.049%
ST_FAKE_REASON_RETURN_TO_NOT_INSTRUMENTED           270        0.003%              270        0.003%
ST_FAKE_REASON_NONRET_CF_TO_NOT_INSTRUMENTED          9960        0.112%             9960        0.112%
ST_FAKE_REASON_NOT_TAKEN_TO_NOT_INSTRUMENTED             0        0.000%                0        0.000%
ST_FAKE_REASON_WRONG_PATH_STORE_TO_NEW_REGION            95        0.001%               95        0.001%
                                               8885546      100.000%          8885546      100.000%
                                                  0.00         0.10              0.00         0.10

ST_INST_ONPATH                                30000251                       30000251              

ST_INST_OFFPATH                                7583227                        7583227              

STATIC_PIN_NOP                                       0                              0              

DYNAMIC_PIN_REP_GREATER_256                          0                              0              



