               ramulator.active_cycles_0             2105158                                      # Total active cycles for level _0
                 ramulator.busy_cycles_0             2105158                                      # (All-bank refresh only. busy cycles only include refresh time in rank level) The sum of cycles that the DRAM part is active or under refresh for level _0
            ramulator.serving_requests_0             7551786                                      # The sum of read and write requests that are served in this DRAM element per memory cycle for level _0
    ramulator.average_serving_requests_0            1.879989                                      # The average of read and write requests that are served in this DRAM element per memory cycle for level _0
             ramulator.active_cycles_0_0             2105158                                      # Total active cycles for level _0_0
               ramulator.busy_cycles_0_0             2217298                                      # (All-bank refresh only. busy cycles only include refresh time in rank level) The sum of cycles that the DRAM part is active or under refresh for level _0_0
          ramulator.serving_requests_0_0             7551786                                      # The sum of read and write requests that are served in this DRAM element per memory cycle for level _0_0
  ramulator.average_serving_requests_0_0            1.879989                                      # The average of read and write requests that are served in this DRAM element per memory cycle for level _0_0
           ramulator.active_cycles_0_0_0             1054463                                      # Total active cycles for level _0_0_0
             ramulator.busy_cycles_0_0_0             1054463                                      # (All-bank refresh only. busy cycles only include refresh time in rank level) The sum of cycles that the DRAM part is active or under refresh for level _0_0_0
        ramulator.serving_requests_0_0_0             1775093                                      # The sum of read and write requests that are served in this DRAM element per memory cycle for level _0_0_0
ramulator.average_serving_requests_0_0_0            0.441903                                      # The average of read and write requests that are served in this DRAM element per memory cycle for level _0_0_0
         ramulator.active_cycles_0_0_0_0              497104                                      # Total active cycles for level _0_0_0_0
           ramulator.busy_cycles_0_0_0_0              497104                                      # (All-bank refresh only. busy cycles only include refresh time in rank level) The sum of cycles that the DRAM part is active or under refresh for level _0_0_0_0
      ramulator.serving_requests_0_0_0_0              549086                                      # The sum of read and write requests that are served in this DRAM element per memory cycle for level _0_0_0_0
ramulator.average_serving_requests_0_0_0_0            0.136693                                      # The average of read and write requests that are served in this DRAM element per memory cycle for level _0_0_0_0
         ramulator.active_cycles_0_0_0_1              325339                                      # Total active cycles for level _0_0_0_1
           ramulator.busy_cycles_0_0_0_1              325339                                      # (All-bank refresh only. busy cycles only include refresh time in rank level) The sum of cycles that the DRAM part is active or under refresh for level _0_0_0_1
      ramulator.serving_requests_0_0_0_1              343778                                      # The sum of read and write requests that are served in this DRAM element per memory cycle for level _0_0_0_1
ramulator.average_serving_requests_0_0_0_1            0.085582                                      # The average of read and write requests that are served in this DRAM element per memory cycle for level _0_0_0_1
         ramulator.active_cycles_0_0_0_2              457536                                      # Total active cycles for level _0_0_0_2
           ramulator.busy_cycles_0_0_0_2              457536                                      # (All-bank refresh only. busy cycles only include refresh time in rank level) The sum of cycles that the DRAM part is active or under refresh for level _0_0_0_2
      ramulator.serving_requests_0_0_0_2              495277                                      # The sum of read and write requests that are served in this DRAM element per memory cycle for level _0_0_0_2
ramulator.average_serving_requests_0_0_0_2            0.123297                                      # The average of read and write requests that are served in this DRAM element per memory cycle for level _0_0_0_2
         ramulator.active_cycles_0_0_0_3              359970                                      # Total active cycles for level _0_0_0_3
           ramulator.busy_cycles_0_0_0_3              359970                                      # (All-bank refresh only. busy cycles only include refresh time in rank level) The sum of cycles that the DRAM part is active or under refresh for level _0_0_0_3
      ramulator.serving_requests_0_0_0_3              386904                                      # The sum of read and write requests that are served in this DRAM element per memory cycle for level _0_0_0_3
ramulator.average_serving_requests_0_0_0_3            0.096318                                      # The average of read and write requests that are served in this DRAM element per memory cycle for level _0_0_0_3
           ramulator.active_cycles_0_0_1             1100974                                      # Total active cycles for level _0_0_1
             ramulator.busy_cycles_0_0_1             1100974                                      # (All-bank refresh only. busy cycles only include refresh time in rank level) The sum of cycles that the DRAM part is active or under refresh for level _0_0_1
        ramulator.serving_requests_0_0_1             1918857                                      # The sum of read and write requests that are served in this DRAM element per memory cycle for level _0_0_1
ramulator.average_serving_requests_0_0_1            0.477692                                      # The average of read and write requests that are served in this DRAM element per memory cycle for level _0_0_1
         ramulator.active_cycles_0_0_1_0              425547                                      # Total active cycles for level _0_0_1_0
           ramulator.busy_cycles_0_0_1_0              425547                                      # (All-bank refresh only. busy cycles only include refresh time in rank level) The sum of cycles that the DRAM part is active or under refresh for level _0_0_1_0
      ramulator.serving_requests_0_0_1_0              463800                                      # The sum of read and write requests that are served in this DRAM element per memory cycle for level _0_0_1_0
ramulator.average_serving_requests_0_0_1_0            0.115461                                      # The average of read and write requests that are served in this DRAM element per memory cycle for level _0_0_1_0
         ramulator.active_cycles_0_0_1_1              461565                                      # Total active cycles for level _0_0_1_1
           ramulator.busy_cycles_0_0_1_1              461565                                      # (All-bank refresh only. busy cycles only include refresh time in rank level) The sum of cycles that the DRAM part is active or under refresh for level _0_0_1_1
      ramulator.serving_requests_0_0_1_1              506843                                      # The sum of read and write requests that are served in this DRAM element per memory cycle for level _0_0_1_1
ramulator.average_serving_requests_0_0_1_1            0.126177                                      # The average of read and write requests that are served in this DRAM element per memory cycle for level _0_0_1_1
         ramulator.active_cycles_0_0_1_2              458754                                      # Total active cycles for level _0_0_1_2
           ramulator.busy_cycles_0_0_1_2              458754                                      # (All-bank refresh only. busy cycles only include refresh time in rank level) The sum of cycles that the DRAM part is active or under refresh for level _0_0_1_2
      ramulator.serving_requests_0_0_1_2              501325                                      # The sum of read and write requests that are served in this DRAM element per memory cycle for level _0_0_1_2
ramulator.average_serving_requests_0_0_1_2            0.124803                                      # The average of read and write requests that are served in this DRAM element per memory cycle for level _0_0_1_2
         ramulator.active_cycles_0_0_1_3              406300                                      # Total active cycles for level _0_0_1_3
           ramulator.busy_cycles_0_0_1_3              406300                                      # (All-bank refresh only. busy cycles only include refresh time in rank level) The sum of cycles that the DRAM part is active or under refresh for level _0_0_1_3
      ramulator.serving_requests_0_0_1_3              446818                                      # The sum of read and write requests that are served in this DRAM element per memory cycle for level _0_0_1_3
ramulator.average_serving_requests_0_0_1_3            0.111234                                      # The average of read and write requests that are served in this DRAM element per memory cycle for level _0_0_1_3
           ramulator.active_cycles_0_0_2             1151065                                      # Total active cycles for level _0_0_2
             ramulator.busy_cycles_0_0_2             1151065                                      # (All-bank refresh only. busy cycles only include refresh time in rank level) The sum of cycles that the DRAM part is active or under refresh for level _0_0_2
        ramulator.serving_requests_0_0_2             1975531                                      # The sum of read and write requests that are served in this DRAM element per memory cycle for level _0_0_2
ramulator.average_serving_requests_0_0_2            0.491801                                      # The average of read and write requests that are served in this DRAM element per memory cycle for level _0_0_2
         ramulator.active_cycles_0_0_2_0              458162                                      # Total active cycles for level _0_0_2_0
           ramulator.busy_cycles_0_0_2_0              458162                                      # (All-bank refresh only. busy cycles only include refresh time in rank level) The sum of cycles that the DRAM part is active or under refresh for level _0_0_2_0
      ramulator.serving_requests_0_0_2_0              504047                                      # The sum of read and write requests that are served in this DRAM element per memory cycle for level _0_0_2_0
ramulator.average_serving_requests_0_0_2_0            0.125481                                      # The average of read and write requests that are served in this DRAM element per memory cycle for level _0_0_2_0
         ramulator.active_cycles_0_0_2_1              475819                                      # Total active cycles for level _0_0_2_1
           ramulator.busy_cycles_0_0_2_1              475819                                      # (All-bank refresh only. busy cycles only include refresh time in rank level) The sum of cycles that the DRAM part is active or under refresh for level _0_0_2_1
      ramulator.serving_requests_0_0_2_1              514179                                      # The sum of read and write requests that are served in this DRAM element per memory cycle for level _0_0_2_1
ramulator.average_serving_requests_0_0_2_1            0.128003                                      # The average of read and write requests that are served in this DRAM element per memory cycle for level _0_0_2_1
         ramulator.active_cycles_0_0_2_2              427637                                      # Total active cycles for level _0_0_2_2
           ramulator.busy_cycles_0_0_2_2              427637                                      # (All-bank refresh only. busy cycles only include refresh time in rank level) The sum of cycles that the DRAM part is active or under refresh for level _0_0_2_2
      ramulator.serving_requests_0_0_2_2              464626                                      # The sum of read and write requests that are served in this DRAM element per memory cycle for level _0_0_2_2
ramulator.average_serving_requests_0_0_2_2            0.115667                                      # The average of read and write requests that are served in this DRAM element per memory cycle for level _0_0_2_2
         ramulator.active_cycles_0_0_2_3              444997                                      # Total active cycles for level _0_0_2_3
           ramulator.busy_cycles_0_0_2_3              444997                                      # (All-bank refresh only. busy cycles only include refresh time in rank level) The sum of cycles that the DRAM part is active or under refresh for level _0_0_2_3
      ramulator.serving_requests_0_0_2_3              492629                                      # The sum of read and write requests that are served in this DRAM element per memory cycle for level _0_0_2_3
ramulator.average_serving_requests_0_0_2_3            0.122638                                      # The average of read and write requests that are served in this DRAM element per memory cycle for level _0_0_2_3
           ramulator.active_cycles_0_0_3             1084631                                      # Total active cycles for level _0_0_3
             ramulator.busy_cycles_0_0_3             1084631                                      # (All-bank refresh only. busy cycles only include refresh time in rank level) The sum of cycles that the DRAM part is active or under refresh for level _0_0_3
        ramulator.serving_requests_0_0_3             1882211                                      # The sum of read and write requests that are served in this DRAM element per memory cycle for level _0_0_3
ramulator.average_serving_requests_0_0_3            0.468569                                      # The average of read and write requests that are served in this DRAM element per memory cycle for level _0_0_3
         ramulator.active_cycles_0_0_3_0              454393                                      # Total active cycles for level _0_0_3_0
           ramulator.busy_cycles_0_0_3_0              454393                                      # (All-bank refresh only. busy cycles only include refresh time in rank level) The sum of cycles that the DRAM part is active or under refresh for level _0_0_3_0
      ramulator.serving_requests_0_0_3_0              496773                                      # The sum of read and write requests that are served in this DRAM element per memory cycle for level _0_0_3_0
ramulator.average_serving_requests_0_0_3_0            0.123670                                      # The average of read and write requests that are served in this DRAM element per memory cycle for level _0_0_3_0
         ramulator.active_cycles_0_0_3_1              503660                                      # Total active cycles for level _0_0_3_1
           ramulator.busy_cycles_0_0_3_1              503660                                      # (All-bank refresh only. busy cycles only include refresh time in rank level) The sum of cycles that the DRAM part is active or under refresh for level _0_0_3_1
      ramulator.serving_requests_0_0_3_1              554432                                      # The sum of read and write requests that are served in this DRAM element per memory cycle for level _0_0_3_1
ramulator.average_serving_requests_0_0_3_1            0.138024                                      # The average of read and write requests that are served in this DRAM element per memory cycle for level _0_0_3_1
         ramulator.active_cycles_0_0_3_2              362041                                      # Total active cycles for level _0_0_3_2
           ramulator.busy_cycles_0_0_3_2              362041                                      # (All-bank refresh only. busy cycles only include refresh time in rank level) The sum of cycles that the DRAM part is active or under refresh for level _0_0_3_2
      ramulator.serving_requests_0_0_3_2              385921                                      # The sum of read and write requests that are served in this DRAM element per memory cycle for level _0_0_3_2
ramulator.average_serving_requests_0_0_3_2            0.096074                                      # The average of read and write requests that are served in this DRAM element per memory cycle for level _0_0_3_2
         ramulator.active_cycles_0_0_3_3              412792                                      # Total active cycles for level _0_0_3_3
           ramulator.busy_cycles_0_0_3_3              412792                                      # (All-bank refresh only. busy cycles only include refresh time in rank level) The sum of cycles that the DRAM part is active or under refresh for level _0_0_3_3
      ramulator.serving_requests_0_0_3_3              445066                                      # The sum of read and write requests that are served in this DRAM element per memory cycle for level _0_0_3_3
ramulator.average_serving_requests_0_0_3_3            0.110798                                      # The average of read and write requests that are served in this DRAM element per memory cycle for level _0_0_3_3
      ramulator.read_transaction_bytes_0             6369856                                      # The total byte of read transaction per channel
     ramulator.write_transaction_bytes_0             4284480                                      # The total byte of write transaction per channel
       ramulator.row_hits_channel_0_core               75373                                      # Number of row hits per channel per core
     ramulator.row_misses_channel_0_core                7837                                      # Number of row misses per channel per core
  ramulator.row_conflicts_channel_0_core               83264                                      # Number of row conflicts per channel per core
  ramulator.read_row_hits_channel_0_core               53941                                      # Number of row hits for read requests per channel per core
                                     [0]             53941.0                                      # 
ramulator.read_row_misses_channel_0_core                4011                                      # Number of row misses for read requests per channel per core
                                     [0]              4011.0                                      # 
ramulator.read_row_conflicts_channel_0_core               41577                                      # Number of row conflicts for read requests per channel per core
                                     [0]             41577.0                                      # 
 ramulator.write_row_hits_channel_0_core               21432                                      # Number of row hits for write requests per channel per core
                                     [0]             21432.0                                      # 
ramulator.write_row_misses_channel_0_core                3826                                      # Number of row misses for write requests per channel per core
                                     [0]              3826.0                                      # 
ramulator.write_row_conflicts_channel_0_core               41687                                      # Number of row conflicts for write requests per channel per core
                                     [0]             41687.0                                      # 
      ramulator.useless_activates_0_core                 348                                      # Number of useless activations. E.g, ACT -> PRE w/o RD or WR
            ramulator.read_latency_avg_0          106.544283                                      # The average memory latency cycles (in memory time domain) per request for all read requests in this channel
            ramulator.read_latency_sum_0            10618736                                      # The memory latency cycles (in memory time domain) sum for all read requests in this channel
        ramulator.req_queue_length_avg_0           12.502490                                      # Average of read and write queue length per memory cycle per channel.
        ramulator.req_queue_length_sum_0            50221638                                      # Sum of read and write queue length per memory cycle per channel.
   ramulator.read_req_queue_length_avg_0            2.442765                                      # Read queue length average per memory cycle per channel.
   ramulator.read_req_queue_length_sum_0             9812418                                      # Read queue length sum per memory cycle per channel.
  ramulator.write_req_queue_length_avg_0           10.059725                                      # Write queue length average per memory cycle per channel.
  ramulator.write_req_queue_length_sum_0            40409220                                      # Write queue length sum per memory cycle per channel.
              ramulator.record_read_hits                 0.0                                      # record read hit count for this core when it reaches request limit or to the end
                                     [0]                 0.0                                      # 
            ramulator.record_read_misses                 0.0                                      # record_read_miss count for this core when it reaches request limit or to the end
                                     [0]                 0.0                                      # 
         ramulator.record_read_conflicts                 0.0                                      # record read conflict count for this core when it reaches request limit or to the end
                                     [0]                 0.0                                      # 
             ramulator.record_write_hits                 0.0                                      # record write hit count for this core when it reaches request limit or to the end
                                     [0]                 0.0                                      # 
           ramulator.record_write_misses                 0.0                                      # record write miss count for this core when it reaches request limit or to the end
                                     [0]                 0.0                                      # 
        ramulator.record_write_conflicts                 0.0                                      # record write conflict for this core when it reaches request limit or to the end
                                     [0]                 0.0                                      # 
                 ramulator.dram_capacity          8589934592                                      # Number of bytes in simulated DRAM
                   ramulator.dram_cycles             4016931                                      # Number of DRAM cycles simulated
             ramulator.incoming_requests              166632                                      # Number of incoming requests to DRAM
                 ramulator.read_requests               99665                                      # Number of incoming read requests to DRAM per core
                                     [0]             99665.0                                      # 
                ramulator.write_requests               66967                                      # Number of incoming write requests to DRAM per core
                                     [0]             66967.0                                      # 
       ramulator.ramulator_active_cycles             2105159                                      # The total number of cycles that the DRAM part is active (serving R/W)
 ramulator.incoming_requests_per_channel            166632.0                                      # Number of incoming requests to each DRAM channel
                                     [0]            166632.0                                      # 
ramulator.incoming_read_reqs_per_channel             99665.0                                      # Number of incoming read requests to each DRAM channel
                                     [0]             99665.0                                      # 
     ramulator.physical_page_replacement                   0                                      # The number of times that physical page replacement happens.
             ramulator.maximum_bandwidth         19200000000                                      # The theoretical maximum bandwidth (Bps)
          ramulator.in_queue_req_num_sum            50221638                                      # Sum of read/write queue length
     ramulator.in_queue_read_req_num_sum             9812418                                      # Sum of read queue length
    ramulator.in_queue_write_req_num_sum            40409220                                      # Sum of write queue length
          ramulator.in_queue_req_num_avg           12.502490                                      # Average of read/write queue length per memory cycle
     ramulator.in_queue_read_req_num_avg            2.442765                                      # Average of read queue length per memory cycle
    ramulator.in_queue_write_req_num_avg           10.059725                                      # Average of write queue length per memory cycle
          ramulator.record_read_requests                 0.0                                      # record read requests for this core when it reaches request limit or to the end
                                     [0]                 0.0                                      # 
         ramulator.record_write_requests                 0.0                                      # record write requests for this core when it reaches request limit or to the end
                                     [0]                 0.0                                      # 
