/* -*- Mode: c -*- */
####################################################################################################
Core 0
####################################################################################################
Cumulative:        Cycles: 7506508               Instructions: 30000000              IPC: 3.99653

ST_OP_INV                                            0        0.000%                0        0.000%
ST_OP_NOP                                         3190        0.009%             3190        0.009%
ST_OP_CF                                       1465093        4.051%          1465093        4.051%
ST_OP_MOV                                        32538        0.090%            32538        0.090%
ST_OP_CMOV                                     4230712       11.698%          4230712       11.698%
ST_OP_LDA                                        16330        0.045%            16330        0.045%
ST_OP_IMEM                                    18085744       50.006%         18085744       50.006%
ST_OP_IADD                                     6636423       18.349%          6636423       18.349%
ST_OP_IMUL                                           2        0.000%                2        0.000%
ST_OP_IDIV                                           0        0.000%                0        0.000%
ST_OP_ICMP                                     5672463       15.684%          5672463       15.684%
ST_OP_LOGIC                                      18849        0.052%            18849        0.052%
ST_OP_SHIFT                                        403        0.001%              403        0.001%
ST_OP_FMEM                                        2185        0.006%             2185        0.006%
ST_OP_FCVT                                          68        0.000%               68        0.000%
ST_OP_FADD                                         104        0.000%              104        0.000%
ST_OP_FMUL                                          68        0.000%               68        0.000%
ST_OP_FMA                                           72        0.000%               72        0.000%
ST_OP_FDIV                                           8        0.000%                8        0.000%
ST_OP_FCMP                                          76        0.000%               76        0.000%
ST_OP_FCMOV                                          0        0.000%                0        0.000%
ST_OP_GATHER                                         0        0.000%                0        0.000%
ST_OP_SCATTER                                        0        0.000%                0        0.000%
ST_OP_PIPELINED_FAST                              1613        0.004%             1613        0.004%
ST_OP_PIPELINED_MEDIUM                               0        0.000%                0        0.000%
ST_OP_PIPELINED_SLOW                                 0        0.000%                0        0.000%
ST_OP_NOTPIPELINED_MEDIUM                         1498        0.004%             1498        0.004%
ST_OP_NOTPIPELINED_SLOW                             26        0.000%               26        0.000%
ST_OP_NOTPIPELINED_VERY_SLOW                         0        0.000%                0        0.000%
                                              36167465      100.000%         36167465      100.000%
                                                  6.42         1.92              6.42         1.92

ST_NOT_CF                                     34702372       95.949%         34702372       95.949%
ST_CF_BR                                          2338        0.006%             2338        0.006%
ST_CF_CBR                                      1450027        4.009%          1450027        4.009%
ST_CF_CALL                                        4736        0.013%             4736        0.013%
ST_CF_IBR                                         3192        0.009%             3192        0.009%
ST_CF_ICALL                                         32        0.000%               32        0.000%
ST_CF_ICO                                            0        0.000%                0        0.000%
ST_CF_RET                                         4768        0.013%             4768        0.013%
ST_CF_SYS                                            0        0.000%                0        0.000%
                                              36167465      100.000%         36167465      100.000%
                                                  0.08         0.40              0.08         0.40

ST_BAR_NONE                                   36167465      100.000%         36167465      100.000%
ST_BAR_FETCH                                         0        0.000%                0        0.000%
ST_BAR_ISSUE                                         0        0.000%                0        0.000%
ST_BAR_BOTH                                          0        0.000%                0        0.000%
                                              36167465      100.000%         36167465      100.000%
                                                  0.00         0.00              0.00         0.00

ST_NOT_MEM                                    18079536       49.988%         18079536       49.988%
ST_MEM_LD                                     13331980       36.862%         13331980       36.862%
ST_MEM_ST                                      4755949       13.150%          4755949       13.150%
ST_MEM_PF                                            0        0.000%                0        0.000%
ST_MEM_WH                                            0        0.000%                0        0.000%
ST_MEM_EVICT                                         0        0.000%                0        0.000%
                                              36167465      100.000%         36167465      100.000%
                                                  0.63         0.54              0.63         0.54

ST_NOT_MEM_OFFPATH                               63405       54.380%            63405       54.380%
ST_MEM_LD_OFFPATH                                40627       34.844%            40627       34.844%
ST_MEM_ST_OFFPATH                                12564       10.776%            12564       10.776%
ST_MEM_PF_OFFPATH                                    0        0.000%                0        0.000%
ST_MEM_WH_OFFPATH                                    0        0.000%                0        0.000%
ST_MEM_EVIC_OFFPATHT                                 0        0.000%                0        0.000%
                                                116596      100.000%           116596      100.000%
                                                  0.56         0.54              0.56         0.54

ST_OP_ONPATH                                  36167465                       36167465              

ST_OP_OFFPATH                                   116596                         116596              

ST_FAKE_OP_OFFPATH                               14322       12.283%            14322       12.283%
ST_NOT_FAKE_OP_OFFPATH                          102274       87.717%           102274       87.717%
                                                116596      100.000%           116596      100.000%
                                                  0.88         0.83              0.88         0.83

ST_FAKE_REASON_NOT_FAKE                         102274       87.717%           102274       87.717%
ST_FAKE_REASON_REDIRECT_TO_NOT_INSTRUMENTED          1620        1.389%             1620        1.389%
ST_FAKE_REASON_RETURN_TO_NOT_INSTRUMENTED           924        0.792%              924        0.792%
ST_FAKE_REASON_NONRET_CF_TO_NOT_INSTRUMENTED         11640        9.983%            11640        9.983%
ST_FAKE_REASON_NOT_TAKEN_TO_NOT_INSTRUMENTED           138        0.118%              138        0.118%
ST_FAKE_REASON_WRONG_PATH_STORE_TO_NEW_REGION             0        0.000%                0        0.000%
                                                116596      100.000%           116596      100.000%
                                                  0.33         0.87              0.33         0.87

ST_INST_ONPATH                                30000225                       30000225              

ST_INST_OFFPATH                                 104225                         104225              

STATIC_PIN_NOP                                       0                              0              

DYNAMIC_PIN_REP_GREATER_256                          0                              0              



