               ramulator.active_cycles_0             1513182                                      # Total active cycles for level _0
                 ramulator.busy_cycles_0             1513182                                      # (All-bank refresh only. busy cycles only include refresh time in rank level) The sum of cycles that the DRAM part is active or under refresh for level _0
            ramulator.serving_requests_0             2967154                                      # The sum of read and write requests that are served in this DRAM element per memory cycle for level _0
    ramulator.average_serving_requests_0            1.054073                                      # The average of read and write requests that are served in this DRAM element per memory cycle for level _0
             ramulator.active_cycles_0_0             1513182                                      # Total active cycles for level _0_0
               ramulator.busy_cycles_0_0             1617342                                      # (All-bank refresh only. busy cycles only include refresh time in rank level) The sum of cycles that the DRAM part is active or under refresh for level _0_0
          ramulator.serving_requests_0_0             2967154                                      # The sum of read and write requests that are served in this DRAM element per memory cycle for level _0_0
  ramulator.average_serving_requests_0_0            1.054073                                      # The average of read and write requests that are served in this DRAM element per memory cycle for level _0_0
           ramulator.active_cycles_0_0_0              521947                                      # Total active cycles for level _0_0_0
             ramulator.busy_cycles_0_0_0              521947                                      # (All-bank refresh only. busy cycles only include refresh time in rank level) The sum of cycles that the DRAM part is active or under refresh for level _0_0_0
        ramulator.serving_requests_0_0_0              638888                                      # The sum of read and write requests that are served in this DRAM element per memory cycle for level _0_0_0
ramulator.average_serving_requests_0_0_0            0.226963                                      # The average of read and write requests that are served in this DRAM element per memory cycle for level _0_0_0
         ramulator.active_cycles_0_0_0_0              114403                                      # Total active cycles for level _0_0_0_0
           ramulator.busy_cycles_0_0_0_0              114403                                      # (All-bank refresh only. busy cycles only include refresh time in rank level) The sum of cycles that the DRAM part is active or under refresh for level _0_0_0_0
      ramulator.serving_requests_0_0_0_0              122980                                      # The sum of read and write requests that are served in this DRAM element per memory cycle for level _0_0_0_0
ramulator.average_serving_requests_0_0_0_0            0.043688                                      # The average of read and write requests that are served in this DRAM element per memory cycle for level _0_0_0_0
         ramulator.active_cycles_0_0_0_1              149005                                      # Total active cycles for level _0_0_0_1
           ramulator.busy_cycles_0_0_0_1              149005                                      # (All-bank refresh only. busy cycles only include refresh time in rank level) The sum of cycles that the DRAM part is active or under refresh for level _0_0_0_1
      ramulator.serving_requests_0_0_0_1              158195                                      # The sum of read and write requests that are served in this DRAM element per memory cycle for level _0_0_0_1
ramulator.average_serving_requests_0_0_0_1            0.056198                                      # The average of read and write requests that are served in this DRAM element per memory cycle for level _0_0_0_1
         ramulator.active_cycles_0_0_0_2              154047                                      # Total active cycles for level _0_0_0_2
           ramulator.busy_cycles_0_0_0_2              154047                                      # (All-bank refresh only. busy cycles only include refresh time in rank level) The sum of cycles that the DRAM part is active or under refresh for level _0_0_0_2
      ramulator.serving_requests_0_0_0_2              171287                                      # The sum of read and write requests that are served in this DRAM element per memory cycle for level _0_0_0_2
ramulator.average_serving_requests_0_0_0_2            0.060849                                      # The average of read and write requests that are served in this DRAM element per memory cycle for level _0_0_0_2
         ramulator.active_cycles_0_0_0_3              173576                                      # Total active cycles for level _0_0_0_3
           ramulator.busy_cycles_0_0_0_3              173576                                      # (All-bank refresh only. busy cycles only include refresh time in rank level) The sum of cycles that the DRAM part is active or under refresh for level _0_0_0_3
      ramulator.serving_requests_0_0_0_3              186426                                      # The sum of read and write requests that are served in this DRAM element per memory cycle for level _0_0_0_3
ramulator.average_serving_requests_0_0_0_3            0.066227                                      # The average of read and write requests that are served in this DRAM element per memory cycle for level _0_0_0_3
           ramulator.active_cycles_0_0_1              654731                                      # Total active cycles for level _0_0_1
             ramulator.busy_cycles_0_0_1              654731                                      # (All-bank refresh only. busy cycles only include refresh time in rank level) The sum of cycles that the DRAM part is active or under refresh for level _0_0_1
        ramulator.serving_requests_0_0_1              808184                                      # The sum of read and write requests that are served in this DRAM element per memory cycle for level _0_0_1
ramulator.average_serving_requests_0_0_1            0.287105                                      # The average of read and write requests that are served in this DRAM element per memory cycle for level _0_0_1
         ramulator.active_cycles_0_0_1_0              133455                                      # Total active cycles for level _0_0_1_0
           ramulator.busy_cycles_0_0_1_0              133455                                      # (All-bank refresh only. busy cycles only include refresh time in rank level) The sum of cycles that the DRAM part is active or under refresh for level _0_0_1_0
      ramulator.serving_requests_0_0_1_0              142530                                      # The sum of read and write requests that are served in this DRAM element per memory cycle for level _0_0_1_0
ramulator.average_serving_requests_0_0_1_0            0.050633                                      # The average of read and write requests that are served in this DRAM element per memory cycle for level _0_0_1_0
         ramulator.active_cycles_0_0_1_1              205744                                      # Total active cycles for level _0_0_1_1
           ramulator.busy_cycles_0_0_1_1              205744                                      # (All-bank refresh only. busy cycles only include refresh time in rank level) The sum of cycles that the DRAM part is active or under refresh for level _0_0_1_1
      ramulator.serving_requests_0_0_1_1              222159                                      # The sum of read and write requests that are served in this DRAM element per memory cycle for level _0_0_1_1
ramulator.average_serving_requests_0_0_1_1            0.078921                                      # The average of read and write requests that are served in this DRAM element per memory cycle for level _0_0_1_1
         ramulator.active_cycles_0_0_1_2              253924                                      # Total active cycles for level _0_0_1_2
           ramulator.busy_cycles_0_0_1_2              253924                                      # (All-bank refresh only. busy cycles only include refresh time in rank level) The sum of cycles that the DRAM part is active or under refresh for level _0_0_1_2
      ramulator.serving_requests_0_0_1_2              276840                                      # The sum of read and write requests that are served in this DRAM element per memory cycle for level _0_0_1_2
ramulator.average_serving_requests_0_0_1_2            0.098347                                      # The average of read and write requests that are served in this DRAM element per memory cycle for level _0_0_1_2
         ramulator.active_cycles_0_0_1_3              154095                                      # Total active cycles for level _0_0_1_3
           ramulator.busy_cycles_0_0_1_3              154095                                      # (All-bank refresh only. busy cycles only include refresh time in rank level) The sum of cycles that the DRAM part is active or under refresh for level _0_0_1_3
      ramulator.serving_requests_0_0_1_3              166655                                      # The sum of read and write requests that are served in this DRAM element per memory cycle for level _0_0_1_3
ramulator.average_serving_requests_0_0_1_3            0.059204                                      # The average of read and write requests that are served in this DRAM element per memory cycle for level _0_0_1_3
           ramulator.active_cycles_0_0_2              602229                                      # Total active cycles for level _0_0_2
             ramulator.busy_cycles_0_0_2              602229                                      # (All-bank refresh only. busy cycles only include refresh time in rank level) The sum of cycles that the DRAM part is active or under refresh for level _0_0_2
        ramulator.serving_requests_0_0_2              752978                                      # The sum of read and write requests that are served in this DRAM element per memory cycle for level _0_0_2
ramulator.average_serving_requests_0_0_2            0.267493                                      # The average of read and write requests that are served in this DRAM element per memory cycle for level _0_0_2
         ramulator.active_cycles_0_0_2_0              166572                                      # Total active cycles for level _0_0_2_0
           ramulator.busy_cycles_0_0_2_0              166572                                      # (All-bank refresh only. busy cycles only include refresh time in rank level) The sum of cycles that the DRAM part is active or under refresh for level _0_0_2_0
      ramulator.serving_requests_0_0_2_0              178233                                      # The sum of read and write requests that are served in this DRAM element per memory cycle for level _0_0_2_0
ramulator.average_serving_requests_0_0_2_0            0.063317                                      # The average of read and write requests that are served in this DRAM element per memory cycle for level _0_0_2_0
         ramulator.active_cycles_0_0_2_1              151176                                      # Total active cycles for level _0_0_2_1
           ramulator.busy_cycles_0_0_2_1              151176                                      # (All-bank refresh only. busy cycles only include refresh time in rank level) The sum of cycles that the DRAM part is active or under refresh for level _0_0_2_1
      ramulator.serving_requests_0_0_2_1              165360                                      # The sum of read and write requests that are served in this DRAM element per memory cycle for level _0_0_2_1
ramulator.average_serving_requests_0_0_2_1            0.058744                                      # The average of read and write requests that are served in this DRAM element per memory cycle for level _0_0_2_1
         ramulator.active_cycles_0_0_2_2              167393                                      # Total active cycles for level _0_0_2_2
           ramulator.busy_cycles_0_0_2_2              167393                                      # (All-bank refresh only. busy cycles only include refresh time in rank level) The sum of cycles that the DRAM part is active or under refresh for level _0_0_2_2
      ramulator.serving_requests_0_0_2_2              180257                                      # The sum of read and write requests that are served in this DRAM element per memory cycle for level _0_0_2_2
ramulator.average_serving_requests_0_0_2_2            0.064036                                      # The average of read and write requests that are served in this DRAM element per memory cycle for level _0_0_2_2
         ramulator.active_cycles_0_0_2_3              215963                                      # Total active cycles for level _0_0_2_3
           ramulator.busy_cycles_0_0_2_3              215963                                      # (All-bank refresh only. busy cycles only include refresh time in rank level) The sum of cycles that the DRAM part is active or under refresh for level _0_0_2_3
      ramulator.serving_requests_0_0_2_3              229114                                      # The sum of read and write requests that are served in this DRAM element per memory cycle for level _0_0_2_3
ramulator.average_serving_requests_0_0_2_3            0.081392                                      # The average of read and write requests that are served in this DRAM element per memory cycle for level _0_0_2_3
           ramulator.active_cycles_0_0_3              623556                                      # Total active cycles for level _0_0_3
             ramulator.busy_cycles_0_0_3              623556                                      # (All-bank refresh only. busy cycles only include refresh time in rank level) The sum of cycles that the DRAM part is active or under refresh for level _0_0_3
        ramulator.serving_requests_0_0_3              767096                                      # The sum of read and write requests that are served in this DRAM element per memory cycle for level _0_0_3
ramulator.average_serving_requests_0_0_3            0.272509                                      # The average of read and write requests that are served in this DRAM element per memory cycle for level _0_0_3
         ramulator.active_cycles_0_0_3_0              141428                                      # Total active cycles for level _0_0_3_0
           ramulator.busy_cycles_0_0_3_0              141428                                      # (All-bank refresh only. busy cycles only include refresh time in rank level) The sum of cycles that the DRAM part is active or under refresh for level _0_0_3_0
      ramulator.serving_requests_0_0_3_0              152323                                      # The sum of read and write requests that are served in this DRAM element per memory cycle for level _0_0_3_0
ramulator.average_serving_requests_0_0_3_0            0.054112                                      # The average of read and write requests that are served in this DRAM element per memory cycle for level _0_0_3_0
         ramulator.active_cycles_0_0_3_1              179838                                      # Total active cycles for level _0_0_3_1
           ramulator.busy_cycles_0_0_3_1              179838                                      # (All-bank refresh only. busy cycles only include refresh time in rank level) The sum of cycles that the DRAM part is active or under refresh for level _0_0_3_1
      ramulator.serving_requests_0_0_3_1              196746                                      # The sum of read and write requests that are served in this DRAM element per memory cycle for level _0_0_3_1
ramulator.average_serving_requests_0_0_3_1            0.069893                                      # The average of read and write requests that are served in this DRAM element per memory cycle for level _0_0_3_1
         ramulator.active_cycles_0_0_3_2              214975                                      # Total active cycles for level _0_0_3_2
           ramulator.busy_cycles_0_0_3_2              214975                                      # (All-bank refresh only. busy cycles only include refresh time in rank level) The sum of cycles that the DRAM part is active or under refresh for level _0_0_3_2
      ramulator.serving_requests_0_0_3_2              230462                                      # The sum of read and write requests that are served in this DRAM element per memory cycle for level _0_0_3_2
ramulator.average_serving_requests_0_0_3_2            0.081871                                      # The average of read and write requests that are served in this DRAM element per memory cycle for level _0_0_3_2
         ramulator.active_cycles_0_0_3_3              172787                                      # Total active cycles for level _0_0_3_3
           ramulator.busy_cycles_0_0_3_3              172787                                      # (All-bank refresh only. busy cycles only include refresh time in rank level) The sum of cycles that the DRAM part is active or under refresh for level _0_0_3_3
      ramulator.serving_requests_0_0_3_3              187565                                      # The sum of read and write requests that are served in this DRAM element per memory cycle for level _0_0_3_3
ramulator.average_serving_requests_0_0_3_3            0.066632                                      # The average of read and write requests that are served in this DRAM element per memory cycle for level _0_0_3_3
      ramulator.read_transaction_bytes_0             6026816                                      # The total byte of read transaction per channel
     ramulator.write_transaction_bytes_0             4790976                                      # The total byte of write transaction per channel
       ramulator.row_hits_channel_0_core              145822                                      # Number of row hits per channel per core
     ramulator.row_misses_channel_0_core                4558                                      # Number of row misses per channel per core
  ramulator.row_conflicts_channel_0_core               18648                                      # Number of row conflicts per channel per core
  ramulator.read_row_hits_channel_0_core               81353                                      # Number of row hits for read requests per channel per core
                                     [0]             81353.0                                      # 
ramulator.read_row_misses_channel_0_core                1999                                      # Number of row misses for read requests per channel per core
                                     [0]              1999.0                                      # 
ramulator.read_row_conflicts_channel_0_core               10817                                      # Number of row conflicts for read requests per channel per core
                                     [0]             10817.0                                      # 
 ramulator.write_row_hits_channel_0_core               64469                                      # Number of row hits for write requests per channel per core
                                     [0]             64469.0                                      # 
ramulator.write_row_misses_channel_0_core                2559                                      # Number of row misses for write requests per channel per core
                                     [0]              2559.0                                      # 
ramulator.write_row_conflicts_channel_0_core                7831                                      # Number of row conflicts for write requests per channel per core
                                     [0]              7831.0                                      # 
      ramulator.useless_activates_0_core                  52                                      # Number of useless activations. E.g, ACT -> PRE w/o RD or WR
            ramulator.read_latency_avg_0           60.293334                                      # The average memory latency cycles (in memory time domain) per request for all read requests in this channel
            ramulator.read_latency_sum_0             5677763                                      # The memory latency cycles (in memory time domain) sum for all read requests in this channel
        ramulator.req_queue_length_avg_0           15.873449                                      # Average of read and write queue length per memory cycle per channel.
        ramulator.req_queue_length_sum_0            44682822                                      # Sum of read and write queue length per memory cycle per channel.
   ramulator.read_req_queue_length_avg_0            1.940300                                      # Read queue length average per memory cycle per channel.
   ramulator.read_req_queue_length_sum_0             5461829                                      # Read queue length sum per memory cycle per channel.
  ramulator.write_req_queue_length_avg_0           13.933149                                      # Write queue length average per memory cycle per channel.
  ramulator.write_req_queue_length_sum_0            39220993                                      # Write queue length sum per memory cycle per channel.
              ramulator.record_read_hits                 0.0                                      # record read hit count for this core when it reaches request limit or to the end
                                     [0]                 0.0                                      # 
            ramulator.record_read_misses                 0.0                                      # record_read_miss count for this core when it reaches request limit or to the end
                                     [0]                 0.0                                      # 
         ramulator.record_read_conflicts                 0.0                                      # record read conflict count for this core when it reaches request limit or to the end
                                     [0]                 0.0                                      # 
             ramulator.record_write_hits                 0.0                                      # record write hit count for this core when it reaches request limit or to the end
                                     [0]                 0.0                                      # 
           ramulator.record_write_misses                 0.0                                      # record write miss count for this core when it reaches request limit or to the end
                                     [0]                 0.0                                      # 
        ramulator.record_write_conflicts                 0.0                                      # record write conflict for this core when it reaches request limit or to the end
                                     [0]                 0.0                                      # 
                 ramulator.dram_capacity          8589934592                                      # Number of bytes in simulated DRAM
                   ramulator.dram_cycles             2814941                                      # Number of DRAM cycles simulated
             ramulator.incoming_requests              169040                                      # Number of incoming requests to DRAM
                 ramulator.read_requests               94169                                      # Number of incoming read requests to DRAM per core
                                     [0]             94169.0                                      # 
                ramulator.write_requests               74871                                      # Number of incoming write requests to DRAM per core
                                     [0]             74871.0                                      # 
       ramulator.ramulator_active_cycles             1513184                                      # The total number of cycles that the DRAM part is active (serving R/W)
 ramulator.incoming_requests_per_channel            169040.0                                      # Number of incoming requests to each DRAM channel
                                     [0]            169040.0                                      # 
ramulator.incoming_read_reqs_per_channel             94169.0                                      # Number of incoming read requests to each DRAM channel
                                     [0]             94169.0                                      # 
     ramulator.physical_page_replacement                   0                                      # The number of times that physical page replacement happens.
             ramulator.maximum_bandwidth         19200000000                                      # The theoretical maximum bandwidth (Bps)
          ramulator.in_queue_req_num_sum            44682822                                      # Sum of read/write queue length
     ramulator.in_queue_read_req_num_sum             5461829                                      # Sum of read queue length
    ramulator.in_queue_write_req_num_sum            39220993                                      # Sum of write queue length
          ramulator.in_queue_req_num_avg           15.873449                                      # Average of read/write queue length per memory cycle
     ramulator.in_queue_read_req_num_avg            1.940300                                      # Average of read queue length per memory cycle
    ramulator.in_queue_write_req_num_avg           13.933149                                      # Average of write queue length per memory cycle
          ramulator.record_read_requests                 0.0                                      # record read requests for this core when it reaches request limit or to the end
                                     [0]                 0.0                                      # 
         ramulator.record_write_requests                 0.0                                      # record write requests for this core when it reaches request limit or to the end
                                     [0]                 0.0                                      # 
