/* -*- Mode: c -*- */
####################################################################################################
Core 0
####################################################################################################
Cumulative:        Cycles: 7506508               Instructions: 30000000              IPC: 3.99653

DCACHE_PREF_HIT                                      0                              0              

IFETCH_WB_FIRST_SCHEDULE                             0         -nan%                0         -nan%
PREFETCH_LAST_SCHEDULE                               0         -nan%                0         -nan%
DEMAND_PASS_PREF_SCHEDULE                            0         -nan%                0         -nan%
DEMAND_PASS_LOW_OP_SCHEDULE                          0         -nan%                0         -nan%
DEMAND_LAST_SCHEDULE                                 0         -nan%                0         -nan%
                                                     0         -nan%                0         -nan%
                                                  -nan         -nan              -nan         -nan

SEND_MISS_REQ_QUEUE                              95643                          95643              

L1_DATA_EVICT                                    79258                          79258              

STREAM_BUFFER_REQ                                    0                              0              

PREF_SEND_TO_MEM_REQ                                 0         -nan%                0         -nan%
PREF_SEND_TO_MEM_REQ_FAIL                            0         -nan%                0         -nan%
                                                     0         -nan%                0         -nan%
                                                  -nan         -nan              -nan         -nan

HIT_TRAIN_STREAM                                 97681       98.429%            97681       98.429%
MISS_TRAIN_STREAM                                 1559        1.571%             1559        1.571%
                                                 99240      100.000%            99240      100.000%
                                                  0.02         0.12              0.02         0.12

STREAM_TRAIN_CREATE                                924                            924              

MEM_REQ_MISS_HWP_PREF_Q                              0         -nan%                0         -nan%
MEM_REQ_MISS_SW_PREF_Q                               0         -nan%                0         -nan%
MEM_REQ_MISS_IFETCH_Q                                0         -nan%                0         -nan%
MEM_REQ_MISS_DFETCH_Q                                0         -nan%                0         -nan%
MEM_REQ_MISS_DSTORE_Q                                0         -nan%                0         -nan%
MEM_REQ_MISS_DPRF_Q                                  0         -nan%                0         -nan%
MEM_REQ_MISS_WB_Q                                    0         -nan%                0         -nan%
                                                     0         -nan%                0         -nan%
                                                  -nan         -nan              -nan         -nan

PREF_HIT_BY_DEMAND_IFETCH                            0         -nan%                0         -nan%
PREF_HIT_BY_DEMAND_DFETCH                            0         -nan%                0         -nan%
PREF_HIT_BY_DEMAND_DSTORE                            0         -nan%                0         -nan%
PREF_HIT_BY_DEMAND_IPREF                             0         -nan%                0         -nan%
PREF_HIT_BY_DEMAND_DPRF                              0         -nan%                0         -nan%
PREF_HIT_BY_DEMAND_WB                                0         -nan%                0         -nan%
PREF_HIT_BY_PREF                                     0         -nan%                0         -nan%
                                                     0         -nan%                0         -nan%
                                                  -nan         -nan              -nan         -nan

PREF_HIT_DEMAND_IFETCH                               0         -nan%                0         -nan%
PREF_HIT_DEMAND_DFETCH                               0         -nan%                0         -nan%
PREF_HIT_DEMAND_DSTORE                               0         -nan%                0         -nan%
PREF_HIT_DEMAND_IPREF                                0         -nan%                0         -nan%
PREF_HIT_DEMAND_DPRF                                 0         -nan%                0         -nan%
PREF_HIT_DEMAND_WB                                   0         -nan%                0         -nan%
                                                     0         -nan%                0         -nan%
                                                  -nan         -nan              -nan         -nan

PREF_L1_FILL                                         0         -nan%                0         -nan%
DEMAND_L1_FILL                                       0         -nan%                0         -nan%
                                                     0         -nan%                0         -nan%
                                                  -nan         -nan              -nan         -nan

TOUCH_L1_REPLACE                                     0        0.000%                0        0.000%
NO_TOUCH_L1_REPLACE                              79258      100.000%            79258      100.000%
                                                 79258      100.000%            79258      100.000%
                                                  1.00         1.00              1.00         1.00

PREF_REQ_QUE_FULL                                    0                              0              

STREAM_REQ_QUEUE_HIT_BY_DEMAND                       0                              0              

L2HIT_STREAM_PREF_REQ_QUE_FULL                       0                              0              

L2HIT_HIT_TRAIN_STREAM                               0         -nan%                0         -nan%
L2HIT_MISS_TRAIN_STREAM                              0         -nan%                0         -nan%
                                                     0         -nan%                0         -nan%
                                                  -nan         -nan              -nan         -nan

L2HIT_STREAM_TRAIN_CREATE                            0                              0              

L2HIT_STREAM_BUFFER_REQ                              0                              0              

L2HIT_STREAM_PREF_DCACHE_HIT                         0         -nan%                0         -nan%
L2HIT_STREAM_PREF_DCACHE_INSERT                      0         -nan%                0         -nan%
L2HIT_STREAM_L2_MISS                                 0         -nan%                0         -nan%
                                                     0         -nan%                0         -nan%
                                                  -nan         -nan              -nan         -nan

L2HIT_STREAM_DCACHE_PORT_FULL                        0                              0              

L2HIT_STREAM_PREF_L1_PORT_FULL                       0                              0              

L2HIT_TRAIN_HIT_DEMAND                               0         -nan%                0         -nan%
L2HIT_TRAIN_MISS_REQ                                 0         -nan%                0         -nan%
                                                     0         -nan%                0         -nan%
                                                  -nan         -nan              -nan         -nan

L2HIT_TRAIN_FILTER_MISS                              0         -nan%                0         -nan%
L2HIT_TRAIN_FILTER_HIT                               0         -nan%                0         -nan%
                                                     0         -nan%                0         -nan%
                                                  -nan         -nan              -nan         -nan

L2HIT_PREF_REQ_DCACHE_HIT                            0         -nan%                0         -nan%
L2HIT_PREF_REQ_DCACHE_MISS                           0         -nan%                0         -nan%
                                                     0         -nan%                0         -nan%
                                                  -nan         -nan              -nan         -nan

L2HIT_L2SEND_Q_FULL                                  0         -nan%                0         -nan%
L2HIT_L2SEND_Q_ENTER                                 0         -nan%                0         -nan%
                                                     0         -nan%                0         -nan%
                                                  -nan         -nan              -nan         -nan

L2HIT_MEM_REQ                                        0                              0              

REMOVE_REDUNDANT_STREAM_STAT                         0                              0              

REPLACE_OLD_STREAM                                 908                            908              

REQ_SEND_QUEUE_STALL                                 0                              0              

STREAM_ENTER_RA                                      0                              0              

CORE_STREAM_LENGTH_0                                 8        6.400%                8        6.400%
CORE_STREAM_LENGTH_10                               11        8.800%               11        8.800%
CORE_STREAM_LENGTH_20                               21       16.800%               21       16.800%
CORE_STREAM_LENGTH_30                               29       23.200%               29       23.200%
CORE_STREAM_LENGTH_40                                4        3.200%                4        3.200%
CORE_STREAM_LENGTH_50                               10        8.000%               10        8.000%
CORE_STREAM_LENGTH_60                                4        3.200%                4        3.200%
CORE_STREAM_LENGTH_70                                2        1.600%                2        1.600%
CORE_STREAM_LENGTH_80                                5        4.000%                5        4.000%
CORE_STREAM_LENGTH_90                                4        3.200%                4        3.200%
CORE_STREAM_LENGTH_100_P                            27       21.600%               27       21.600%
                                                   125      100.000%              125      100.000%
                                                  4.72         3.91              4.72         3.91

CORE_CUM_STREAM_LENGTH_0                            44        0.045%               44        0.045%
CORE_CUM_STREAM_LENGTH_10                          162        0.167%              162        0.167%
CORE_CUM_STREAM_LENGTH_20                          511        0.527%              511        0.527%
CORE_CUM_STREAM_LENGTH_30                          999        1.030%              999        1.030%
CORE_CUM_STREAM_LENGTH_40                          170        0.175%              170        0.175%
CORE_CUM_STREAM_LENGTH_50                          544        0.561%              544        0.561%
CORE_CUM_STREAM_LENGTH_60                          270        0.278%              270        0.278%
CORE_CUM_STREAM_LENGTH_70                          147        0.152%              147        0.152%
CORE_CUM_STREAM_LENGTH_80                          426        0.439%              426        0.439%
CORE_CUM_STREAM_LENGTH_90                          368        0.379%              368        0.379%
CORE_CUM_STREAM_LENGTH_100_P                     93381       96.247%            93381       96.247%
                                                 97022      100.000%            97022      100.000%
                                                  9.80         9.68              9.80         9.68

CORE_STREAM_TRAIN_HITS_0                            18       14.400%               18       14.400%
CORE_STREAM_TRAIN_HITS_10                           30       24.000%               30       24.000%
CORE_STREAM_TRAIN_HITS_20                           17       13.600%               17       13.600%
CORE_STREAM_TRAIN_HITS_30                            7        5.600%                7        5.600%
CORE_STREAM_TRAIN_HITS_40                            2        1.600%                2        1.600%
CORE_STREAM_TRAIN_HITS_50                            5        4.000%                5        4.000%
CORE_STREAM_TRAIN_HITS_60                            2        1.600%                2        1.600%
CORE_STREAM_TRAIN_HITS_70                            5        4.000%                5        4.000%
CORE_STREAM_TRAIN_HITS_80                            1        0.800%                1        0.800%
CORE_STREAM_TRAIN_HITS_90                            0        0.000%                0        0.000%
CORE_STREAM_TRAIN_HITS_100_P                        38       30.400%               38       30.400%
                                                   125      100.000%              125      100.000%
                                                  4.42         4.44              4.42         4.44

CORE_CUM_STREAM_TRAIN_HITS_0                       116        0.118%              116        0.118%
CORE_CUM_STREAM_TRAIN_HITS_10                      447        0.455%              447        0.455%
CORE_CUM_STREAM_TRAIN_HITS_20                      366        0.373%              366        0.373%
CORE_CUM_STREAM_TRAIN_HITS_30                      253        0.258%              253        0.258%
CORE_CUM_STREAM_TRAIN_HITS_40                       83        0.085%               83        0.085%
CORE_CUM_STREAM_TRAIN_HITS_50                      265        0.270%              265        0.270%
CORE_CUM_STREAM_TRAIN_HITS_60                      125        0.127%              125        0.127%
CORE_CUM_STREAM_TRAIN_HITS_70                      384        0.391%              384        0.391%
CORE_CUM_STREAM_TRAIN_HITS_80                       80        0.081%               80        0.081%
CORE_CUM_STREAM_TRAIN_HITS_90                        0        0.000%                0        0.000%
CORE_CUM_STREAM_TRAIN_HITS_100_P                 96062       97.842%            96062       97.842%
                                                 98181      100.000%            98181      100.000%
                                                  9.86         9.80              9.86         9.80

CORE_STREAM_TRAIN_CREATE                           924                            924              



