/* -*- Mode: c -*- */
####################################################################################################
Core 0
####################################################################################################
Cumulative:        Cycles: 36104871              Instructions: 30000000              IPC: 0.83091

ST_OP_INV                                            0        0.000%                0        0.000%
ST_OP_NOP                                            0        0.000%                0        0.000%
ST_OP_CF                                       4167244       12.656%          4167244       12.656%
ST_OP_MOV                                      3279025        9.959%          3279025        9.959%
ST_OP_CMOV                                           0        0.000%                0        0.000%
ST_OP_LDA                                      2055762        6.243%          2055762        6.243%
ST_OP_IMEM                                    15987243       48.554%         15987243       48.554%
ST_OP_IADD                                     1653240        5.021%          1653240        5.021%
ST_OP_IMUL                                           0        0.000%                0        0.000%
ST_OP_IDIV                                           0        0.000%                0        0.000%
ST_OP_ICMP                                     3327264       10.105%          3327264       10.105%
ST_OP_LOGIC                                     408288        1.240%           408288        1.240%
ST_OP_SHIFT                                    2048385        6.221%          2048385        6.221%
ST_OP_FMEM                                           0        0.000%                0        0.000%
ST_OP_FCVT                                           0        0.000%                0        0.000%
ST_OP_FADD                                           0        0.000%                0        0.000%
ST_OP_FMUL                                           0        0.000%                0        0.000%
ST_OP_FMA                                            0        0.000%                0        0.000%
ST_OP_FDIV                                           0        0.000%                0        0.000%
ST_OP_FCMP                                           0        0.000%                0        0.000%
ST_OP_FCMOV                                          0        0.000%                0        0.000%
ST_OP_GATHER                                         0        0.000%                0        0.000%
ST_OP_SCATTER                                        0        0.000%                0        0.000%
ST_OP_PIPELINED_FAST                                 0        0.000%                0        0.000%
ST_OP_PIPELINED_MEDIUM                               0        0.000%                0        0.000%
ST_OP_PIPELINED_SLOW                                 0        0.000%                0        0.000%
ST_OP_NOTPIPELINED_MEDIUM                            0        0.000%                0        0.000%
ST_OP_NOTPIPELINED_SLOW                              0        0.000%                0        0.000%
ST_OP_NOTPIPELINED_VERY_SLOW                         0        0.000%                0        0.000%
                                              32926451      100.000%         32926451      100.000%
                                                  6.02         2.68              6.02         2.68

ST_NOT_CF                                     28759207       87.344%         28759207       87.344%
ST_CF_BR                                         60719        0.184%            60719        0.184%
ST_CF_CBR                                      4045840       12.288%          4045840       12.288%
ST_CF_CALL                                       30342        0.092%            30342        0.092%
ST_CF_IBR                                            0        0.000%                0        0.000%
ST_CF_ICALL                                          0        0.000%                0        0.000%
ST_CF_ICO                                            0        0.000%                0        0.000%
ST_CF_RET                                        30343        0.092%            30343        0.092%
ST_CF_SYS                                            0        0.000%                0        0.000%
                                              32926451      100.000%         32926451      100.000%
                                                  0.26         0.65              0.26         0.65

ST_BAR_NONE                                   32926451      100.000%         32926451      100.000%
ST_BAR_FETCH                                         0        0.000%                0        0.000%
ST_BAR_ISSUE                                         0        0.000%                0        0.000%
ST_BAR_BOTH                                          0        0.000%                0        0.000%
                                              32926451      100.000%         32926451      100.000%
                                                  0.00         0.00              0.00         0.00

ST_NOT_MEM                                    16939208       51.446%         16939208       51.446%
ST_MEM_LD                                      8877474       26.962%          8877474       26.962%
ST_MEM_ST                                      7109769       21.593%          7109769       21.593%
ST_MEM_PF                                            0        0.000%                0        0.000%
ST_MEM_WH                                            0        0.000%                0        0.000%
ST_MEM_EVICT                                         0        0.000%                0        0.000%
                                              32926451      100.000%         32926451      100.000%
                                                  0.70         0.62              0.70         0.62

ST_NOT_MEM_OFFPATH                            11334786       52.573%         11334786       52.573%
ST_MEM_LD_OFFPATH                              6008302       27.868%          6008302       27.868%
ST_MEM_ST_OFFPATH                              4216863       19.559%          4216863       19.559%
ST_MEM_PF_OFFPATH                                    0        0.000%                0        0.000%
ST_MEM_WH_OFFPATH                                    0        0.000%                0        0.000%
ST_MEM_EVIC_OFFPATHT                                 0        0.000%                0        0.000%
                                              21559951      100.000%         21559951      100.000%
                                                  0.67         0.61              0.67         0.61

ST_OP_ONPATH                                  32926451                       32926451              

ST_OP_OFFPATH                                 21559951                       21559951              

ST_FAKE_OP_OFFPATH                                2226        0.010%             2226        0.010%
ST_NOT_FAKE_OP_OFFPATH                        21557725       99.990%         21557725       99.990%
                                              21559951      100.000%         21559951      100.000%
                                                  1.00         1.00              1.00         1.00

ST_FAKE_REASON_NOT_FAKE                       21557725       99.990%         21557725       99.990%
ST_FAKE_REASON_REDIRECT_TO_NOT_INSTRUMENTED          2226        0.010%             2226        0.010%
ST_FAKE_REASON_RETURN_TO_NOT_INSTRUMENTED             0        0.000%                0        0.000%
ST_FAKE_REASON_NONRET_CF_TO_NOT_INSTRUMENTED             0        0.000%                0        0.000%
ST_FAKE_REASON_NOT_TAKEN_TO_NOT_INSTRUMENTED             0        0.000%                0        0.000%
ST_FAKE_REASON_WRONG_PATH_STORE_TO_NEW_REGION             0        0.000%                0        0.000%
                                              21559951      100.000%         21559951      100.000%
                                                  0.00         0.01              0.00         0.01

ST_INST_ONPATH                                30000026                       30000026              

ST_INST_OFFPATH                               19033257                       19033257              

STATIC_PIN_NOP                                       0                              0              

DYNAMIC_PIN_REP_GREATER_256                          0                              0              



