/* -*- Mode: c -*- */
####################################################################################################
Core 0
####################################################################################################
Cumulative:        Cycles: 36104871              Instructions: 30000000              IPC: 0.83091

DCACHE_PREF_HIT                                      0                              0              

IFETCH_WB_FIRST_SCHEDULE                             0         -nan%                0         -nan%
PREFETCH_LAST_SCHEDULE                               0         -nan%                0         -nan%
DEMAND_PASS_PREF_SCHEDULE                            0         -nan%                0         -nan%
DEMAND_PASS_LOW_OP_SCHEDULE                          0         -nan%                0         -nan%
DEMAND_LAST_SCHEDULE                                 0         -nan%                0         -nan%
                                                     0         -nan%                0         -nan%
                                                  -nan         -nan              -nan         -nan

SEND_MISS_REQ_QUEUE                            2434850                        2434850              

L1_DATA_EVICT                                  2418830                        2418830              

STREAM_BUFFER_REQ                                    0                              0              

PREF_SEND_TO_MEM_REQ                                 0         -nan%                0         -nan%
PREF_SEND_TO_MEM_REQ_FAIL                            0         -nan%                0         -nan%
                                                     0         -nan%                0         -nan%
                                                  -nan         -nan              -nan         -nan

HIT_TRAIN_STREAM                               1242337       95.301%          1242337       95.301%
MISS_TRAIN_STREAM                                61255        4.699%            61255        4.699%
                                               1303592      100.000%          1303592      100.000%
                                                  0.05         0.21              0.05         0.21

STREAM_TRAIN_CREATE                              17607                          17607              

MEM_REQ_MISS_HWP_PREF_Q                              0         -nan%                0         -nan%
MEM_REQ_MISS_SW_PREF_Q                               0         -nan%                0         -nan%
MEM_REQ_MISS_IFETCH_Q                                0         -nan%                0         -nan%
MEM_REQ_MISS_DFETCH_Q                                0         -nan%                0         -nan%
MEM_REQ_MISS_DSTORE_Q                                0         -nan%                0         -nan%
MEM_REQ_MISS_DPRF_Q                                  0         -nan%                0         -nan%
MEM_REQ_MISS_WB_Q                                    0         -nan%                0         -nan%
                                                     0         -nan%                0         -nan%
                                                  -nan         -nan              -nan         -nan

PREF_HIT_BY_DEMAND_IFETCH                            0         -nan%                0         -nan%
PREF_HIT_BY_DEMAND_DFETCH                            0         -nan%                0         -nan%
PREF_HIT_BY_DEMAND_DSTORE                            0         -nan%                0         -nan%
PREF_HIT_BY_DEMAND_IPREF                             0         -nan%                0         -nan%
PREF_HIT_BY_DEMAND_DPRF                              0         -nan%                0         -nan%
PREF_HIT_BY_DEMAND_WB                                0         -nan%                0         -nan%
PREF_HIT_BY_PREF                                     0         -nan%                0         -nan%
                                                     0         -nan%                0         -nan%
                                                  -nan         -nan              -nan         -nan

PREF_HIT_DEMAND_IFETCH                               0         -nan%                0         -nan%
PREF_HIT_DEMAND_DFETCH                               0         -nan%                0         -nan%
PREF_HIT_DEMAND_DSTORE                               0         -nan%                0         -nan%
PREF_HIT_DEMAND_IPREF                                0         -nan%                0         -nan%
PREF_HIT_DEMAND_DPRF                                 0         -nan%                0         -nan%
PREF_HIT_DEMAND_WB                                   0         -nan%                0         -nan%
                                                     0         -nan%                0         -nan%
                                                  -nan         -nan              -nan         -nan

PREF_L1_FILL                                         0         -nan%                0         -nan%
DEMAND_L1_FILL                                       0         -nan%                0         -nan%
                                                     0         -nan%                0         -nan%
                                                  -nan         -nan              -nan         -nan

TOUCH_L1_REPLACE                                     0        0.000%                0        0.000%
NO_TOUCH_L1_REPLACE                            2418830      100.000%          2418830      100.000%
                                               2418830      100.000%          2418830      100.000%
                                                  1.00         1.00              1.00         1.00

PREF_REQ_QUE_FULL                                    0                              0              

STREAM_REQ_QUEUE_HIT_BY_DEMAND                       0                              0              

L2HIT_STREAM_PREF_REQ_QUE_FULL                       0                              0              

L2HIT_HIT_TRAIN_STREAM                               0         -nan%                0         -nan%
L2HIT_MISS_TRAIN_STREAM                              0         -nan%                0         -nan%
                                                     0         -nan%                0         -nan%
                                                  -nan         -nan              -nan         -nan

L2HIT_STREAM_TRAIN_CREATE                            0                              0              

L2HIT_STREAM_BUFFER_REQ                              0                              0              

L2HIT_STREAM_PREF_DCACHE_HIT                         0         -nan%                0         -nan%
L2HIT_STREAM_PREF_DCACHE_INSERT                      0         -nan%                0         -nan%
L2HIT_STREAM_L2_MISS                                 0         -nan%                0         -nan%
                                                     0         -nan%                0         -nan%
                                                  -nan         -nan              -nan         -nan

L2HIT_STREAM_DCACHE_PORT_FULL                        0                              0              

L2HIT_STREAM_PREF_L1_PORT_FULL                       0                              0              

L2HIT_TRAIN_HIT_DEMAND                               0         -nan%                0         -nan%
L2HIT_TRAIN_MISS_REQ                                 0         -nan%                0         -nan%
                                                     0         -nan%                0         -nan%
                                                  -nan         -nan              -nan         -nan

L2HIT_TRAIN_FILTER_MISS                              0         -nan%                0         -nan%
L2HIT_TRAIN_FILTER_HIT                               0         -nan%                0         -nan%
                                                     0         -nan%                0         -nan%
                                                  -nan         -nan              -nan         -nan

L2HIT_PREF_REQ_DCACHE_HIT                            0         -nan%                0         -nan%
L2HIT_PREF_REQ_DCACHE_MISS                           0         -nan%                0         -nan%
                                                     0         -nan%                0         -nan%
                                                  -nan         -nan              -nan         -nan

L2HIT_L2SEND_Q_FULL                                  0         -nan%                0         -nan%
L2HIT_L2SEND_Q_ENTER                                 0         -nan%                0         -nan%
                                                     0         -nan%                0         -nan%
                                                  -nan         -nan              -nan         -nan

L2HIT_MEM_REQ                                        0                              0              

REMOVE_REDUNDANT_STREAM_STAT                         0                              0              

REPLACE_OLD_STREAM                               17591                          17591              

REQ_SEND_QUEUE_STALL                                 0                              0              

STREAM_ENTER_RA                                      0                              0              

CORE_STREAM_LENGTH_0                               968        9.300%              968        9.300%
CORE_STREAM_LENGTH_10                             5003       48.064%             5003       48.064%
CORE_STREAM_LENGTH_20                             1731       16.630%             1731       16.630%
CORE_STREAM_LENGTH_30                              806        7.743%              806        7.743%
CORE_STREAM_LENGTH_40                              410        3.939%              410        3.939%
CORE_STREAM_LENGTH_50                              224        2.152%              224        2.152%
CORE_STREAM_LENGTH_60                              238        2.286%              238        2.286%
CORE_STREAM_LENGTH_70                              151        1.451%              151        1.451%
CORE_STREAM_LENGTH_80                              102        0.980%              102        0.980%
CORE_STREAM_LENGTH_90                               84        0.807%               84        0.807%
CORE_STREAM_LENGTH_100_P                           692        6.648%              692        6.648%
                                                 10409      100.000%            10409      100.000%
                                                  2.37         2.59              2.37         2.59

CORE_CUM_STREAM_LENGTH_0                          7363        0.243%             7363        0.243%
CORE_CUM_STREAM_LENGTH_10                        63549        2.101%            63549        2.101%
CORE_CUM_STREAM_LENGTH_20                        40910        1.353%            40910        1.353%
CORE_CUM_STREAM_LENGTH_30                        27150        0.898%            27150        0.898%
CORE_CUM_STREAM_LENGTH_40                        18010        0.596%            18010        0.596%
CORE_CUM_STREAM_LENGTH_50                        12147        0.402%            12147        0.402%
CORE_CUM_STREAM_LENGTH_60                        15550        0.514%            15550        0.514%
CORE_CUM_STREAM_LENGTH_70                        11211        0.371%            11211        0.371%
CORE_CUM_STREAM_LENGTH_80                         8607        0.285%             8607        0.285%
CORE_CUM_STREAM_LENGTH_90                         7908        0.261%             7908        0.261%
CORE_CUM_STREAM_LENGTH_100_P                   2811910       92.977%          2811910       92.977%
                                               3024315      100.000%          3024315      100.000%
                                                  9.52         9.35              9.52         9.35

CORE_STREAM_TRAIN_HITS_0                          7729       74.253%             7729       74.253%
CORE_STREAM_TRAIN_HITS_10                         1481       14.228%             1481       14.228%
CORE_STREAM_TRAIN_HITS_20                          429        4.121%              429        4.121%
CORE_STREAM_TRAIN_HITS_30                          207        1.989%              207        1.989%
CORE_STREAM_TRAIN_HITS_40                           93        0.893%               93        0.893%
CORE_STREAM_TRAIN_HITS_50                           55        0.528%               55        0.528%
CORE_STREAM_TRAIN_HITS_60                           44        0.423%               44        0.423%
CORE_STREAM_TRAIN_HITS_70                           36        0.346%               36        0.346%
CORE_STREAM_TRAIN_HITS_80                           22        0.211%               22        0.211%
CORE_STREAM_TRAIN_HITS_90                           11        0.106%               11        0.106%
CORE_STREAM_TRAIN_HITS_100_P                       302        2.901%              302        2.901%
                                                 10409      100.000%            10409      100.000%
                                                  0.71         1.83              0.71         1.83

CORE_CUM_STREAM_TRAIN_HITS_0                     48213        3.755%            48213        3.755%
CORE_CUM_STREAM_TRAIN_HITS_10                    19182        1.494%            19182        1.494%
CORE_CUM_STREAM_TRAIN_HITS_20                    10119        0.788%            10119        0.788%
CORE_CUM_STREAM_TRAIN_HITS_30                     6983        0.544%             6983        0.544%
CORE_CUM_STREAM_TRAIN_HITS_40                     4050        0.315%             4050        0.315%
CORE_CUM_STREAM_TRAIN_HITS_50                     3022        0.235%             3022        0.235%
CORE_CUM_STREAM_TRAIN_HITS_60                     2821        0.220%             2821        0.220%
CORE_CUM_STREAM_TRAIN_HITS_70                     2710        0.211%             2710        0.211%
CORE_CUM_STREAM_TRAIN_HITS_80                     1874        0.146%             1874        0.146%
CORE_CUM_STREAM_TRAIN_HITS_90                     1039        0.081%             1039        0.081%
CORE_CUM_STREAM_TRAIN_HITS_100_P               1183960       92.211%          1183960       92.211%
                                               1283973      100.000%          1283973      100.000%
                                                  9.34         9.09              9.34         9.09

CORE_STREAM_TRAIN_CREATE                         17607                          17607              



