/* -*- Mode: c -*- */
####################################################################################################
Core 0
####################################################################################################
Cumulative:        Cycles: 7524612               Instructions: 30000000              IPC: 3.98692

ST_OP_INV                                            0        0.000%                0        0.000%
ST_OP_NOP                                         3219        0.009%             3219        0.009%
ST_OP_CF                                       1478447        4.089%          1478447        4.089%
ST_OP_MOV                                        43744        0.121%            43744        0.121%
ST_OP_CMOV                                     4214548       11.655%          4214548       11.655%
ST_OP_LDA                                        19993        0.055%            19993        0.055%
ST_OP_IMEM                                    18072152       49.978%         18072152       49.978%
ST_OP_IADD                                     6631721       18.340%          6631721       18.340%
ST_OP_IMUL                                           5        0.000%                5        0.000%
ST_OP_IDIV                                           0        0.000%                0        0.000%
ST_OP_ICMP                                     5661307       15.656%          5661307       15.656%
ST_OP_LOGIC                                      25423        0.070%            25423        0.070%
ST_OP_SHIFT                                        783        0.002%              783        0.002%
ST_OP_FMEM                                        3742        0.010%             3742        0.010%
ST_OP_FCVT                                         161        0.000%              161        0.000%
ST_OP_FADD                                         226        0.001%              226        0.001%
ST_OP_FMUL                                         153        0.000%              153        0.000%
ST_OP_FMA                                          154        0.000%              154        0.000%
ST_OP_FDIV                                          19        0.000%               19        0.000%
ST_OP_FCMP                                         173        0.000%              173        0.000%
ST_OP_FCMOV                                          0        0.000%                0        0.000%
ST_OP_GATHER                                         0        0.000%                0        0.000%
ST_OP_SCATTER                                        0        0.000%                0        0.000%
ST_OP_PIPELINED_FAST                              2220        0.006%             2220        0.006%
ST_OP_PIPELINED_MEDIUM                               0        0.000%                0        0.000%
ST_OP_PIPELINED_SLOW                                 0        0.000%                0        0.000%
ST_OP_NOTPIPELINED_MEDIUM                         1980        0.005%             1980        0.005%
ST_OP_NOTPIPELINED_SLOW                             85        0.000%               85        0.000%
ST_OP_NOTPIPELINED_VERY_SLOW                         0        0.000%                0        0.000%
                                              36160255      100.000%         36160255      100.000%
                                                  6.42         1.93              6.42         1.93

ST_NOT_CF                                     34681808       95.911%         34681808       95.911%
ST_CF_BR                                          3298        0.009%             3298        0.009%
ST_CF_CBR                                      1457634        4.031%          1457634        4.031%
ST_CF_CALL                                        6426        0.018%             6426        0.018%
ST_CF_IBR                                         4573        0.013%             4573        0.013%
ST_CF_ICALL                                         45        0.000%               45        0.000%
ST_CF_ICO                                            0        0.000%                0        0.000%
ST_CF_RET                                         6471        0.018%             6471        0.018%
ST_CF_SYS                                            0        0.000%                0        0.000%
                                              36160255      100.000%         36160255      100.000%
                                                  0.08         0.40              0.08         0.40

ST_BAR_NONE                                   36160255      100.000%         36160255      100.000%
ST_BAR_FETCH                                         0        0.000%                0        0.000%
ST_BAR_ISSUE                                         0        0.000%                0        0.000%
ST_BAR_BOTH                                          0        0.000%                0        0.000%
                                              36160255      100.000%         36160255      100.000%
                                                  0.00         0.00              0.00         0.00

ST_NOT_MEM                                    18084361       50.012%         18084361       50.012%
ST_MEM_LD                                     13324420       36.848%         13324420       36.848%
ST_MEM_ST                                      4751474       13.140%          4751474       13.140%
ST_MEM_PF                                            0        0.000%                0        0.000%
ST_MEM_WH                                            0        0.000%                0        0.000%
ST_MEM_EVICT                                         0        0.000%                0        0.000%
                                              36160255      100.000%         36160255      100.000%
                                                  0.63         0.54              0.63         0.54

ST_NOT_MEM_OFFPATH                              125532       56.517%           125532       56.517%
ST_MEM_LD_OFFPATH                                73619       33.145%            73619       33.145%
ST_MEM_ST_OFFPATH                                22962       10.338%            22962       10.338%
ST_MEM_PF_OFFPATH                                    0        0.000%                0        0.000%
ST_MEM_WH_OFFPATH                                    0        0.000%                0        0.000%
ST_MEM_EVIC_OFFPATHT                                 0        0.000%                0        0.000%
                                                222113      100.000%           222113      100.000%
                                                  0.54         0.54              0.54         0.54

ST_OP_ONPATH                                  36160255                       36160255              

ST_OP_OFFPATH                                   222113                         222113              

ST_FAKE_OP_OFFPATH                               36701       16.524%            36701       16.524%
ST_NOT_FAKE_OP_OFFPATH                          185412       83.476%           185412       83.476%
                                                222113      100.000%           222113      100.000%
                                                  0.83         0.78              0.83         0.78

ST_FAKE_REASON_NOT_FAKE                         185412       83.476%           185412       83.476%
ST_FAKE_REASON_REDIRECT_TO_NOT_INSTRUMENTED          2184        0.983%             2184        0.983%
ST_FAKE_REASON_RETURN_TO_NOT_INSTRUMENTED           858        0.386%              858        0.386%
ST_FAKE_REASON_NONRET_CF_TO_NOT_INSTRUMENTED         33659       15.154%            33659       15.154%
ST_FAKE_REASON_NOT_TAKEN_TO_NOT_INSTRUMENTED             0        0.000%                0        0.000%
ST_FAKE_REASON_WRONG_PATH_STORE_TO_NEW_REGION             0        0.000%                0        0.000%
                                                222113      100.000%           222113      100.000%
                                                  0.47         0.99              0.47         0.99

ST_INST_ONPATH                                30000215                       30000215              

ST_INST_OFFPATH                                 199909                         199909              

STATIC_PIN_NOP                                       0                              0              

DYNAMIC_PIN_REP_GREATER_256                          0                              0              



