/* -*- Mode: c -*- */
####################################################################################################
Core 0
####################################################################################################
Cumulative:        Cycles: 7524612               Instructions: 30000000              IPC: 3.98692

DCACHE_PREF_HIT                                      0                              0              

IFETCH_WB_FIRST_SCHEDULE                             0         -nan%                0         -nan%
PREFETCH_LAST_SCHEDULE                               0         -nan%                0         -nan%
DEMAND_PASS_PREF_SCHEDULE                            0         -nan%                0         -nan%
DEMAND_PASS_LOW_OP_SCHEDULE                          0         -nan%                0         -nan%
DEMAND_LAST_SCHEDULE                                 0         -nan%                0         -nan%
                                                     0         -nan%                0         -nan%
                                                  -nan         -nan              -nan         -nan

SEND_MISS_REQ_QUEUE                              91545                          91545              

L1_DATA_EVICT                                    75159                          75159              

STREAM_BUFFER_REQ                                    0                              0              

PREF_SEND_TO_MEM_REQ                                 0         -nan%                0         -nan%
PREF_SEND_TO_MEM_REQ_FAIL                            0         -nan%                0         -nan%
                                                     0         -nan%                0         -nan%
                                                  -nan         -nan              -nan         -nan

HIT_TRAIN_STREAM                                 93115       98.086%            93115       98.086%
MISS_TRAIN_STREAM                                 1817        1.914%             1817        1.914%
                                                 94932      100.000%            94932      100.000%
                                                  0.02         0.14              0.02         0.14

STREAM_TRAIN_CREATE                                935                            935              

MEM_REQ_MISS_HWP_PREF_Q                              0         -nan%                0         -nan%
MEM_REQ_MISS_SW_PREF_Q                               0         -nan%                0         -nan%
MEM_REQ_MISS_IFETCH_Q                                0         -nan%                0         -nan%
MEM_REQ_MISS_DFETCH_Q                                0         -nan%                0         -nan%
MEM_REQ_MISS_DSTORE_Q                                0         -nan%                0         -nan%
MEM_REQ_MISS_DPRF_Q                                  0         -nan%                0         -nan%
MEM_REQ_MISS_WB_Q                                    0         -nan%                0         -nan%
                                                     0         -nan%                0         -nan%
                                                  -nan         -nan              -nan         -nan

PREF_HIT_BY_DEMAND_IFETCH                            0         -nan%                0         -nan%
PREF_HIT_BY_DEMAND_DFETCH                            0         -nan%                0         -nan%
PREF_HIT_BY_DEMAND_DSTORE                            0         -nan%                0         -nan%
PREF_HIT_BY_DEMAND_IPREF                             0         -nan%                0         -nan%
PREF_HIT_BY_DEMAND_DPRF                              0         -nan%                0         -nan%
PREF_HIT_BY_DEMAND_WB                                0         -nan%                0         -nan%
PREF_HIT_BY_PREF                                     0         -nan%                0         -nan%
                                                     0         -nan%                0         -nan%
                                                  -nan         -nan              -nan         -nan

PREF_HIT_DEMAND_IFETCH                               0         -nan%                0         -nan%
PREF_HIT_DEMAND_DFETCH                               0         -nan%                0         -nan%
PREF_HIT_DEMAND_DSTORE                               0         -nan%                0         -nan%
PREF_HIT_DEMAND_IPREF                                0         -nan%                0         -nan%
PREF_HIT_DEMAND_DPRF                                 0         -nan%                0         -nan%
PREF_HIT_DEMAND_WB                                   0         -nan%                0         -nan%
                                                     0         -nan%                0         -nan%
                                                  -nan         -nan              -nan         -nan

PREF_L1_FILL                                         0         -nan%                0         -nan%
DEMAND_L1_FILL                                       0         -nan%                0         -nan%
                                                     0         -nan%                0         -nan%
                                                  -nan         -nan              -nan         -nan

TOUCH_L1_REPLACE                                     0        0.000%                0        0.000%
NO_TOUCH_L1_REPLACE                              75159      100.000%            75159      100.000%
                                                 75159      100.000%            75159      100.000%
                                                  1.00         1.00              1.00         1.00

PREF_REQ_QUE_FULL                                    0                              0              

STREAM_REQ_QUEUE_HIT_BY_DEMAND                       0                              0              

L2HIT_STREAM_PREF_REQ_QUE_FULL                       0                              0              

L2HIT_HIT_TRAIN_STREAM                               0         -nan%                0         -nan%
L2HIT_MISS_TRAIN_STREAM                              0         -nan%                0         -nan%
                                                     0         -nan%                0         -nan%
                                                  -nan         -nan              -nan         -nan

L2HIT_STREAM_TRAIN_CREATE                            0                              0              

L2HIT_STREAM_BUFFER_REQ                              0                              0              

L2HIT_STREAM_PREF_DCACHE_HIT                         0         -nan%                0         -nan%
L2HIT_STREAM_PREF_DCACHE_INSERT                      0         -nan%                0         -nan%
L2HIT_STREAM_L2_MISS                                 0         -nan%                0         -nan%
                                                     0         -nan%                0         -nan%
                                                  -nan         -nan              -nan         -nan

L2HIT_STREAM_DCACHE_PORT_FULL                        0                              0              

L2HIT_STREAM_PREF_L1_PORT_FULL                       0                              0              

L2HIT_TRAIN_HIT_DEMAND                               0         -nan%                0         -nan%
L2HIT_TRAIN_MISS_REQ                                 0         -nan%                0         -nan%
                                                     0         -nan%                0         -nan%
                                                  -nan         -nan              -nan         -nan

L2HIT_TRAIN_FILTER_MISS                              0         -nan%                0         -nan%
L2HIT_TRAIN_FILTER_HIT                               0         -nan%                0         -nan%
                                                     0         -nan%                0         -nan%
                                                  -nan         -nan              -nan         -nan

L2HIT_PREF_REQ_DCACHE_HIT                            0         -nan%                0         -nan%
L2HIT_PREF_REQ_DCACHE_MISS                           0         -nan%                0         -nan%
                                                     0         -nan%                0         -nan%
                                                  -nan         -nan              -nan         -nan

L2HIT_L2SEND_Q_FULL                                  0         -nan%                0         -nan%
L2HIT_L2SEND_Q_ENTER                                 0         -nan%                0         -nan%
                                                     0         -nan%                0         -nan%
                                                  -nan         -nan              -nan         -nan

L2HIT_MEM_REQ                                        0                              0              

REMOVE_REDUNDANT_STREAM_STAT                         0                              0              

REPLACE_OLD_STREAM                                 919                            919              

REQ_SEND_QUEUE_STALL                                 0                              0              

STREAM_ENTER_RA                                      0                              0              

CORE_STREAM_LENGTH_0                                16        8.247%               16        8.247%
CORE_STREAM_LENGTH_10                               44       22.680%               44       22.680%
CORE_STREAM_LENGTH_20                               25       12.887%               25       12.887%
CORE_STREAM_LENGTH_30                               29       14.948%               29       14.948%
CORE_STREAM_LENGTH_40                               16        8.247%               16        8.247%
CORE_STREAM_LENGTH_50                               14        7.216%               14        7.216%
CORE_STREAM_LENGTH_60                                8        4.124%                8        4.124%
CORE_STREAM_LENGTH_70                                6        3.093%                6        3.093%
CORE_STREAM_LENGTH_80                                2        1.031%                2        1.031%
CORE_STREAM_LENGTH_90                                4        2.062%                4        2.062%
CORE_STREAM_LENGTH_100_P                            30       15.464%               30       15.464%
                                                   194      100.000%              194      100.000%
                                                  3.90         3.46              3.90         3.46

CORE_CUM_STREAM_LENGTH_0                           106        0.112%              106        0.112%
CORE_CUM_STREAM_LENGTH_10                          680        0.722%              680        0.722%
CORE_CUM_STREAM_LENGTH_20                          643        0.682%              643        0.682%
CORE_CUM_STREAM_LENGTH_30                          998        1.059%              998        1.059%
CORE_CUM_STREAM_LENGTH_40                          702        0.745%              702        0.745%
CORE_CUM_STREAM_LENGTH_50                          751        0.797%              751        0.797%
CORE_CUM_STREAM_LENGTH_60                          538        0.571%              538        0.571%
CORE_CUM_STREAM_LENGTH_70                          434        0.461%              434        0.461%
CORE_CUM_STREAM_LENGTH_80                          161        0.171%              161        0.171%
CORE_CUM_STREAM_LENGTH_90                          370        0.393%              370        0.393%
CORE_CUM_STREAM_LENGTH_100_P                     88858       94.288%            88858       94.288%
                                                 94241      100.000%            94241      100.000%
                                                  9.67         9.49              9.67         9.49

CORE_STREAM_TRAIN_HITS_0                            48       24.742%               48       24.742%
CORE_STREAM_TRAIN_HITS_10                           35       18.041%               35       18.041%
CORE_STREAM_TRAIN_HITS_20                           22       11.340%               22       11.340%
CORE_STREAM_TRAIN_HITS_30                           18        9.278%               18        9.278%
CORE_STREAM_TRAIN_HITS_40                           14        7.216%               14        7.216%
CORE_STREAM_TRAIN_HITS_50                            4        2.062%                4        2.062%
CORE_STREAM_TRAIN_HITS_60                            2        1.031%                2        1.031%
CORE_STREAM_TRAIN_HITS_70                            2        1.031%                2        1.031%
CORE_STREAM_TRAIN_HITS_80                            6        3.093%                6        3.093%
CORE_STREAM_TRAIN_HITS_90                            2        1.031%                2        1.031%
CORE_STREAM_TRAIN_HITS_100_P                        41       21.134%               41       21.134%
                                                   194      100.000%              194      100.000%
                                                  3.66         3.76              3.66         3.76

CORE_CUM_STREAM_TRAIN_HITS_0                       327        0.348%              327        0.348%
CORE_CUM_STREAM_TRAIN_HITS_10                      505        0.538%              505        0.538%
CORE_CUM_STREAM_TRAIN_HITS_20                      530        0.564%              530        0.564%
CORE_CUM_STREAM_TRAIN_HITS_30                      626        0.667%              626        0.667%
CORE_CUM_STREAM_TRAIN_HITS_40                      612        0.652%              612        0.652%
CORE_CUM_STREAM_TRAIN_HITS_50                      228        0.243%              228        0.243%
CORE_CUM_STREAM_TRAIN_HITS_60                      124        0.132%              124        0.132%
CORE_CUM_STREAM_TRAIN_HITS_70                      155        0.165%              155        0.165%
CORE_CUM_STREAM_TRAIN_HITS_80                      500        0.533%              500        0.533%
CORE_CUM_STREAM_TRAIN_HITS_90                      189        0.201%              189        0.201%
CORE_CUM_STREAM_TRAIN_HITS_100_P                 90095       95.957%            90095       95.957%
                                                 93891      100.000%            93891      100.000%
                                                  9.75         9.63              9.75         9.63

CORE_STREAM_TRAIN_CREATE                           935                            935              



