/* -*- Mode: c -*- */
####################################################################################################
Core 0
####################################################################################################
Cumulative:        Cycles: 19797459              Instructions: 30000000              IPC: 1.51535

ST_OP_INV                                            0        0.000%                0        0.000%
ST_OP_NOP                                        12124        0.036%            12124        0.036%
ST_OP_CF                                       5492021       16.218%          5492021       16.218%
ST_OP_MOV                                      2712889        8.011%          2712889        8.011%
ST_OP_CMOV                                       86528        0.256%            86528        0.256%
ST_OP_LDA                                      4805139       14.189%          4805139       14.189%
ST_OP_IMEM                                    12279106       36.260%         12279106       36.260%
ST_OP_IADD                                     3899858       11.516%          3899858       11.516%
ST_OP_IMUL                                           0        0.000%                0        0.000%
ST_OP_IDIV                                           0        0.000%                0        0.000%
ST_OP_ICMP                                     4059853       11.989%          4059853       11.989%
ST_OP_LOGIC                                     411454        1.215%           411454        1.215%
ST_OP_SHIFT                                     105145        0.310%           105145        0.310%
ST_OP_FMEM                                           0        0.000%                0        0.000%
ST_OP_FCVT                                           0        0.000%                0        0.000%
ST_OP_FADD                                           0        0.000%                0        0.000%
ST_OP_FMUL                                           0        0.000%                0        0.000%
ST_OP_FMA                                            0        0.000%                0        0.000%
ST_OP_FDIV                                           0        0.000%                0        0.000%
ST_OP_FCMP                                           0        0.000%                0        0.000%
ST_OP_FCMOV                                          0        0.000%                0        0.000%
ST_OP_GATHER                                         0        0.000%                0        0.000%
ST_OP_SCATTER                                        0        0.000%                0        0.000%
ST_OP_PIPELINED_FAST                                 0        0.000%                0        0.000%
ST_OP_PIPELINED_MEDIUM                               0        0.000%                0        0.000%
ST_OP_PIPELINED_SLOW                                 0        0.000%                0        0.000%
ST_OP_NOTPIPELINED_MEDIUM                            0        0.000%                0        0.000%
ST_OP_NOTPIPELINED_SLOW                              0        0.000%                0        0.000%
ST_OP_NOTPIPELINED_VERY_SLOW                         0        0.000%                0        0.000%
                                              33864117      100.000%         33864117      100.000%
                                                  5.64         2.41              5.64         2.41

ST_NOT_CF                                     28372096       83.782%         28372096       83.782%
ST_CF_BR                                        454482        1.342%           454482        1.342%
ST_CF_CBR                                      4587912       13.548%          4587912       13.548%
ST_CF_CALL                                      224813        0.664%           224813        0.664%
ST_CF_IBR                                            0        0.000%                0        0.000%
ST_CF_ICALL                                          0        0.000%                0        0.000%
ST_CF_ICO                                            0        0.000%                0        0.000%
ST_CF_RET                                       224814        0.664%           224814        0.664%
ST_CF_SYS                                            0        0.000%                0        0.000%
                                              33864117      100.000%         33864117      100.000%
                                                  0.35         0.85              0.35         0.85

ST_BAR_NONE                                   33864117      100.000%         33864117      100.000%
ST_BAR_FETCH                                         0        0.000%                0        0.000%
ST_BAR_ISSUE                                         0        0.000%                0        0.000%
ST_BAR_BOTH                                          0        0.000%                0        0.000%
                                              33864117      100.000%         33864117      100.000%
                                                  0.00         0.00              0.00         0.00

ST_NOT_MEM                                    21585011       63.740%         21585011       63.740%
ST_MEM_LD                                      9827814       29.021%          9827814       29.021%
ST_MEM_ST                                      2451292        7.239%          2451292        7.239%
ST_MEM_PF                                            0        0.000%                0        0.000%
ST_MEM_WH                                            0        0.000%                0        0.000%
ST_MEM_EVICT                                         0        0.000%                0        0.000%
                                              33864117      100.000%         33864117      100.000%
                                                  0.43         0.52              0.43         0.52

ST_NOT_MEM_OFFPATH                            33141404       63.719%         33141404       63.719%
ST_MEM_LD_OFFPATH                             15731680       30.246%         15731680       30.246%
ST_MEM_ST_OFFPATH                              3138523        6.034%          3138523        6.034%
ST_MEM_PF_OFFPATH                                    0        0.000%                0        0.000%
ST_MEM_WH_OFFPATH                                    0        0.000%                0        0.000%
ST_MEM_EVIC_OFFPATHT                                 0        0.000%                0        0.000%
                                              52011607      100.000%         52011607      100.000%
                                                  0.42         0.50              0.42         0.50

ST_OP_ONPATH                                  33864117                       33864117              

ST_OP_OFFPATH                                 52011607                       52011607              

ST_FAKE_OP_OFFPATH                               12693        0.024%            12693        0.024%
ST_NOT_FAKE_OP_OFFPATH                        51998914       99.976%         51998914       99.976%
                                              52011607      100.000%         52011607      100.000%
                                                  1.00         1.00              1.00         1.00

ST_FAKE_REASON_NOT_FAKE                       51998914       99.976%         51998914       99.976%
ST_FAKE_REASON_REDIRECT_TO_NOT_INSTRUMENTED          2736        0.005%             2736        0.005%
ST_FAKE_REASON_RETURN_TO_NOT_INSTRUMENTED             0        0.000%                0        0.000%
ST_FAKE_REASON_NONRET_CF_TO_NOT_INSTRUMENTED          9891        0.019%             9891        0.019%
ST_FAKE_REASON_NOT_TAKEN_TO_NOT_INSTRUMENTED             0        0.000%                0        0.000%
ST_FAKE_REASON_WRONG_PATH_STORE_TO_NEW_REGION            66        0.000%               66        0.000%
                                              52011607      100.000%         52011607      100.000%
                                                  0.00         0.04              0.00         0.04

ST_INST_ONPATH                                30000246                       30000246              

ST_INST_OFFPATH                               45685146                       45685146              

STATIC_PIN_NOP                                       0                              0              

DYNAMIC_PIN_REP_GREATER_256                          0                              0              



