               ramulator.active_cycles_0             4301405                                      # Total active cycles for level _0
                 ramulator.busy_cycles_0             4301405                                      # (All-bank refresh only. busy cycles only include refresh time in rank level) The sum of cycles that the DRAM part is active or under refresh for level _0
            ramulator.serving_requests_0            11997258                                      # The sum of read and write requests that are served in this DRAM element per memory cycle for level _0
    ramulator.average_serving_requests_0            1.615999                                      # The average of read and write requests that are served in this DRAM element per memory cycle for level _0
             ramulator.active_cycles_0_0             4301405                                      # Total active cycles for level _0_0
               ramulator.busy_cycles_0_0             4467305                                      # (All-bank refresh only. busy cycles only include refresh time in rank level) The sum of cycles that the DRAM part is active or under refresh for level _0_0
          ramulator.serving_requests_0_0            11997258                                      # The sum of read and write requests that are served in this DRAM element per memory cycle for level _0_0
  ramulator.average_serving_requests_0_0            1.615999                                      # The average of read and write requests that are served in this DRAM element per memory cycle for level _0_0
           ramulator.active_cycles_0_0_0             1746221                                      # Total active cycles for level _0_0_0
             ramulator.busy_cycles_0_0_0             1746221                                      # (All-bank refresh only. busy cycles only include refresh time in rank level) The sum of cycles that the DRAM part is active or under refresh for level _0_0_0
        ramulator.serving_requests_0_0_0             2666705                                      # The sum of read and write requests that are served in this DRAM element per memory cycle for level _0_0_0
ramulator.average_serving_requests_0_0_0            0.359198                                      # The average of read and write requests that are served in this DRAM element per memory cycle for level _0_0_0
         ramulator.active_cycles_0_0_0_0              497716                                      # Total active cycles for level _0_0_0_0
           ramulator.busy_cycles_0_0_0_0              497716                                      # (All-bank refresh only. busy cycles only include refresh time in rank level) The sum of cycles that the DRAM part is active or under refresh for level _0_0_0_0
      ramulator.serving_requests_0_0_0_0              564006                                      # The sum of read and write requests that are served in this DRAM element per memory cycle for level _0_0_0_0
ramulator.average_serving_requests_0_0_0_0            0.075970                                      # The average of read and write requests that are served in this DRAM element per memory cycle for level _0_0_0_0
         ramulator.active_cycles_0_0_0_1              742005                                      # Total active cycles for level _0_0_0_1
           ramulator.busy_cycles_0_0_0_1              742005                                      # (All-bank refresh only. busy cycles only include refresh time in rank level) The sum of cycles that the DRAM part is active or under refresh for level _0_0_0_1
      ramulator.serving_requests_0_0_0_1              812295                                      # The sum of read and write requests that are served in this DRAM element per memory cycle for level _0_0_0_1
ramulator.average_serving_requests_0_0_0_1            0.109414                                      # The average of read and write requests that are served in this DRAM element per memory cycle for level _0_0_0_1
         ramulator.active_cycles_0_0_0_2              597113                                      # Total active cycles for level _0_0_0_2
           ramulator.busy_cycles_0_0_0_2              597113                                      # (All-bank refresh only. busy cycles only include refresh time in rank level) The sum of cycles that the DRAM part is active or under refresh for level _0_0_0_2
      ramulator.serving_requests_0_0_0_2              677101                                      # The sum of read and write requests that are served in this DRAM element per memory cycle for level _0_0_0_2
ramulator.average_serving_requests_0_0_0_2            0.091204                                      # The average of read and write requests that are served in this DRAM element per memory cycle for level _0_0_0_2
         ramulator.active_cycles_0_0_0_3              546386                                      # Total active cycles for level _0_0_0_3
           ramulator.busy_cycles_0_0_0_3              546386                                      # (All-bank refresh only. busy cycles only include refresh time in rank level) The sum of cycles that the DRAM part is active or under refresh for level _0_0_0_3
      ramulator.serving_requests_0_0_0_3              613228                                      # The sum of read and write requests that are served in this DRAM element per memory cycle for level _0_0_0_3
ramulator.average_serving_requests_0_0_0_3            0.082600                                      # The average of read and write requests that are served in this DRAM element per memory cycle for level _0_0_0_3
           ramulator.active_cycles_0_0_1             1954861                                      # Total active cycles for level _0_0_1
             ramulator.busy_cycles_0_0_1             1954861                                      # (All-bank refresh only. busy cycles only include refresh time in rank level) The sum of cycles that the DRAM part is active or under refresh for level _0_0_1
        ramulator.serving_requests_0_0_1             3250141                                      # The sum of read and write requests that are served in this DRAM element per memory cycle for level _0_0_1
ramulator.average_serving_requests_0_0_1            0.437785                                      # The average of read and write requests that are served in this DRAM element per memory cycle for level _0_0_1
         ramulator.active_cycles_0_0_1_0              624610                                      # Total active cycles for level _0_0_1_0
           ramulator.busy_cycles_0_0_1_0              624610                                      # (All-bank refresh only. busy cycles only include refresh time in rank level) The sum of cycles that the DRAM part is active or under refresh for level _0_0_1_0
      ramulator.serving_requests_0_0_1_0              724758                                      # The sum of read and write requests that are served in this DRAM element per memory cycle for level _0_0_1_0
ramulator.average_serving_requests_0_0_1_0            0.097623                                      # The average of read and write requests that are served in this DRAM element per memory cycle for level _0_0_1_0
         ramulator.active_cycles_0_0_1_1              747734                                      # Total active cycles for level _0_0_1_1
           ramulator.busy_cycles_0_0_1_1              747734                                      # (All-bank refresh only. busy cycles only include refresh time in rank level) The sum of cycles that the DRAM part is active or under refresh for level _0_0_1_1
      ramulator.serving_requests_0_0_1_1              846915                                      # The sum of read and write requests that are served in this DRAM element per memory cycle for level _0_0_1_1
ramulator.average_serving_requests_0_0_1_1            0.114077                                      # The average of read and write requests that are served in this DRAM element per memory cycle for level _0_0_1_1
         ramulator.active_cycles_0_0_1_2              671160                                      # Total active cycles for level _0_0_1_2
           ramulator.busy_cycles_0_0_1_2              671160                                      # (All-bank refresh only. busy cycles only include refresh time in rank level) The sum of cycles that the DRAM part is active or under refresh for level _0_0_1_2
      ramulator.serving_requests_0_0_1_2              757539                                      # The sum of read and write requests that are served in this DRAM element per memory cycle for level _0_0_1_2
ramulator.average_serving_requests_0_0_1_2            0.102039                                      # The average of read and write requests that are served in this DRAM element per memory cycle for level _0_0_1_2
         ramulator.active_cycles_0_0_1_3              807451                                      # Total active cycles for level _0_0_1_3
           ramulator.busy_cycles_0_0_1_3              807451                                      # (All-bank refresh only. busy cycles only include refresh time in rank level) The sum of cycles that the DRAM part is active or under refresh for level _0_0_1_3
      ramulator.serving_requests_0_0_1_3              920851                                      # The sum of read and write requests that are served in this DRAM element per memory cycle for level _0_0_1_3
ramulator.average_serving_requests_0_0_1_3            0.124036                                      # The average of read and write requests that are served in this DRAM element per memory cycle for level _0_0_1_3
           ramulator.active_cycles_0_0_2             1996139                                      # Total active cycles for level _0_0_2
             ramulator.busy_cycles_0_0_2             1996139                                      # (All-bank refresh only. busy cycles only include refresh time in rank level) The sum of cycles that the DRAM part is active or under refresh for level _0_0_2
        ramulator.serving_requests_0_0_2             3139438                                      # The sum of read and write requests that are served in this DRAM element per memory cycle for level _0_0_2
ramulator.average_serving_requests_0_0_2            0.422874                                      # The average of read and write requests that are served in this DRAM element per memory cycle for level _0_0_2
         ramulator.active_cycles_0_0_2_0              661284                                      # Total active cycles for level _0_0_2_0
           ramulator.busy_cycles_0_0_2_0              661284                                      # (All-bank refresh only. busy cycles only include refresh time in rank level) The sum of cycles that the DRAM part is active or under refresh for level _0_0_2_0
      ramulator.serving_requests_0_0_2_0              725948                                      # The sum of read and write requests that are served in this DRAM element per memory cycle for level _0_0_2_0
ramulator.average_serving_requests_0_0_2_0            0.097783                                      # The average of read and write requests that are served in this DRAM element per memory cycle for level _0_0_2_0
         ramulator.active_cycles_0_0_2_1              690052                                      # Total active cycles for level _0_0_2_1
           ramulator.busy_cycles_0_0_2_1              690052                                      # (All-bank refresh only. busy cycles only include refresh time in rank level) The sum of cycles that the DRAM part is active or under refresh for level _0_0_2_1
      ramulator.serving_requests_0_0_2_1              775675                                      # The sum of read and write requests that are served in this DRAM element per memory cycle for level _0_0_2_1
ramulator.average_serving_requests_0_0_2_1            0.104481                                      # The average of read and write requests that are served in this DRAM element per memory cycle for level _0_0_2_1
         ramulator.active_cycles_0_0_2_2              971992                                      # Total active cycles for level _0_0_2_2
           ramulator.busy_cycles_0_0_2_2              971992                                      # (All-bank refresh only. busy cycles only include refresh time in rank level) The sum of cycles that the DRAM part is active or under refresh for level _0_0_2_2
      ramulator.serving_requests_0_0_2_2             1076501                                      # The sum of read and write requests that are served in this DRAM element per memory cycle for level _0_0_2_2
ramulator.average_serving_requests_0_0_2_2            0.145002                                      # The average of read and write requests that are served in this DRAM element per memory cycle for level _0_0_2_2
         ramulator.active_cycles_0_0_2_3              498098                                      # Total active cycles for level _0_0_2_3
           ramulator.busy_cycles_0_0_2_3              498098                                      # (All-bank refresh only. busy cycles only include refresh time in rank level) The sum of cycles that the DRAM part is active or under refresh for level _0_0_2_3
      ramulator.serving_requests_0_0_2_3              561314                                      # The sum of read and write requests that are served in this DRAM element per memory cycle for level _0_0_2_3
ramulator.average_serving_requests_0_0_2_3            0.075608                                      # The average of read and write requests that are served in this DRAM element per memory cycle for level _0_0_2_3
           ramulator.active_cycles_0_0_3             1853050                                      # Total active cycles for level _0_0_3
             ramulator.busy_cycles_0_0_3             1853050                                      # (All-bank refresh only. busy cycles only include refresh time in rank level) The sum of cycles that the DRAM part is active or under refresh for level _0_0_3
        ramulator.serving_requests_0_0_3             2940942                                      # The sum of read and write requests that are served in this DRAM element per memory cycle for level _0_0_3
ramulator.average_serving_requests_0_0_3            0.396137                                      # The average of read and write requests that are served in this DRAM element per memory cycle for level _0_0_3
         ramulator.active_cycles_0_0_3_0              554595                                      # Total active cycles for level _0_0_3_0
           ramulator.busy_cycles_0_0_3_0              554595                                      # (All-bank refresh only. busy cycles only include refresh time in rank level) The sum of cycles that the DRAM part is active or under refresh for level _0_0_3_0
      ramulator.serving_requests_0_0_3_0              615637                                      # The sum of read and write requests that are served in this DRAM element per memory cycle for level _0_0_3_0
ramulator.average_serving_requests_0_0_3_0            0.082925                                      # The average of read and write requests that are served in this DRAM element per memory cycle for level _0_0_3_0
         ramulator.active_cycles_0_0_3_1              710348                                      # Total active cycles for level _0_0_3_1
           ramulator.busy_cycles_0_0_3_1              710348                                      # (All-bank refresh only. busy cycles only include refresh time in rank level) The sum of cycles that the DRAM part is active or under refresh for level _0_0_3_1
      ramulator.serving_requests_0_0_3_1              815477                                      # The sum of read and write requests that are served in this DRAM element per memory cycle for level _0_0_3_1
ramulator.average_serving_requests_0_0_3_1            0.109843                                      # The average of read and write requests that are served in this DRAM element per memory cycle for level _0_0_3_1
         ramulator.active_cycles_0_0_3_2              648436                                      # Total active cycles for level _0_0_3_2
           ramulator.busy_cycles_0_0_3_2              648436                                      # (All-bank refresh only. busy cycles only include refresh time in rank level) The sum of cycles that the DRAM part is active or under refresh for level _0_0_3_2
      ramulator.serving_requests_0_0_3_2              732345                                      # The sum of read and write requests that are served in this DRAM element per memory cycle for level _0_0_3_2
ramulator.average_serving_requests_0_0_3_2            0.098645                                      # The average of read and write requests that are served in this DRAM element per memory cycle for level _0_0_3_2
         ramulator.active_cycles_0_0_3_3              694227                                      # Total active cycles for level _0_0_3_3
           ramulator.busy_cycles_0_0_3_3              694227                                      # (All-bank refresh only. busy cycles only include refresh time in rank level) The sum of cycles that the DRAM part is active or under refresh for level _0_0_3_3
      ramulator.serving_requests_0_0_3_3              777483                                      # The sum of read and write requests that are served in this DRAM element per memory cycle for level _0_0_3_3
ramulator.average_serving_requests_0_0_3_3            0.104725                                      # The average of read and write requests that are served in this DRAM element per memory cycle for level _0_0_3_3
      ramulator.read_transaction_bytes_0             9560896                                      # The total byte of read transaction per channel
     ramulator.write_transaction_bytes_0             3768448                                      # The total byte of write transaction per channel
       ramulator.row_hits_channel_0_core              100369                                      # Number of row hits per channel per core
     ramulator.row_misses_channel_0_core               15172                                      # Number of row misses per channel per core
  ramulator.row_conflicts_channel_0_core               92730                                      # Number of row conflicts per channel per core
  ramulator.read_row_hits_channel_0_core               87633                                      # Number of row hits for read requests per channel per core
                                     [0]             87633.0                                      # 
ramulator.read_row_misses_channel_0_core                9397                                      # Number of row misses for read requests per channel per core
                                     [0]              9397.0                                      # 
ramulator.read_row_conflicts_channel_0_core               52359                                      # Number of row conflicts for read requests per channel per core
                                     [0]             52359.0                                      # 
 ramulator.write_row_hits_channel_0_core               12736                                      # Number of row hits for write requests per channel per core
                                     [0]             12736.0                                      # 
ramulator.write_row_misses_channel_0_core                5775                                      # Number of row misses for write requests per channel per core
                                     [0]              5775.0                                      # 
ramulator.write_row_conflicts_channel_0_core               40371                                      # Number of row conflicts for write requests per channel per core
                                     [0]             40371.0                                      # 
      ramulator.useless_activates_0_core                 305                                      # Number of useless activations. E.g, ACT -> PRE w/o RD or WR
            ramulator.read_latency_avg_0          132.027998                                      # The average memory latency cycles (in memory time domain) per request for all read requests in this channel
            ramulator.read_latency_sum_0            19735149                                      # The memory latency cycles (in memory time domain) sum for all read requests in this channel
        ramulator.req_queue_length_avg_0           15.836129                                      # Average of read and write queue length per memory cycle per channel.
        ramulator.req_queue_length_sum_0           117568210                                      # Sum of read and write queue length per memory cycle per channel.
   ramulator.read_req_queue_length_avg_0            2.514299                                      # Read queue length average per memory cycle per channel.
   ramulator.read_req_queue_length_sum_0            18666278                                      # Read queue length sum per memory cycle per channel.
  ramulator.write_req_queue_length_avg_0           13.321830                                      # Write queue length average per memory cycle per channel.
  ramulator.write_req_queue_length_sum_0            98901932                                      # Write queue length sum per memory cycle per channel.
              ramulator.record_read_hits                 0.0                                      # record read hit count for this core when it reaches request limit or to the end
                                     [0]                 0.0                                      # 
            ramulator.record_read_misses                 0.0                                      # record_read_miss count for this core when it reaches request limit or to the end
                                     [0]                 0.0                                      # 
         ramulator.record_read_conflicts                 0.0                                      # record read conflict count for this core when it reaches request limit or to the end
                                     [0]                 0.0                                      # 
             ramulator.record_write_hits                 0.0                                      # record write hit count for this core when it reaches request limit or to the end
                                     [0]                 0.0                                      # 
           ramulator.record_write_misses                 0.0                                      # record write miss count for this core when it reaches request limit or to the end
                                     [0]                 0.0                                      # 
        ramulator.record_write_conflicts                 0.0                                      # record write conflict for this core when it reaches request limit or to the end
                                     [0]                 0.0                                      # 
                 ramulator.dram_capacity          8589934592                                      # Number of bytes in simulated DRAM
                   ramulator.dram_cycles             7424050                                      # Number of DRAM cycles simulated
             ramulator.incoming_requests              208377                                      # Number of incoming requests to DRAM
                 ramulator.read_requests              149477                                      # Number of incoming read requests to DRAM per core
                                     [0]            149477.0                                      # 
                ramulator.write_requests               58900                                      # Number of incoming write requests to DRAM per core
                                     [0]             58900.0                                      # 
       ramulator.ramulator_active_cycles             4301407                                      # The total number of cycles that the DRAM part is active (serving R/W)
 ramulator.incoming_requests_per_channel            208377.0                                      # Number of incoming requests to each DRAM channel
                                     [0]            208377.0                                      # 
ramulator.incoming_read_reqs_per_channel            149477.0                                      # Number of incoming read requests to each DRAM channel
                                     [0]            149477.0                                      # 
     ramulator.physical_page_replacement                   0                                      # The number of times that physical page replacement happens.
             ramulator.maximum_bandwidth         19200000000                                      # The theoretical maximum bandwidth (Bps)
          ramulator.in_queue_req_num_sum           117568210                                      # Sum of read/write queue length
     ramulator.in_queue_read_req_num_sum            18666278                                      # Sum of read queue length
    ramulator.in_queue_write_req_num_sum            98901932                                      # Sum of write queue length
          ramulator.in_queue_req_num_avg           15.836129                                      # Average of read/write queue length per memory cycle
     ramulator.in_queue_read_req_num_avg            2.514299                                      # Average of read queue length per memory cycle
    ramulator.in_queue_write_req_num_avg           13.321830                                      # Average of write queue length per memory cycle
          ramulator.record_read_requests                 0.0                                      # record read requests for this core when it reaches request limit or to the end
                                     [0]                 0.0                                      # 
         ramulator.record_write_requests                 0.0                                      # record write requests for this core when it reaches request limit or to the end
                                     [0]                 0.0                                      # 
