/* -*- Mode: c -*- */
####################################################################################################
Core 0
####################################################################################################
Cumulative:        Cycles: 19797459              Instructions: 30000000              IPC: 1.51535

DCACHE_PREF_HIT                                      0                              0              

IFETCH_WB_FIRST_SCHEDULE                             0         -nan%                0         -nan%
PREFETCH_LAST_SCHEDULE                               0         -nan%                0         -nan%
DEMAND_PASS_PREF_SCHEDULE                            0         -nan%                0         -nan%
DEMAND_PASS_LOW_OP_SCHEDULE                          0         -nan%                0         -nan%
DEMAND_LAST_SCHEDULE                                 0         -nan%                0         -nan%
                                                     0         -nan%                0         -nan%
                                                  -nan         -nan              -nan         -nan

SEND_MISS_REQ_QUEUE                             186573                         186573              

L1_DATA_EVICT                                   170176                         170176              

STREAM_BUFFER_REQ                                    0                              0              

PREF_SEND_TO_MEM_REQ                                 0         -nan%                0         -nan%
PREF_SEND_TO_MEM_REQ_FAIL                            0         -nan%                0         -nan%
                                                     0         -nan%                0         -nan%
                                                  -nan         -nan              -nan         -nan

HIT_TRAIN_STREAM                                 43709       28.539%            43709       28.539%
MISS_TRAIN_STREAM                               109445       71.461%           109445       71.461%
                                                153154      100.000%           153154      100.000%
                                                  0.71         0.65              0.71         0.65

STREAM_TRAIN_CREATE                              63110                          63110              

MEM_REQ_MISS_HWP_PREF_Q                              0         -nan%                0         -nan%
MEM_REQ_MISS_SW_PREF_Q                               0         -nan%                0         -nan%
MEM_REQ_MISS_IFETCH_Q                                0         -nan%                0         -nan%
MEM_REQ_MISS_DFETCH_Q                                0         -nan%                0         -nan%
MEM_REQ_MISS_DSTORE_Q                                0         -nan%                0         -nan%
MEM_REQ_MISS_DPRF_Q                                  0         -nan%                0         -nan%
MEM_REQ_MISS_WB_Q                                    0         -nan%                0         -nan%
                                                     0         -nan%                0         -nan%
                                                  -nan         -nan              -nan         -nan

PREF_HIT_BY_DEMAND_IFETCH                            0         -nan%                0         -nan%
PREF_HIT_BY_DEMAND_DFETCH                            0         -nan%                0         -nan%
PREF_HIT_BY_DEMAND_DSTORE                            0         -nan%                0         -nan%
PREF_HIT_BY_DEMAND_IPREF                             0         -nan%                0         -nan%
PREF_HIT_BY_DEMAND_DPRF                              0         -nan%                0         -nan%
PREF_HIT_BY_DEMAND_WB                                0         -nan%                0         -nan%
PREF_HIT_BY_PREF                                     0         -nan%                0         -nan%
                                                     0         -nan%                0         -nan%
                                                  -nan         -nan              -nan         -nan

PREF_HIT_DEMAND_IFETCH                               0         -nan%                0         -nan%
PREF_HIT_DEMAND_DFETCH                               0         -nan%                0         -nan%
PREF_HIT_DEMAND_DSTORE                               0         -nan%                0         -nan%
PREF_HIT_DEMAND_IPREF                                0         -nan%                0         -nan%
PREF_HIT_DEMAND_DPRF                                 0         -nan%                0         -nan%
PREF_HIT_DEMAND_WB                                   0         -nan%                0         -nan%
                                                     0         -nan%                0         -nan%
                                                  -nan         -nan              -nan         -nan

PREF_L1_FILL                                         0         -nan%                0         -nan%
DEMAND_L1_FILL                                       0         -nan%                0         -nan%
                                                     0         -nan%                0         -nan%
                                                  -nan         -nan              -nan         -nan

TOUCH_L1_REPLACE                                     0        0.000%                0        0.000%
NO_TOUCH_L1_REPLACE                             170176      100.000%           170176      100.000%
                                                170176      100.000%           170176      100.000%
                                                  1.00         1.00              1.00         1.00

PREF_REQ_QUE_FULL                                    0                              0              

STREAM_REQ_QUEUE_HIT_BY_DEMAND                       0                              0              

L2HIT_STREAM_PREF_REQ_QUE_FULL                       0                              0              

L2HIT_HIT_TRAIN_STREAM                               0         -nan%                0         -nan%
L2HIT_MISS_TRAIN_STREAM                              0         -nan%                0         -nan%
                                                     0         -nan%                0         -nan%
                                                  -nan         -nan              -nan         -nan

L2HIT_STREAM_TRAIN_CREATE                            0                              0              

L2HIT_STREAM_BUFFER_REQ                              0                              0              

L2HIT_STREAM_PREF_DCACHE_HIT                         0         -nan%                0         -nan%
L2HIT_STREAM_PREF_DCACHE_INSERT                      0         -nan%                0         -nan%
L2HIT_STREAM_L2_MISS                                 0         -nan%                0         -nan%
                                                     0         -nan%                0         -nan%
                                                  -nan         -nan              -nan         -nan

L2HIT_STREAM_DCACHE_PORT_FULL                        0                              0              

L2HIT_STREAM_PREF_L1_PORT_FULL                       0                              0              

L2HIT_TRAIN_HIT_DEMAND                               0         -nan%                0         -nan%
L2HIT_TRAIN_MISS_REQ                                 0         -nan%                0         -nan%
                                                     0         -nan%                0         -nan%
                                                  -nan         -nan              -nan         -nan

L2HIT_TRAIN_FILTER_MISS                              0         -nan%                0         -nan%
L2HIT_TRAIN_FILTER_HIT                               0         -nan%                0         -nan%
                                                     0         -nan%                0         -nan%
                                                  -nan         -nan              -nan         -nan

L2HIT_PREF_REQ_DCACHE_HIT                            0         -nan%                0         -nan%
L2HIT_PREF_REQ_DCACHE_MISS                           0         -nan%                0         -nan%
                                                     0         -nan%                0         -nan%
                                                  -nan         -nan              -nan         -nan

L2HIT_L2SEND_Q_FULL                                  0         -nan%                0         -nan%
L2HIT_L2SEND_Q_ENTER                                 0         -nan%                0         -nan%
                                                     0         -nan%                0         -nan%
                                                  -nan         -nan              -nan         -nan

L2HIT_MEM_REQ                                        0                              0              

REMOVE_REDUNDANT_STREAM_STAT                         0                              0              

REPLACE_OLD_STREAM                               63094                          63094              

REQ_SEND_QUEUE_STALL                                 0                              0              

STREAM_ENTER_RA                                      0                              0              

CORE_STREAM_LENGTH_0                               488       12.029%              488       12.029%
CORE_STREAM_LENGTH_10                             1655       40.794%             1655       40.794%
CORE_STREAM_LENGTH_20                              975       24.033%              975       24.033%
CORE_STREAM_LENGTH_30                              331        8.159%              331        8.159%
CORE_STREAM_LENGTH_40                              133        3.278%              133        3.278%
CORE_STREAM_LENGTH_50                               83        2.046%               83        2.046%
CORE_STREAM_LENGTH_60                               58        1.430%               58        1.430%
CORE_STREAM_LENGTH_70                               41        1.011%               41        1.011%
CORE_STREAM_LENGTH_80                               32        0.789%               32        0.789%
CORE_STREAM_LENGTH_90                               34        0.838%               34        0.838%
CORE_STREAM_LENGTH_100_P                           227        5.595%              227        5.595%
                                                  4057      100.000%             4057      100.000%
                                                  2.22         2.38              2.22         2.38

CORE_CUM_STREAM_LENGTH_0                          3719        2.326%             3719        2.326%
CORE_CUM_STREAM_LENGTH_10                        24362       15.239%            24362       15.239%
CORE_CUM_STREAM_LENGTH_20                        22586       14.128%            22586       14.128%
CORE_CUM_STREAM_LENGTH_30                        11168        6.986%            11168        6.986%
CORE_CUM_STREAM_LENGTH_40                         5864        3.668%             5864        3.668%
CORE_CUM_STREAM_LENGTH_50                         4412        2.760%             4412        2.760%
CORE_CUM_STREAM_LENGTH_60                         3679        2.301%             3679        2.301%
CORE_CUM_STREAM_LENGTH_70                         3045        1.905%             3045        1.905%
CORE_CUM_STREAM_LENGTH_80                         2711        1.696%             2711        1.696%
CORE_CUM_STREAM_LENGTH_90                         3210        2.008%             3210        2.008%
CORE_CUM_STREAM_LENGTH_100_P                     75115       46.985%            75115       46.985%
                                                159871      100.000%           159871      100.000%
                                                  6.22         5.72              6.22         5.72

CORE_STREAM_TRAIN_HITS_0                          3216       79.270%             3216       79.270%
CORE_STREAM_TRAIN_HITS_10                          497       12.250%              497       12.250%
CORE_STREAM_TRAIN_HITS_20                          114        2.810%              114        2.810%
CORE_STREAM_TRAIN_HITS_30                           55        1.356%               55        1.356%
CORE_STREAM_TRAIN_HITS_40                           30        0.739%               30        0.739%
CORE_STREAM_TRAIN_HITS_50                           24        0.592%               24        0.592%
CORE_STREAM_TRAIN_HITS_60                           16        0.394%               16        0.394%
CORE_STREAM_TRAIN_HITS_70                           22        0.542%               22        0.542%
CORE_STREAM_TRAIN_HITS_80                            9        0.222%                9        0.222%
CORE_STREAM_TRAIN_HITS_90                            4        0.099%                4        0.099%
CORE_STREAM_TRAIN_HITS_100_P                        70        1.725%               70        1.725%
                                                  4057      100.000%             4057      100.000%
                                                  0.54         1.57              0.54         1.57

CORE_CUM_STREAM_TRAIN_HITS_0                     18971       31.652%            18971       31.652%
CORE_CUM_STREAM_TRAIN_HITS_10                     6321       10.546%             6321       10.546%
CORE_CUM_STREAM_TRAIN_HITS_20                     2734        4.561%             2734        4.561%
CORE_CUM_STREAM_TRAIN_HITS_30                     1872        3.123%             1872        3.123%
CORE_CUM_STREAM_TRAIN_HITS_40                     1340        2.236%             1340        2.236%
CORE_CUM_STREAM_TRAIN_HITS_50                     1322        2.206%             1322        2.206%
CORE_CUM_STREAM_TRAIN_HITS_60                     1028        1.715%             1028        1.715%
CORE_CUM_STREAM_TRAIN_HITS_70                     1646        2.746%             1646        2.746%
CORE_CUM_STREAM_TRAIN_HITS_80                      752        1.255%              752        1.255%
CORE_CUM_STREAM_TRAIN_HITS_90                      374        0.624%              374        0.624%
CORE_CUM_STREAM_TRAIN_HITS_100_P                 23577       39.336%            23577       39.336%
                                                 59937      100.000%            59937      100.000%
                                                  4.88         4.71              4.88         4.71

CORE_STREAM_TRAIN_CREATE                         63110                          63110              



