/* -*- Mode: c -*- */
####################################################################################################
Core 0
####################################################################################################
Cumulative:        Cycles: 95835697              Instructions: 30000003              IPC: 0.31304

EXECUTION_TIME                           29948655312500                  29948655312500              

NODE_CYCLE                                    95835697                       95835697              

NODE_INST_COUNT                               30000003                       30000003              

NODE_UOP_COUNT                                34177153                       34177153              

FULL_WINDOW_STALL                             85770282       89.497%         85770282       89.497%

FULL_WINDOW_MEM_OP                            83561512       99.999%         83561512       99.999%
FULL_WINDOW_FP_OP                                    0        0.000%                0        0.000%
FULL_WINDOW_OTHER_OP                               780        0.001%              780        0.001%
                                              83562292      100.000%         83562292      100.000%
                                                  0.00         0.01              0.00         0.01

RET_BLOCKED_DC_MISS                           88556813       92.405%         88556813       92.405%

RET_BLOCKED_L1_MISS                           85869811       89.601%         85869811       89.601%

RET_BLOCKED_L1_MISS_BW_PREF                       8314        0.009%             8314        0.009%

RET_BLOCKED_L1_ACCESS                          2687015        2.804%          2687015        2.804%

RET_BLOCKED_MEM_STALL                         85869811       89.601%         85869811       89.601%

RET_BLOCKED_OFFCHIP_DEMAND                           0        0.000%                0        0.000%

OP_ISSUED                                     38996267                       38996267              

OP_RETIRED                                    34177153                       34177153              

REPLAY_SIGNALED                                      0                              0              

REPLAY_COUNTED                                       0                              0              

OFF_CRITICAL_PATH                                    0         -nan%                0         -nan%
ON_CRITICAL_PATH                                     0         -nan%                0         -nan%
                                                     0         -nan%                0         -nan%
                                                  -nan         -nan              -nan         -nan

LD_NO_DEPENDENTS                                  4353        0.035%             4353        0.035%
LD_DEPENDENTS                                 12544431       99.965%         12544431       99.965%
                                              12548784      100.000%         12548784      100.000%
                                                  1.00         1.00              1.00         1.00

LD_EXEC_CYCLES_0                                     0        0.000%                0        0.000%
LD_EXEC_CYCLES_1                                     0        0.000%                0        0.000%
LD_EXEC_CYCLES_2                                     0        0.000%                0        0.000%
LD_EXEC_CYCLES_3                                675209       90.055%           675209       90.055%
LD_EXEC_CYCLES_4                                 74565        9.945%            74565        9.945%
                                                749774      100.000%           749774      100.000%
                                                  3.10         1.02              3.10         1.02

FU_BUSY_0                                     17302797                       17302797              

FU_BUSY_1                                      7219352                        7219352              

FU_BUSY_2                                      4558786                        4558786              

FU_BUSY_3                                      3669305                        3669305              

FU_BUSY_4                                      1669390                        1669390              

FU_BUSY_5                                       393325                         393325              

FU_BUSY_6                                       227855                         227855              

FU_BUSY_7                                       117029                         117029              

FU_BUSY_8                                            0                              0              

FU_BUSY_9                                            0                              0              

FU_BUSY_10                                           0                              0              

FU_BUSY_11                                           0                              0              

FU_BUSY_12                                           0                              0              

FU_BUSY_13                                           0                              0              

FU_BUSY_14                                           0                              0              

FU_BUSY_15                                           0                              0              

FU_BUSY_16                                           0                              0              

FU_BUSY_17                                           0                              0              

FU_BUSY_18                                           0                              0              

FU_BUSY_19                                           0                              0              

FU_BUSY_20                                           0                              0              

FU_BUSY_21                                           0                              0              

FU_BUSY_22                                           0                              0              

FU_BUSY_23                                           0                              0              

FU_BUSY_24                                           0                              0              

FU_BUSY_25                                           0                              0              

FU_BUSY_26                                           0                              0              

FU_BUSY_27                                           0                              0              

FU_BUSY_28                                           0                              0              

FU_BUSY_29                                           0                              0              

FU_BUSY_30                                           0                              0              

FU_BUSY_31                                           0                              0              

OP_WAIT_0                                     29773451                       29773451              

OP_WAIT_1                                      3088765                        3088765              

OP_WAIT_2                                       363916                         363916              

OP_WAIT_3                                        26343                          26343              

OP_WAIT_4                                        17149                          17149              

OP_WAIT_5                                        16714                          16714              

OP_WAIT_6                                        15374                          15374              

OP_WAIT_7                                        24867                          24867              

OP_WAIT_8                                        55384                          55384              

OP_WAIT_9                                       109957                         109957              

OP_WAIT_10                                       78162                          78162              

OP_WAIT_11                                       47172                          47172              

OP_WAIT_12                                       23489                          23489              

OP_WAIT_13                                       19613                          19613              

OP_WAIT_14                                       20770                          20770              

OP_WAIT_15                                       17186                          17186              

OP_WAIT_16                                       13337                          13337              

OP_WAIT_17                                       15068                          15068              

OP_WAIT_18                                       14039                          14039              

OP_WAIT_19                                       27005                          27005              

OP_WAIT_20                                       33264                          33264              

OP_WAIT_21                                       24326                          24326              

OP_WAIT_22                                       19082                          19082              

OP_WAIT_23                                       14222                          14222              

OP_WAIT_24                                       13495                          13495              

OP_WAIT_25                                        9221                           9221              

OP_WAIT_26                                        6996                           6996              

OP_WAIT_27                                        9001                           9001              

OP_WAIT_28                                        8490                           8490              

OP_WAIT_29                                        6819                           6819              

OP_WAIT_30                                        7221                           7221              

OP_WAIT_31                                      257255                         257255              

ROW_SIZE_0                                    88064745                       88064745              

ROW_SIZE_1                                     1682148                        1682148              

ROW_SIZE_2                                      291170                         291170              

ROW_SIZE_3                                      691459                         691459              

ROW_SIZE_4                                       66258                          66258              

ROW_SIZE_5                                      253146                         253146              

ROW_SIZE_6                                     4717921                        4717921              

ROW_SIZE_7                                           0                              0              

ROW_SIZE_8                                           0                              0              

ROW_SIZE_9                                           0                              0              

ROW_SIZE_10                                          0                              0              

ROW_SIZE_11                                          0                              0              

ROW_SIZE_12                                          0                              0              

ROW_SIZE_13                                          0                              0              

ROW_SIZE_14                                          0                              0              

ROW_SIZE_15                                          0                              0              

ROW_SIZE_16                                          0                              0              

ROW_SIZE_17                                          0                              0              

ROW_SIZE_18                                          0                              0              

ROW_SIZE_19                                          0                              0              

ROW_SIZE_20                                          0                              0              

ROW_SIZE_21                                          0                              0              

ROW_SIZE_22                                          0                              0              

ROW_SIZE_23                                          0                              0              

ROW_SIZE_24                                          0                              0              

ROW_SIZE_25                                          0                              0              

ROW_SIZE_26                                          0                              0              

ROW_SIZE_27                                          0                              0              

ROW_SIZE_28                                          0                              0              

ROW_SIZE_29                                          0                              0              

ROW_SIZE_30                                          0                              0              

ROW_SIZE_31                                          0                              0              

RET_OP_EXEC_COUNT_0                                  0        0.000%                0        0.000%
RET_OP_EXEC_COUNT_1                           34177153      100.000%         34177153      100.000%
RET_OP_EXEC_COUNT_2                                  0        0.000%                0        0.000%
RET_OP_EXEC_COUNT_3                                  0        0.000%                0        0.000%
RET_OP_EXEC_COUNT_4                                  0        0.000%                0        0.000%
RET_OP_EXEC_COUNT_5                                  0        0.000%                0        0.000%
RET_OP_EXEC_COUNT_6                                  0        0.000%                0        0.000%
RET_OP_EXEC_COUNT_7                                  0        0.000%                0        0.000%
RET_OP_EXEC_COUNT_8                                  0        0.000%                0        0.000%
RET_OP_EXEC_COUNT_9                                  0        0.000%                0        0.000%
RET_OP_EXEC_COUNT_10                                 0        0.000%                0        0.000%
RET_OP_EXEC_COUNT_11                                 0        0.000%                0        0.000%
RET_OP_EXEC_COUNT_12                                 0        0.000%                0        0.000%
RET_OP_EXEC_COUNT_13                                 0        0.000%                0        0.000%
RET_OP_EXEC_COUNT_14                                 0        0.000%                0        0.000%
RET_OP_EXEC_COUNT_15                                 0        0.000%                0        0.000%
RET_OP_EXEC_COUNT_16                                 0        0.000%                0        0.000%
RET_OP_EXEC_COUNT_17                                 0        0.000%                0        0.000%
RET_OP_EXEC_COUNT_18                                 0        0.000%                0        0.000%
RET_OP_EXEC_COUNT_19                                 0        0.000%                0        0.000%
RET_OP_EXEC_COUNT_20                                 0        0.000%                0        0.000%
RET_OP_EXEC_COUNT_21                                 0        0.000%                0        0.000%
RET_OP_EXEC_COUNT_22                                 0        0.000%                0        0.000%
RET_OP_EXEC_COUNT_23                                 0        0.000%                0        0.000%
RET_OP_EXEC_COUNT_24                                 0        0.000%                0        0.000%
RET_OP_EXEC_COUNT_25                                 0        0.000%                0        0.000%
RET_OP_EXEC_COUNT_26                                 0        0.000%                0        0.000%
RET_OP_EXEC_COUNT_27                                 0        0.000%                0        0.000%
RET_OP_EXEC_COUNT_28                                 0        0.000%                0        0.000%
RET_OP_EXEC_COUNT_29                                 0        0.000%                0        0.000%
RET_OP_EXEC_COUNT_30                                 0        0.000%                0        0.000%
RET_OP_EXEC_COUNT_31                                 0        0.000%                0        0.000%
RET_OP_EXEC_COUNT_32                                 0        0.000%                0        0.000%
                                              34177153      100.000%         34177153      100.000%
                                                  1.00         0.00              1.00         0.00

RET_STALL_LENGTH_0                            33816440       98.945%         33816440       98.945%
RET_STALL_LENGTH_100                            265574        0.777%           265574        0.777%
RET_STALL_LENGTH_200                             62560        0.183%            62560        0.183%
RET_STALL_LENGTH_300                             16927        0.050%            16927        0.050%
RET_STALL_LENGTH_400                              6885        0.020%             6885        0.020%
RET_STALL_LENGTH_500                              3384        0.010%             3384        0.010%
RET_STALL_LENGTH_600                              1054        0.003%             1054        0.003%
RET_STALL_LENGTH_700                               352        0.001%              352        0.001%
RET_STALL_LENGTH_800                               110        0.000%              110        0.000%
RET_STALL_LENGTH_900                                23        0.000%               23        0.000%
RET_STALL_LENGTH_1000                               15        0.000%               15        0.000%
RET_STALL_LENGTH_1100                                7        0.000%                7        0.000%
RET_STALL_LENGTH_1200                             1294        0.004%             1294        0.004%
RET_STALL_LENGTH_1300                             1139        0.003%             1139        0.003%
RET_STALL_LENGTH_1400                              826        0.002%              826        0.002%
RET_STALL_LENGTH_1500                              314        0.001%              314        0.001%
RET_STALL_LENGTH_1600                              110        0.000%              110        0.000%
RET_STALL_LENGTH_1700                               74        0.000%               74        0.000%
RET_STALL_LENGTH_1800                               42        0.000%               42        0.000%
RET_STALL_LENGTH_1900                               17        0.000%               17        0.000%
RET_STALL_LENGTH_2000                                4        0.000%                4        0.000%
RET_STALL_LENGTH_2100                                2        0.000%                2        0.000%
RET_STALL_LENGTH_2200                                0        0.000%                0        0.000%
RET_STALL_LENGTH_2300                                0        0.000%                0        0.000%
RET_STALL_LENGTH_2400                                0        0.000%                0        0.000%
RET_STALL_LENGTH_2500                                0        0.000%                0        0.000%
RET_STALL_LENGTH_2600                                0        0.000%                0        0.000%
RET_STALL_LENGTH_2700                                0        0.000%                0        0.000%
RET_STALL_LENGTH_2800                                0        0.000%                0        0.000%
RET_STALL_LENGTH_2900                                0        0.000%                0        0.000%
RET_STALL_LENGTH_3000                                0        0.000%                0        0.000%
RET_STALL_LENGTH_3100                                0        0.000%                0        0.000%
RET_STALL_LENGTH_3200                                0        0.000%                0        0.000%
RET_STALL_LENGTH_3300                                0        0.000%                0        0.000%
RET_STALL_LENGTH_3400                                0        0.000%                0        0.000%
RET_STALL_LENGTH_3500                                0        0.000%                0        0.000%
RET_STALL_LENGTH_3600                                0        0.000%                0        0.000%
RET_STALL_LENGTH_3700                                0        0.000%                0        0.000%
RET_STALL_LENGTH_3800                                0        0.000%                0        0.000%
RET_STALL_LENGTH_3900                                0        0.000%                0        0.000%
RET_STALL_LENGTH_4000                                0        0.000%                0        0.000%
RET_STALL_LENGTH_4100                                0        0.000%                0        0.000%
RET_STALL_LENGTH_4200                                0        0.000%                0        0.000%
RET_STALL_LENGTH_4300                                0        0.000%                0        0.000%
RET_STALL_LENGTH_4400                                0        0.000%                0        0.000%
RET_STALL_LENGTH_4500                                0        0.000%                0        0.000%
RET_STALL_LENGTH_4600                                0        0.000%                0        0.000%
RET_STALL_LENGTH_4700                                0        0.000%                0        0.000%
RET_STALL_LENGTH_4800                                0        0.000%                0        0.000%
RET_STALL_LENGTH_4900                                0        0.000%                0        0.000%
RET_STALL_LENGTH_5000                                0        0.000%                0        0.000%
                                              34177153      100.000%         34177153      100.000%
                                                  0.02         0.22              0.02         0.22

MEM_BLOCK_LENGTH_0                                  28       96.552%               28       96.552%
MEM_BLOCK_LENGTH_100                                 0        0.000%                0        0.000%
MEM_BLOCK_LENGTH_200                                 0        0.000%                0        0.000%
MEM_BLOCK_LENGTH_300                                 0        0.000%                0        0.000%
MEM_BLOCK_LENGTH_400                                 0        0.000%                0        0.000%
MEM_BLOCK_LENGTH_500                                 0        0.000%                0        0.000%
MEM_BLOCK_LENGTH_600                                 0        0.000%                0        0.000%
MEM_BLOCK_LENGTH_700                                 0        0.000%                0        0.000%
MEM_BLOCK_LENGTH_800                                 0        0.000%                0        0.000%
MEM_BLOCK_LENGTH_900                                 0        0.000%                0        0.000%
MEM_BLOCK_LENGTH_1000                                0        0.000%                0        0.000%
MEM_BLOCK_LENGTH_1100                                1        3.448%                1        3.448%
MEM_BLOCK_LENGTH_1200                                0        0.000%                0        0.000%
MEM_BLOCK_LENGTH_1300                                0        0.000%                0        0.000%
MEM_BLOCK_LENGTH_1400                                0        0.000%                0        0.000%
MEM_BLOCK_LENGTH_1500                                0        0.000%                0        0.000%
MEM_BLOCK_LENGTH_1600                                0        0.000%                0        0.000%
MEM_BLOCK_LENGTH_1700                                0        0.000%                0        0.000%
MEM_BLOCK_LENGTH_1800                                0        0.000%                0        0.000%
MEM_BLOCK_LENGTH_1900                                0        0.000%                0        0.000%
MEM_BLOCK_LENGTH_2000                                0        0.000%                0        0.000%
MEM_BLOCK_LENGTH_2100                                0        0.000%                0        0.000%
MEM_BLOCK_LENGTH_2200                                0        0.000%                0        0.000%
MEM_BLOCK_LENGTH_2300                                0        0.000%                0        0.000%
MEM_BLOCK_LENGTH_2400                                0        0.000%                0        0.000%
MEM_BLOCK_LENGTH_2500                                0        0.000%                0        0.000%
MEM_BLOCK_LENGTH_2600                                0        0.000%                0        0.000%
MEM_BLOCK_LENGTH_2700                                0        0.000%                0        0.000%
MEM_BLOCK_LENGTH_2800                                0        0.000%                0        0.000%
MEM_BLOCK_LENGTH_2900                                0        0.000%                0        0.000%
MEM_BLOCK_LENGTH_3000                                0        0.000%                0        0.000%
MEM_BLOCK_LENGTH_3100                                0        0.000%                0        0.000%
MEM_BLOCK_LENGTH_3200                                0        0.000%                0        0.000%
MEM_BLOCK_LENGTH_3300                                0        0.000%                0        0.000%
MEM_BLOCK_LENGTH_3400                                0        0.000%                0        0.000%
MEM_BLOCK_LENGTH_3500                                0        0.000%                0        0.000%
MEM_BLOCK_LENGTH_3600                                0        0.000%                0        0.000%
MEM_BLOCK_LENGTH_3700                                0        0.000%                0        0.000%
MEM_BLOCK_LENGTH_3800                                0        0.000%                0        0.000%
MEM_BLOCK_LENGTH_3900                                0        0.000%                0        0.000%
MEM_BLOCK_LENGTH_4000                                0        0.000%                0        0.000%
MEM_BLOCK_LENGTH_4100                                0        0.000%                0        0.000%
MEM_BLOCK_LENGTH_4200                                0        0.000%                0        0.000%
MEM_BLOCK_LENGTH_4300                                0        0.000%                0        0.000%
MEM_BLOCK_LENGTH_4400                                0        0.000%                0        0.000%
MEM_BLOCK_LENGTH_4500                                0        0.000%                0        0.000%
MEM_BLOCK_LENGTH_4600                                0        0.000%                0        0.000%
MEM_BLOCK_LENGTH_4700                                0        0.000%                0        0.000%
MEM_BLOCK_LENGTH_4800                                0        0.000%                0        0.000%
MEM_BLOCK_LENGTH_4900                                0        0.000%                0        0.000%
MEM_BLOCK_LENGTH_5000                                0        0.000%                0        0.000%
                                                    29      100.000%               29      100.000%
                                                  0.38         2.01              0.38         2.01

FUS_BUSY_ON_PATH                              34345289        0.3584         34345289        0.3584

FUS_BUSY_OFF_PATH                               812550        0.0085           812550        0.0085

FU_BUSY_MEM_STALL                               184929        0.0019           184929        0.0019

FUS_EMPTY                                    731527737        7.6331        731527737        7.6331

CHIP_UTILIZATION                                     0        0.0000                0        0.0000

CYCLES_UNDER_MEM_REQ                                 0                              0              

CYCLES_UNDER_NO_MEM_REQ                              0                              0              

CYCLES_UNDER_CRITICAL_MEM_REQ                        0                              0              

CYCLES_UNDER_NONCRITICAL_MEM_REQ                     0                              0              

CHIP_UTILIZATION_UNDER_MEM_REQ                       0          -nan                0          -nan

CHIP_UTILIZATION_UNDER_NO_MEM_REQ                    0          -nan                0          -nan

CHIP_UTILIZATION_UNDER_CRITICAL_MEM_REQ              0          -nan                0          -nan

CHIP_UTILIZATION_UNDER_NONCRITICAL_MEM_REQ             0          -nan                0          -nan

CYCLES_NOT_WAITING_FOR_OFF_CHIP                      0        0.0000                0        0.0000

FUS_BUSY_NOT_WAITING_FOR_OFF_CHIP                    0          -nan                0          -nan

CYCLES_WAITING_FOR_OFF_CHIP                          0        0.0000                0        0.0000

FUS_BUSY_WAITING_FOR_OFF_CHIP                        0          -nan                0          -nan

TOTAL_OFF_CHIP_DELAYS_LEFT                           0                              0              

WRONG_IO_SCHED                                       0                              0              

DVFS_CONFIG_SWITCH                                   0                              0              



