/* -*- Mode: c -*- */
####################################################################################################
Core 0
####################################################################################################
Cumulative:        Cycles: 95835697              Instructions: 30000003              IPC: 0.31304

ST_OP_INV                                            0        0.000%                0        0.000%
ST_OP_NOP                                        13550        0.040%            13550        0.040%
ST_OP_CF                                       8437200       24.687%          8437200       24.687%
ST_OP_MOV                                       299992        0.878%           299992        0.878%
ST_OP_CMOV                                        6665        0.020%             6665        0.020%
ST_OP_LDA                                        52648        0.154%            52648        0.154%
ST_OP_IMEM                                    12784681       37.407%         12784681       37.407%
ST_OP_IADD                                     6097262       17.840%          6097262       17.840%
ST_OP_IMUL                                         274        0.001%              274        0.001%
ST_OP_IDIV                                           0        0.000%                0        0.000%
ST_OP_ICMP                                     4251214       12.439%          4251214       12.439%
ST_OP_LOGIC                                    2193815        6.419%          2193815        6.419%
ST_OP_SHIFT                                      40075        0.117%            40075        0.117%
ST_OP_FMEM                                           0        0.000%                0        0.000%
ST_OP_FCVT                                           0        0.000%                0        0.000%
ST_OP_FADD                                           0        0.000%                0        0.000%
ST_OP_FMUL                                           0        0.000%                0        0.000%
ST_OP_FMA                                            0        0.000%                0        0.000%
ST_OP_FDIV                                           0        0.000%                0        0.000%
ST_OP_FCMP                                           0        0.000%                0        0.000%
ST_OP_FCMOV                                          0        0.000%                0        0.000%
ST_OP_GATHER                                         0        0.000%                0        0.000%
ST_OP_SCATTER                                        0        0.000%                0        0.000%
ST_OP_PIPELINED_FAST                                 0        0.000%                0        0.000%
ST_OP_PIPELINED_MEDIUM                               0        0.000%                0        0.000%
ST_OP_PIPELINED_SLOW                                 0        0.000%                0        0.000%
ST_OP_NOTPIPELINED_MEDIUM                            0        0.000%                0        0.000%
ST_OP_NOTPIPELINED_SLOW                              0        0.000%                0        0.000%
ST_OP_NOTPIPELINED_VERY_SLOW                         0        0.000%                0        0.000%
                                              34177376      100.000%         34177376      100.000%
                                                  5.99         2.80              5.99         2.80

ST_NOT_CF                                     25740176       75.313%         25740176       75.313%
ST_CF_BR                                         70629        0.207%            70629        0.207%
ST_CF_CBR                                      8355291       24.447%          8355291       24.447%
ST_CF_CALL                                        5640        0.017%             5640        0.017%
ST_CF_IBR                                            0        0.000%                0        0.000%
ST_CF_ICALL                                          0        0.000%                0        0.000%
ST_CF_ICO                                            0        0.000%                0        0.000%
ST_CF_RET                                         5640        0.017%             5640        0.017%
ST_CF_SYS                                            0        0.000%                0        0.000%
                                              34177376      100.000%         34177376      100.000%
                                                  0.49         0.75              0.49         0.75

ST_BAR_NONE                                   34177376      100.000%         34177376      100.000%
ST_BAR_FETCH                                         0        0.000%                0        0.000%
ST_BAR_ISSUE                                         0        0.000%                0        0.000%
ST_BAR_BOTH                                          0        0.000%                0        0.000%
                                              34177376      100.000%         34177376      100.000%
                                                  0.00         0.00              0.00         0.00

ST_NOT_MEM                                    21392695       62.593%         21392695       62.593%
ST_MEM_LD                                     12548868       36.717%         12548868       36.717%
ST_MEM_ST                                       235813        0.690%           235813        0.690%
ST_MEM_PF                                            0        0.000%                0        0.000%
ST_MEM_WH                                            0        0.000%                0        0.000%
ST_MEM_EVICT                                         0        0.000%                0        0.000%
                                              34177376      100.000%         34177376      100.000%
                                                  0.38         0.40              0.38         0.40

ST_NOT_MEM_OFFPATH                             3969292       62.912%          3969292       62.912%
ST_MEM_LD_OFFPATH                              2078498       32.943%          2078498       32.943%
ST_MEM_ST_OFFPATH                               261526        4.145%           261526        4.145%
ST_MEM_PF_OFFPATH                                    0        0.000%                0        0.000%
ST_MEM_WH_OFFPATH                                    0        0.000%                0        0.000%
ST_MEM_EVIC_OFFPATHT                                 0        0.000%                0        0.000%
                                               6309316      100.000%          6309316      100.000%
                                                  0.41         0.47              0.41         0.47

ST_OP_ONPATH                                  34177376                       34177376              

ST_OP_OFFPATH                                  6309316                        6309316              

ST_FAKE_OP_OFFPATH                               42725        0.677%            42725        0.677%
ST_NOT_FAKE_OP_OFFPATH                         6266591       99.323%          6266591       99.323%
                                               6309316      100.000%          6309316      100.000%
                                                  0.99         0.99              0.99         0.99

ST_FAKE_REASON_NOT_FAKE                        6266591       99.323%          6266591       99.323%
ST_FAKE_REASON_REDIRECT_TO_NOT_INSTRUMENTED            12        0.000%               12        0.000%
ST_FAKE_REASON_RETURN_TO_NOT_INSTRUMENTED            48        0.001%               48        0.001%
ST_FAKE_REASON_NONRET_CF_TO_NOT_INSTRUMENTED         42665        0.676%            42665        0.676%
ST_FAKE_REASON_NOT_TAKEN_TO_NOT_INSTRUMENTED             0        0.000%                0        0.000%
ST_FAKE_REASON_WRONG_PATH_STORE_TO_NEW_REGION             0        0.000%                0        0.000%
                                               6309316      100.000%          6309316      100.000%
                                                  0.02         0.25              0.02         0.25

ST_INST_ONPATH                                30000198                       30000198              

ST_INST_OFFPATH                                5785087                        5785087              

STATIC_PIN_NOP                                       0                              0              

DYNAMIC_PIN_REP_GREATER_256                          0                              0              



