               ramulator.active_cycles_0            35557024                                      # Total active cycles for level _0
                 ramulator.busy_cycles_0            35557024                                      # (All-bank refresh only. busy cycles only include refresh time in rank level) The sum of cycles that the DRAM part is active or under refresh for level _0
            ramulator.serving_requests_0           240017335                                      # The sum of read and write requests that are served in this DRAM element per memory cycle for level _0
    ramulator.average_serving_requests_0            6.678576                                      # The average of read and write requests that are served in this DRAM element per memory cycle for level _0
             ramulator.active_cycles_0_0            35557024                                      # Total active cycles for level _0_0
               ramulator.busy_cycles_0_0            35665804                                      # (All-bank refresh only. busy cycles only include refresh time in rank level) The sum of cycles that the DRAM part is active or under refresh for level _0_0
          ramulator.serving_requests_0_0           240017335                                      # The sum of read and write requests that are served in this DRAM element per memory cycle for level _0_0
  ramulator.average_serving_requests_0_0            6.678576                                      # The average of read and write requests that are served in this DRAM element per memory cycle for level _0_0
           ramulator.active_cycles_0_0_0            29869933                                      # Total active cycles for level _0_0_0
             ramulator.busy_cycles_0_0_0            29869933                                      # (All-bank refresh only. busy cycles only include refresh time in rank level) The sum of cycles that the DRAM part is active or under refresh for level _0_0_0
        ramulator.serving_requests_0_0_0            60965335                                      # The sum of read and write requests that are served in this DRAM element per memory cycle for level _0_0_0
ramulator.average_serving_requests_0_0_0            1.696384                                      # The average of read and write requests that are served in this DRAM element per memory cycle for level _0_0_0
         ramulator.active_cycles_0_0_0_0            14178298                                      # Total active cycles for level _0_0_0_0
           ramulator.busy_cycles_0_0_0_0            14178298                                      # (All-bank refresh only. busy cycles only include refresh time in rank level) The sum of cycles that the DRAM part is active or under refresh for level _0_0_0_0
      ramulator.serving_requests_0_0_0_0            14995908                                      # The sum of read and write requests that are served in this DRAM element per memory cycle for level _0_0_0_0
ramulator.average_serving_requests_0_0_0_0            0.417267                                      # The average of read and write requests that are served in this DRAM element per memory cycle for level _0_0_0_0
         ramulator.active_cycles_0_0_0_1            15017060                                      # Total active cycles for level _0_0_0_1
           ramulator.busy_cycles_0_0_0_1            15017060                                      # (All-bank refresh only. busy cycles only include refresh time in rank level) The sum of cycles that the DRAM part is active or under refresh for level _0_0_0_1
      ramulator.serving_requests_0_0_0_1            15760786                                      # The sum of read and write requests that are served in this DRAM element per memory cycle for level _0_0_0_1
ramulator.average_serving_requests_0_0_0_1            0.438550                                      # The average of read and write requests that are served in this DRAM element per memory cycle for level _0_0_0_1
         ramulator.active_cycles_0_0_0_2            15352088                                      # Total active cycles for level _0_0_0_2
           ramulator.busy_cycles_0_0_0_2            15352088                                      # (All-bank refresh only. busy cycles only include refresh time in rank level) The sum of cycles that the DRAM part is active or under refresh for level _0_0_0_2
      ramulator.serving_requests_0_0_0_2            16623443                                      # The sum of read and write requests that are served in this DRAM element per memory cycle for level _0_0_0_2
ramulator.average_serving_requests_0_0_0_2            0.462554                                      # The average of read and write requests that are served in this DRAM element per memory cycle for level _0_0_0_2
         ramulator.active_cycles_0_0_0_3            13199210                                      # Total active cycles for level _0_0_0_3
           ramulator.busy_cycles_0_0_0_3            13199210                                      # (All-bank refresh only. busy cycles only include refresh time in rank level) The sum of cycles that the DRAM part is active or under refresh for level _0_0_0_3
      ramulator.serving_requests_0_0_0_3            13585198                                      # The sum of read and write requests that are served in this DRAM element per memory cycle for level _0_0_0_3
ramulator.average_serving_requests_0_0_0_3            0.378013                                      # The average of read and write requests that are served in this DRAM element per memory cycle for level _0_0_0_3
           ramulator.active_cycles_0_0_1            30088911                                      # Total active cycles for level _0_0_1
             ramulator.busy_cycles_0_0_1            30088911                                      # (All-bank refresh only. busy cycles only include refresh time in rank level) The sum of cycles that the DRAM part is active or under refresh for level _0_0_1
        ramulator.serving_requests_0_0_1            62850730                                      # The sum of read and write requests that are served in this DRAM element per memory cycle for level _0_0_1
ramulator.average_serving_requests_0_0_1            1.748846                                      # The average of read and write requests that are served in this DRAM element per memory cycle for level _0_0_1
         ramulator.active_cycles_0_0_1_0            13197007                                      # Total active cycles for level _0_0_1_0
           ramulator.busy_cycles_0_0_1_0            13197007                                      # (All-bank refresh only. busy cycles only include refresh time in rank level) The sum of cycles that the DRAM part is active or under refresh for level _0_0_1_0
      ramulator.serving_requests_0_0_1_0            13703426                                      # The sum of read and write requests that are served in this DRAM element per memory cycle for level _0_0_1_0
ramulator.average_serving_requests_0_0_1_0            0.381303                                      # The average of read and write requests that are served in this DRAM element per memory cycle for level _0_0_1_0
         ramulator.active_cycles_0_0_1_1            15032443                                      # Total active cycles for level _0_0_1_1
           ramulator.busy_cycles_0_0_1_1            15032443                                      # (All-bank refresh only. busy cycles only include refresh time in rank level) The sum of cycles that the DRAM part is active or under refresh for level _0_0_1_1
      ramulator.serving_requests_0_0_1_1            15594921                                      # The sum of read and write requests that are served in this DRAM element per memory cycle for level _0_0_1_1
ramulator.average_serving_requests_0_0_1_1            0.433935                                      # The average of read and write requests that are served in this DRAM element per memory cycle for level _0_0_1_1
         ramulator.active_cycles_0_0_1_2            14909579                                      # Total active cycles for level _0_0_1_2
           ramulator.busy_cycles_0_0_1_2            14909579                                      # (All-bank refresh only. busy cycles only include refresh time in rank level) The sum of cycles that the DRAM part is active or under refresh for level _0_0_1_2
      ramulator.serving_requests_0_0_1_2            16256434                                      # The sum of read and write requests that are served in this DRAM element per memory cycle for level _0_0_1_2
ramulator.average_serving_requests_0_0_1_2            0.452342                                      # The average of read and write requests that are served in this DRAM element per memory cycle for level _0_0_1_2
         ramulator.active_cycles_0_0_1_3            15787913                                      # Total active cycles for level _0_0_1_3
           ramulator.busy_cycles_0_0_1_3            15787913                                      # (All-bank refresh only. busy cycles only include refresh time in rank level) The sum of cycles that the DRAM part is active or under refresh for level _0_0_1_3
      ramulator.serving_requests_0_0_1_3            17295949                                      # The sum of read and write requests that are served in this DRAM element per memory cycle for level _0_0_1_3
ramulator.average_serving_requests_0_0_1_3            0.481267                                      # The average of read and write requests that are served in this DRAM element per memory cycle for level _0_0_1_3
           ramulator.active_cycles_0_0_2            29118070                                      # Total active cycles for level _0_0_2
             ramulator.busy_cycles_0_0_2            29118070                                      # (All-bank refresh only. busy cycles only include refresh time in rank level) The sum of cycles that the DRAM part is active or under refresh for level _0_0_2
        ramulator.serving_requests_0_0_2            57519386                                      # The sum of read and write requests that are served in this DRAM element per memory cycle for level _0_0_2
ramulator.average_serving_requests_0_0_2            1.600499                                      # The average of read and write requests that are served in this DRAM element per memory cycle for level _0_0_2
         ramulator.active_cycles_0_0_2_0            13184768                                      # Total active cycles for level _0_0_2_0
           ramulator.busy_cycles_0_0_2_0            13184768                                      # (All-bank refresh only. busy cycles only include refresh time in rank level) The sum of cycles that the DRAM part is active or under refresh for level _0_0_2_0
      ramulator.serving_requests_0_0_2_0            13549538                                      # The sum of read and write requests that are served in this DRAM element per memory cycle for level _0_0_2_0
ramulator.average_serving_requests_0_0_2_0            0.377021                                      # The average of read and write requests that are served in this DRAM element per memory cycle for level _0_0_2_0
         ramulator.active_cycles_0_0_2_1            13966659                                      # Total active cycles for level _0_0_2_1
           ramulator.busy_cycles_0_0_2_1            13966659                                      # (All-bank refresh only. busy cycles only include refresh time in rank level) The sum of cycles that the DRAM part is active or under refresh for level _0_0_2_1
      ramulator.serving_requests_0_0_2_1            15047369                                      # The sum of read and write requests that are served in this DRAM element per memory cycle for level _0_0_2_1
ramulator.average_serving_requests_0_0_2_1            0.418699                                      # The average of read and write requests that are served in this DRAM element per memory cycle for level _0_0_2_1
         ramulator.active_cycles_0_0_2_2            13767765                                      # Total active cycles for level _0_0_2_2
           ramulator.busy_cycles_0_0_2_2            13767765                                      # (All-bank refresh only. busy cycles only include refresh time in rank level) The sum of cycles that the DRAM part is active or under refresh for level _0_0_2_2
      ramulator.serving_requests_0_0_2_2            14677637                                      # The sum of read and write requests that are served in this DRAM element per memory cycle for level _0_0_2_2
ramulator.average_serving_requests_0_0_2_2            0.408411                                      # The average of read and write requests that are served in this DRAM element per memory cycle for level _0_0_2_2
         ramulator.active_cycles_0_0_2_3            13757694                                      # Total active cycles for level _0_0_2_3
           ramulator.busy_cycles_0_0_2_3            13757694                                      # (All-bank refresh only. busy cycles only include refresh time in rank level) The sum of cycles that the DRAM part is active or under refresh for level _0_0_2_3
      ramulator.serving_requests_0_0_2_3            14244842                                      # The sum of read and write requests that are served in this DRAM element per memory cycle for level _0_0_2_3
ramulator.average_serving_requests_0_0_2_3            0.396368                                      # The average of read and write requests that are served in this DRAM element per memory cycle for level _0_0_2_3
           ramulator.active_cycles_0_0_3            29555845                                      # Total active cycles for level _0_0_3
             ramulator.busy_cycles_0_0_3            29555845                                      # (All-bank refresh only. busy cycles only include refresh time in rank level) The sum of cycles that the DRAM part is active or under refresh for level _0_0_3
        ramulator.serving_requests_0_0_3            58681884                                      # The sum of read and write requests that are served in this DRAM element per memory cycle for level _0_0_3
ramulator.average_serving_requests_0_0_3            1.632846                                      # The average of read and write requests that are served in this DRAM element per memory cycle for level _0_0_3
         ramulator.active_cycles_0_0_3_0            15171518                                      # Total active cycles for level _0_0_3_0
           ramulator.busy_cycles_0_0_3_0            15171518                                      # (All-bank refresh only. busy cycles only include refresh time in rank level) The sum of cycles that the DRAM part is active or under refresh for level _0_0_3_0
      ramulator.serving_requests_0_0_3_0            15742302                                      # The sum of read and write requests that are served in this DRAM element per memory cycle for level _0_0_3_0
ramulator.average_serving_requests_0_0_3_0            0.438036                                      # The average of read and write requests that are served in this DRAM element per memory cycle for level _0_0_3_0
         ramulator.active_cycles_0_0_3_1            14037715                                      # Total active cycles for level _0_0_3_1
           ramulator.busy_cycles_0_0_3_1            14037715                                      # (All-bank refresh only. busy cycles only include refresh time in rank level) The sum of cycles that the DRAM part is active or under refresh for level _0_0_3_1
      ramulator.serving_requests_0_0_3_1            14658817                                      # The sum of read and write requests that are served in this DRAM element per memory cycle for level _0_0_3_1
ramulator.average_serving_requests_0_0_3_1            0.407887                                      # The average of read and write requests that are served in this DRAM element per memory cycle for level _0_0_3_1
         ramulator.active_cycles_0_0_3_2            13185976                                      # Total active cycles for level _0_0_3_2
           ramulator.busy_cycles_0_0_3_2            13185976                                      # (All-bank refresh only. busy cycles only include refresh time in rank level) The sum of cycles that the DRAM part is active or under refresh for level _0_0_3_2
      ramulator.serving_requests_0_0_3_2            13506824                                      # The sum of read and write requests that are served in this DRAM element per memory cycle for level _0_0_3_2
ramulator.average_serving_requests_0_0_3_2            0.375833                                      # The average of read and write requests that are served in this DRAM element per memory cycle for level _0_0_3_2
         ramulator.active_cycles_0_0_3_3            14315905                                      # Total active cycles for level _0_0_3_3
           ramulator.busy_cycles_0_0_3_3            14315905                                      # (All-bank refresh only. busy cycles only include refresh time in rank level) The sum of cycles that the DRAM part is active or under refresh for level _0_0_3_3
      ramulator.serving_requests_0_0_3_3            14773941                                      # The sum of read and write requests that are served in this DRAM element per memory cycle for level _0_0_3_3
ramulator.average_serving_requests_0_0_3_3            0.411091                                      # The average of read and write requests that are served in this DRAM element per memory cycle for level _0_0_3_3
      ramulator.read_transaction_bytes_0           230830080                                      # The total byte of read transaction per channel
     ramulator.write_transaction_bytes_0             5901632                                      # The total byte of write transaction per channel
       ramulator.row_hits_channel_0_core              144573                                      # Number of row hits per channel per core
     ramulator.row_misses_channel_0_core               59703                                      # Number of row misses per channel per core
  ramulator.row_conflicts_channel_0_core             3494657                                      # Number of row conflicts per channel per core
  ramulator.read_row_hits_channel_0_core              134657                                      # Number of row hits for read requests per channel per core
                                     [0]            134657.0                                      # 
ramulator.read_row_misses_channel_0_core               54369                                      # Number of row misses for read requests per channel per core
                                     [0]             54369.0                                      # 
ramulator.read_row_conflicts_channel_0_core             3417694                                      # Number of row conflicts for read requests per channel per core
                                     [0]           3417694.0                                      # 
 ramulator.write_row_hits_channel_0_core                9916                                      # Number of row hits for write requests per channel per core
                                     [0]              9916.0                                      # 
ramulator.write_row_misses_channel_0_core                5334                                      # Number of row misses for write requests per channel per core
                                     [0]              5334.0                                      # 
ramulator.write_row_conflicts_channel_0_core               76963                                      # Number of row conflicts for write requests per channel per core
                                     [0]             76963.0                                      # 
      ramulator.useless_activates_0_core                 194                                      # Number of useless activations. E.g, ACT -> PRE w/o RD or WR
            ramulator.read_latency_avg_0           85.942678                                      # The average memory latency cycles (in memory time domain) per request for all read requests in this channel
            ramulator.read_latency_sum_0           310121145                                      # The memory latency cycles (in memory time domain) sum for all read requests in this channel
        ramulator.req_queue_length_avg_0           21.949057                                      # Average of read and write queue length per memory cycle per channel.
        ramulator.req_queue_length_sum_0           788814001                                      # Sum of read and write queue length per memory cycle per channel.
   ramulator.read_req_queue_length_avg_0            7.079998                                      # Read queue length average per memory cycle per channel.
   ramulator.read_req_queue_length_sum_0           254443788                                      # Read queue length sum per memory cycle per channel.
  ramulator.write_req_queue_length_avg_0           14.869060                                      # Write queue length average per memory cycle per channel.
  ramulator.write_req_queue_length_sum_0           534370213                                      # Write queue length sum per memory cycle per channel.
              ramulator.record_read_hits                 0.0                                      # record read hit count for this core when it reaches request limit or to the end
                                     [0]                 0.0                                      # 
            ramulator.record_read_misses                 0.0                                      # record_read_miss count for this core when it reaches request limit or to the end
                                     [0]                 0.0                                      # 
         ramulator.record_read_conflicts                 0.0                                      # record read conflict count for this core when it reaches request limit or to the end
                                     [0]                 0.0                                      # 
             ramulator.record_write_hits                 0.0                                      # record write hit count for this core when it reaches request limit or to the end
                                     [0]                 0.0                                      # 
           ramulator.record_write_misses                 0.0                                      # record write miss count for this core when it reaches request limit or to the end
                                     [0]                 0.0                                      # 
        ramulator.record_write_conflicts                 0.0                                      # record write conflict for this core when it reaches request limit or to the end
                                     [0]                 0.0                                      # 
                 ramulator.dram_capacity          8589934592                                      # Number of bytes in simulated DRAM
                   ramulator.dram_cycles            35938400                                      # Number of DRAM cycles simulated
             ramulator.incoming_requests             3700690                                      # Number of incoming requests to DRAM
                 ramulator.read_requests             3608465                                      # Number of incoming read requests to DRAM per core
                                     [0]           3608465.0                                      # 
                ramulator.write_requests               92225                                      # Number of incoming write requests to DRAM per core
                                     [0]             92225.0                                      # 
       ramulator.ramulator_active_cycles            35557032                                      # The total number of cycles that the DRAM part is active (serving R/W)
 ramulator.incoming_requests_per_channel           3700690.0                                      # Number of incoming requests to each DRAM channel
                                     [0]           3700690.0                                      # 
ramulator.incoming_read_reqs_per_channel           3608465.0                                      # Number of incoming read requests to each DRAM channel
                                     [0]           3608465.0                                      # 
     ramulator.physical_page_replacement                   0                                      # The number of times that physical page replacement happens.
             ramulator.maximum_bandwidth         19200000000                                      # The theoretical maximum bandwidth (Bps)
          ramulator.in_queue_req_num_sum           788814001                                      # Sum of read/write queue length
     ramulator.in_queue_read_req_num_sum           254443788                                      # Sum of read queue length
    ramulator.in_queue_write_req_num_sum           534370213                                      # Sum of write queue length
          ramulator.in_queue_req_num_avg           21.949057                                      # Average of read/write queue length per memory cycle
     ramulator.in_queue_read_req_num_avg            7.079998                                      # Average of read queue length per memory cycle
    ramulator.in_queue_write_req_num_avg           14.869060                                      # Average of write queue length per memory cycle
          ramulator.record_read_requests                 0.0                                      # record read requests for this core when it reaches request limit or to the end
                                     [0]                 0.0                                      # 
         ramulator.record_write_requests                 0.0                                      # record write requests for this core when it reaches request limit or to the end
                                     [0]                 0.0                                      # 
