/* -*- Mode: c -*- */
####################################################################################################
Core 0
####################################################################################################
Cumulative:        Cycles: 15712757              Instructions: 30000001              IPC: 1.90928

ST_OP_INV                                            0        0.000%                0        0.000%
ST_OP_NOP                                        72209        0.193%            72209        0.193%
ST_OP_CF                                       3637702        9.720%          3637702        9.720%
ST_OP_MOV                                      1086390        2.903%          1086390        2.903%
ST_OP_CMOV                                      104511        0.279%           104511        0.279%
ST_OP_LDA                                       227518        0.608%           227518        0.608%
ST_OP_IMEM                                     3122982        8.345%          3122982        8.345%
ST_OP_IADD                                     4238592       11.326%          4238592       11.326%
ST_OP_IMUL                                          63        0.000%               63        0.000%
ST_OP_IDIV                                          17        0.000%               17        0.000%
ST_OP_ICMP                                     2395488        6.401%          2395488        6.401%
ST_OP_LOGIC                                    2865165        7.656%          2865165        7.656%
ST_OP_SHIFT                                      96341        0.257%            96341        0.257%
ST_OP_FMEM                                     6307921       16.855%          6307921       16.855%
ST_OP_FCVT                                     4451813       11.896%          4451813       11.896%
ST_OP_FADD                                     4324223       11.555%          4324223       11.555%
ST_OP_FMUL                                     4397624       11.751%          4397624       11.751%
ST_OP_FMA                                          960        0.003%              960        0.003%
ST_OP_FDIV                                        2777        0.007%             2777        0.007%
ST_OP_FCMP                                       91068        0.243%            91068        0.243%
ST_OP_FCMOV                                          0        0.000%                0        0.000%
ST_OP_GATHER                                         0        0.000%                0        0.000%
ST_OP_SCATTER                                        0        0.000%                0        0.000%
ST_OP_PIPELINED_FAST                               122        0.000%              122        0.000%
ST_OP_PIPELINED_MEDIUM                             512        0.001%              512        0.001%
ST_OP_PIPELINED_SLOW                                 0        0.000%                0        0.000%
ST_OP_NOTPIPELINED_MEDIUM                            6        0.000%                6        0.000%
ST_OP_NOTPIPELINED_SLOW                              0        0.000%                0        0.000%
ST_OP_NOTPIPELINED_VERY_SLOW                         0        0.000%                0        0.000%
                                              37424004      100.000%         37424004      100.000%
                                                 10.65         4.56             10.65         4.56

ST_NOT_CF                                     33786302       90.280%         33786302       90.280%
ST_CF_BR                                         32727        0.087%            32727        0.087%
ST_CF_CBR                                      3482090        9.304%          3482090        9.304%
ST_CF_CALL                                       61322        0.164%            61322        0.164%
ST_CF_IBR                                          229        0.001%              229        0.001%
ST_CF_ICALL                                          6        0.000%                6        0.000%
ST_CF_ICO                                            0        0.000%                0        0.000%
ST_CF_RET                                        61328        0.164%            61328        0.164%
ST_CF_SYS                                            0        0.000%                0        0.000%
                                              37424004      100.000%         37424004      100.000%
                                                  0.20         0.62              0.20         0.62

ST_BAR_NONE                                   37424004      100.000%         37424004      100.000%
ST_BAR_FETCH                                         0        0.000%                0        0.000%
ST_BAR_ISSUE                                         0        0.000%                0        0.000%
ST_BAR_BOTH                                          0        0.000%                0        0.000%
                                              37424004      100.000%         37424004      100.000%
                                                  0.00         0.00              0.00         0.00

ST_NOT_MEM                                    27993101       74.800%         27993101       74.800%
ST_MEM_LD                                      8241925       22.023%          8241925       22.023%
ST_MEM_ST                                      1188978        3.177%          1188978        3.177%
ST_MEM_PF                                            0        0.000%                0        0.000%
ST_MEM_WH                                            0        0.000%                0        0.000%
ST_MEM_EVICT                                         0        0.000%                0        0.000%
                                              37424004      100.000%         37424004      100.000%
                                                  0.28         0.45              0.28         0.45

ST_NOT_MEM_OFFPATH                             4903523       71.222%          4903523       71.222%
ST_MEM_LD_OFFPATH                              1795697       26.082%          1795697       26.082%
ST_MEM_ST_OFFPATH                               185628        2.696%           185628        2.696%
ST_MEM_PF_OFFPATH                                    0        0.000%                0        0.000%
ST_MEM_WH_OFFPATH                                    0        0.000%                0        0.000%
ST_MEM_EVIC_OFFPATHT                                 0        0.000%                0        0.000%
                                               6884848      100.000%          6884848      100.000%
                                                  0.31         0.45              0.31         0.45

ST_OP_ONPATH                                  37424004                       37424004              

ST_OP_OFFPATH                                  6884848                        6884848              

ST_FAKE_OP_OFFPATH                               15957        0.232%            15957        0.232%
ST_NOT_FAKE_OP_OFFPATH                         6868891       99.768%          6868891       99.768%
                                               6884848      100.000%          6884848      100.000%
                                                  1.00         1.00              1.00         1.00

ST_FAKE_REASON_NOT_FAKE                        6868891       99.768%          6868891       99.768%
ST_FAKE_REASON_REDIRECT_TO_NOT_INSTRUMENTED          3012        0.044%             3012        0.044%
ST_FAKE_REASON_RETURN_TO_NOT_INSTRUMENTED          1932        0.028%             1932        0.028%
ST_FAKE_REASON_NONRET_CF_TO_NOT_INSTRUMENTED         10845        0.158%            10845        0.158%
ST_FAKE_REASON_NOT_TAKEN_TO_NOT_INSTRUMENTED           168        0.002%              168        0.002%
ST_FAKE_REASON_WRONG_PATH_STORE_TO_NEW_REGION             0        0.000%                0        0.000%
                                               6884848      100.000%          6884848      100.000%
                                                  0.01         0.13              0.01         0.13

ST_INST_ONPATH                                30000192                       30000192              

ST_INST_OFFPATH                                5875551                        5875551              

STATIC_PIN_NOP                                       0                              0              

DYNAMIC_PIN_REP_GREATER_256                          0                              0              



