/* -*- Mode: c -*- */
####################################################################################################
Core 0
####################################################################################################
Cumulative:        Cycles: 14011006              Instructions: 30000001              IPC: 2.14117

ST_OP_INV                                            0        0.000%                0        0.000%
ST_OP_NOP                                        80422        0.204%            80422        0.204%
ST_OP_CF                                       4149890       10.542%          4149890       10.542%
ST_OP_MOV                                      1766351        4.487%          1766351        4.487%
ST_OP_CMOV                                      144915        0.368%           144915        0.368%
ST_OP_LDA                                       269890        0.686%           269890        0.686%
ST_OP_IMEM                                     4257788       10.816%          4257788       10.816%
ST_OP_IADD                                     5130453       13.033%          5130453       13.033%
ST_OP_IMUL                                          33        0.000%               33        0.000%
ST_OP_IDIV                                          28        0.000%               28        0.000%
ST_OP_ICMP                                     2047563        5.201%          2047563        5.201%
ST_OP_LOGIC                                    3057333        7.767%          3057333        7.767%
ST_OP_SHIFT                                      61502        0.156%            61502        0.156%
ST_OP_FMEM                                     5506595       13.989%          5506595       13.989%
ST_OP_FCVT                                     4381819       11.131%          4381819       11.131%
ST_OP_FADD                                     4128504       10.488%          4128504       10.488%
ST_OP_FMUL                                     4255161       10.810%          4255161       10.810%
ST_OP_FMA                                            0        0.000%                0        0.000%
ST_OP_FDIV                                           0        0.000%                0        0.000%
ST_OP_FCMP                                      126657        0.322%           126657        0.322%
ST_OP_FCMOV                                          0        0.000%                0        0.000%
ST_OP_GATHER                                         0        0.000%                0        0.000%
ST_OP_SCATTER                                        0        0.000%                0        0.000%
ST_OP_PIPELINED_FAST                                 0        0.000%                0        0.000%
ST_OP_PIPELINED_MEDIUM                               0        0.000%                0        0.000%
ST_OP_PIPELINED_SLOW                                 0        0.000%                0        0.000%
ST_OP_NOTPIPELINED_MEDIUM                            0        0.000%                0        0.000%
ST_OP_NOTPIPELINED_SLOW                              0        0.000%                0        0.000%
ST_OP_NOTPIPELINED_VERY_SLOW                         0        0.000%                0        0.000%
                                              39364904      100.000%         39364904      100.000%
                                                 10.09         4.71             10.09         4.71

ST_NOT_CF                                     35215014       89.458%         35215014       89.458%
ST_CF_BR                                         23532        0.060%            23532        0.060%
ST_CF_CBR                                      4053301       10.297%          4053301       10.297%
ST_CF_CALL                                       36515        0.093%            36515        0.093%
ST_CF_IBR                                           27        0.000%               27        0.000%
ST_CF_ICALL                                          0        0.000%                0        0.000%
ST_CF_ICO                                            0        0.000%                0        0.000%
ST_CF_RET                                        36515        0.093%            36515        0.093%
ST_CF_SYS                                            0        0.000%                0        0.000%
                                              39364904      100.000%         39364904      100.000%
                                                  0.22         0.61              0.22         0.61

ST_BAR_NONE                                   39364904      100.000%         39364904      100.000%
ST_BAR_FETCH                                         0        0.000%                0        0.000%
ST_BAR_ISSUE                                         0        0.000%                0        0.000%
ST_BAR_BOTH                                          0        0.000%                0        0.000%
                                              39364904      100.000%         39364904      100.000%
                                                  0.00         0.00              0.00         0.00

ST_NOT_MEM                                    29600521       75.195%         29600521       75.195%
ST_MEM_LD                                      7930565       20.146%          7930565       20.146%
ST_MEM_ST                                      1833818        4.659%          1833818        4.659%
ST_MEM_PF                                            0        0.000%                0        0.000%
ST_MEM_WH                                            0        0.000%                0        0.000%
ST_MEM_EVICT                                         0        0.000%                0        0.000%
                                              39364904      100.000%         39364904      100.000%
                                                  0.29         0.49              0.29         0.49

ST_NOT_MEM_OFFPATH                             2691167       72.067%          2691167       72.067%
ST_MEM_LD_OFFPATH                               892223       23.893%           892223       23.893%
ST_MEM_ST_OFFPATH                               150858        4.040%           150858        4.040%
ST_MEM_PF_OFFPATH                                    0        0.000%                0        0.000%
ST_MEM_WH_OFFPATH                                    0        0.000%                0        0.000%
ST_MEM_EVIC_OFFPATHT                                 0        0.000%                0        0.000%
                                               3734248      100.000%          3734248      100.000%
                                                  0.32         0.47              0.32         0.47

ST_OP_ONPATH                                  39364904                       39364904              

ST_OP_OFFPATH                                  3734248                        3734248              

ST_FAKE_OP_OFFPATH                              251767        6.742%           251767        6.742%
ST_NOT_FAKE_OP_OFFPATH                         3482481       93.258%          3482481       93.258%
                                               3734248      100.000%          3734248      100.000%
                                                  0.93         0.90              0.93         0.90

ST_FAKE_REASON_NOT_FAKE                        3482481       93.258%          3482481       93.258%
ST_FAKE_REASON_REDIRECT_TO_NOT_INSTRUMENTED          2760        0.074%             2760        0.074%
ST_FAKE_REASON_RETURN_TO_NOT_INSTRUMENTED           354        0.009%              354        0.009%
ST_FAKE_REASON_NONRET_CF_TO_NOT_INSTRUMENTED        248551        6.656%           248551        6.656%
ST_FAKE_REASON_NOT_TAKEN_TO_NOT_INSTRUMENTED           102        0.003%              102        0.003%
ST_FAKE_REASON_WRONG_PATH_STORE_TO_NEW_REGION             0        0.000%                0        0.000%
                                               3734248      100.000%          3734248      100.000%
                                                  0.20         0.72              0.20         0.72

ST_INST_ONPATH                                30000220                       30000220              

ST_INST_OFFPATH                                3205200                        3205200              

STATIC_PIN_NOP                                       0                              0              

DYNAMIC_PIN_REP_GREATER_256                          0                              0              



