/* -*- Mode: c -*- */
####################################################################################################
Core 0
####################################################################################################
Cumulative:        Cycles: 14011006              Instructions: 30000001              IPC: 2.14117

DCACHE_PREF_HIT                                      0                              0              

IFETCH_WB_FIRST_SCHEDULE                             0         -nan%                0         -nan%
PREFETCH_LAST_SCHEDULE                               0         -nan%                0         -nan%
DEMAND_PASS_PREF_SCHEDULE                            0         -nan%                0         -nan%
DEMAND_PASS_LOW_OP_SCHEDULE                          0         -nan%                0         -nan%
DEMAND_LAST_SCHEDULE                                 0         -nan%                0         -nan%
                                                     0         -nan%                0         -nan%
                                                  -nan         -nan              -nan         -nan

SEND_MISS_REQ_QUEUE                             476610                         476610              

L1_DATA_EVICT                                   460230                         460230              

STREAM_BUFFER_REQ                                    0                              0              

PREF_SEND_TO_MEM_REQ                                 0         -nan%                0         -nan%
PREF_SEND_TO_MEM_REQ_FAIL                            0         -nan%                0         -nan%
                                                     0         -nan%                0         -nan%
                                                  -nan         -nan              -nan         -nan

HIT_TRAIN_STREAM                                317266       80.275%           317266       80.275%
MISS_TRAIN_STREAM                                77956       19.725%            77956       19.725%
                                                395222      100.000%           395222      100.000%
                                                  0.20         0.37              0.20         0.37

STREAM_TRAIN_CREATE                              32150                          32150              

MEM_REQ_MISS_HWP_PREF_Q                              0         -nan%                0         -nan%
MEM_REQ_MISS_SW_PREF_Q                               0         -nan%                0         -nan%
MEM_REQ_MISS_IFETCH_Q                                0         -nan%                0         -nan%
MEM_REQ_MISS_DFETCH_Q                                0         -nan%                0         -nan%
MEM_REQ_MISS_DSTORE_Q                                0         -nan%                0         -nan%
MEM_REQ_MISS_DPRF_Q                                  0         -nan%                0         -nan%
MEM_REQ_MISS_WB_Q                                    0         -nan%                0         -nan%
                                                     0         -nan%                0         -nan%
                                                  -nan         -nan              -nan         -nan

PREF_HIT_BY_DEMAND_IFETCH                            0         -nan%                0         -nan%
PREF_HIT_BY_DEMAND_DFETCH                            0         -nan%                0         -nan%
PREF_HIT_BY_DEMAND_DSTORE                            0         -nan%                0         -nan%
PREF_HIT_BY_DEMAND_IPREF                             0         -nan%                0         -nan%
PREF_HIT_BY_DEMAND_DPRF                              0         -nan%                0         -nan%
PREF_HIT_BY_DEMAND_WB                                0         -nan%                0         -nan%
PREF_HIT_BY_PREF                                     0         -nan%                0         -nan%
                                                     0         -nan%                0         -nan%
                                                  -nan         -nan              -nan         -nan

PREF_HIT_DEMAND_IFETCH                               0         -nan%                0         -nan%
PREF_HIT_DEMAND_DFETCH                               0         -nan%                0         -nan%
PREF_HIT_DEMAND_DSTORE                               0         -nan%                0         -nan%
PREF_HIT_DEMAND_IPREF                                0         -nan%                0         -nan%
PREF_HIT_DEMAND_DPRF                                 0         -nan%                0         -nan%
PREF_HIT_DEMAND_WB                                   0         -nan%                0         -nan%
                                                     0         -nan%                0         -nan%
                                                  -nan         -nan              -nan         -nan

PREF_L1_FILL                                         0         -nan%                0         -nan%
DEMAND_L1_FILL                                       0         -nan%                0         -nan%
                                                     0         -nan%                0         -nan%
                                                  -nan         -nan              -nan         -nan

TOUCH_L1_REPLACE                                     0        0.000%                0        0.000%
NO_TOUCH_L1_REPLACE                             460230      100.000%           460230      100.000%
                                                460230      100.000%           460230      100.000%
                                                  1.00         1.00              1.00         1.00

PREF_REQ_QUE_FULL                                    0                              0              

STREAM_REQ_QUEUE_HIT_BY_DEMAND                       0                              0              

L2HIT_STREAM_PREF_REQ_QUE_FULL                       0                              0              

L2HIT_HIT_TRAIN_STREAM                               0         -nan%                0         -nan%
L2HIT_MISS_TRAIN_STREAM                              0         -nan%                0         -nan%
                                                     0         -nan%                0         -nan%
                                                  -nan         -nan              -nan         -nan

L2HIT_STREAM_TRAIN_CREATE                            0                              0              

L2HIT_STREAM_BUFFER_REQ                              0                              0              

L2HIT_STREAM_PREF_DCACHE_HIT                         0         -nan%                0         -nan%
L2HIT_STREAM_PREF_DCACHE_INSERT                      0         -nan%                0         -nan%
L2HIT_STREAM_L2_MISS                                 0         -nan%                0         -nan%
                                                     0         -nan%                0         -nan%
                                                  -nan         -nan              -nan         -nan

L2HIT_STREAM_DCACHE_PORT_FULL                        0                              0              

L2HIT_STREAM_PREF_L1_PORT_FULL                       0                              0              

L2HIT_TRAIN_HIT_DEMAND                               0         -nan%                0         -nan%
L2HIT_TRAIN_MISS_REQ                                 0         -nan%                0         -nan%
                                                     0         -nan%                0         -nan%
                                                  -nan         -nan              -nan         -nan

L2HIT_TRAIN_FILTER_MISS                              0         -nan%                0         -nan%
L2HIT_TRAIN_FILTER_HIT                               0         -nan%                0         -nan%
                                                     0         -nan%                0         -nan%
                                                  -nan         -nan              -nan         -nan

L2HIT_PREF_REQ_DCACHE_HIT                            0         -nan%                0         -nan%
L2HIT_PREF_REQ_DCACHE_MISS                           0         -nan%                0         -nan%
                                                     0         -nan%                0         -nan%
                                                  -nan         -nan              -nan         -nan

L2HIT_L2SEND_Q_FULL                                  0         -nan%                0         -nan%
L2HIT_L2SEND_Q_ENTER                                 0         -nan%                0         -nan%
                                                     0         -nan%                0         -nan%
                                                  -nan         -nan              -nan         -nan

L2HIT_MEM_REQ                                        0                              0              

REMOVE_REDUNDANT_STREAM_STAT                         0                              0              

REPLACE_OLD_STREAM                               32134                          32134              

REQ_SEND_QUEUE_STALL                                 0                              0              

STREAM_ENTER_RA                                      0                              0              

CORE_STREAM_LENGTH_0                               242        5.062%              242        5.062%
CORE_STREAM_LENGTH_10                             2670       55.846%             2670       55.846%
CORE_STREAM_LENGTH_20                             1042       21.795%             1042       21.795%
CORE_STREAM_LENGTH_30                              267        5.585%              267        5.585%
CORE_STREAM_LENGTH_40                               89        1.862%               89        1.862%
CORE_STREAM_LENGTH_50                               87        1.820%               87        1.820%
CORE_STREAM_LENGTH_60                               19        0.397%               19        0.397%
CORE_STREAM_LENGTH_70                               37        0.774%               37        0.774%
CORE_STREAM_LENGTH_80                               30        0.627%               30        0.627%
CORE_STREAM_LENGTH_90                               22        0.460%               22        0.460%
CORE_STREAM_LENGTH_100_P                           276        5.773%              276        5.773%
                                                  4781      100.000%             4781      100.000%
                                                  2.07         2.34              2.07         2.34

CORE_CUM_STREAM_LENGTH_0                          1880        0.465%             1880        0.465%
CORE_CUM_STREAM_LENGTH_10                        38518        9.529%            38518        9.529%
CORE_CUM_STREAM_LENGTH_20                        24243        5.998%            24243        5.998%
CORE_CUM_STREAM_LENGTH_30                         9025        2.233%             9025        2.233%
CORE_CUM_STREAM_LENGTH_40                         3925        0.971%             3925        0.971%
CORE_CUM_STREAM_LENGTH_50                         4741        1.173%             4741        1.173%
CORE_CUM_STREAM_LENGTH_60                         1225        0.303%             1225        0.303%
CORE_CUM_STREAM_LENGTH_70                         2716        0.672%             2716        0.672%
CORE_CUM_STREAM_LENGTH_80                         2502        0.619%             2502        0.619%
CORE_CUM_STREAM_LENGTH_90                         2093        0.518%             2093        0.518%
CORE_CUM_STREAM_LENGTH_100_P                    313347       77.520%           313347       77.520%
                                                404215      100.000%           404215      100.000%
                                                  8.29         8.00              8.29         8.00

CORE_STREAM_TRAIN_HITS_0                          3342       69.902%             3342       69.902%
CORE_STREAM_TRAIN_HITS_10                          864       18.072%              864       18.072%
CORE_STREAM_TRAIN_HITS_20                          156        3.263%              156        3.263%
CORE_STREAM_TRAIN_HITS_30                           61        1.276%               61        1.276%
CORE_STREAM_TRAIN_HITS_40                           39        0.816%               39        0.816%
CORE_STREAM_TRAIN_HITS_50                           30        0.627%               30        0.627%
CORE_STREAM_TRAIN_HITS_60                           28        0.586%               28        0.586%
CORE_STREAM_TRAIN_HITS_70                            5        0.105%                5        0.105%
CORE_STREAM_TRAIN_HITS_80                           26        0.544%               26        0.544%
CORE_STREAM_TRAIN_HITS_90                           13        0.272%               13        0.272%
CORE_STREAM_TRAIN_HITS_100_P                       217        4.539%              217        4.539%
                                                  4781      100.000%             4781      100.000%
                                                  0.91         2.17              0.91         2.17

CORE_CUM_STREAM_TRAIN_HITS_0                     21853        6.496%            21853        6.496%
CORE_CUM_STREAM_TRAIN_HITS_10                    10915        3.245%            10915        3.245%
CORE_CUM_STREAM_TRAIN_HITS_20                     3787        1.126%             3787        1.126%
CORE_CUM_STREAM_TRAIN_HITS_30                     2038        0.606%             2038        0.606%
CORE_CUM_STREAM_TRAIN_HITS_40                     1759        0.523%             1759        0.523%
CORE_CUM_STREAM_TRAIN_HITS_50                     1640        0.488%             1640        0.488%
CORE_CUM_STREAM_TRAIN_HITS_60                     1831        0.544%             1831        0.544%
CORE_CUM_STREAM_TRAIN_HITS_70                      364        0.108%              364        0.108%
CORE_CUM_STREAM_TRAIN_HITS_80                     2280        0.678%             2280        0.678%
CORE_CUM_STREAM_TRAIN_HITS_90                     1184        0.352%             1184        0.352%
CORE_CUM_STREAM_TRAIN_HITS_100_P                288739       85.835%           288739       85.835%
                                                336390      100.000%           336390      100.000%
                                                  8.83         8.43              8.83         8.43

CORE_STREAM_TRAIN_CREATE                         32150                          32150              



