/* -*- Mode: c -*- */
####################################################################################################
Core 0
####################################################################################################
Cumulative:        Cycles: 14668304              Instructions: 30000000              IPC: 2.04523

EXECUTION_TIME                           4583845000000                  4583845000000              

NODE_CYCLE                                    14668304                       14668304              

NODE_INST_COUNT                               30000000                       30000000              

NODE_UOP_COUNT                                34090551                       34090551              

FULL_WINDOW_STALL                              3429426       23.380%          3429426       23.380%

FULL_WINDOW_MEM_OP                             2890477       99.902%          2890477       99.902%
FULL_WINDOW_FP_OP                                    0        0.000%                0        0.000%
FULL_WINDOW_OTHER_OP                              2838        0.098%             2838        0.098%
                                               2893315      100.000%          2893315      100.000%
                                                  0.00         0.06              0.00         0.06

RET_BLOCKED_DC_MISS                            2688258       18.327%          2688258       18.327%

RET_BLOCKED_L1_MISS                            2140555       14.593%          2140555       14.593%

RET_BLOCKED_L1_MISS_BW_PREF                      16709        0.114%            16709        0.114%

RET_BLOCKED_L1_ACCESS                           550303        3.752%           550303        3.752%

RET_BLOCKED_MEM_STALL                          2260959       15.414%          2260959       15.414%

RET_BLOCKED_OFFCHIP_DEMAND                           0        0.000%                0        0.000%

OP_ISSUED                                     46306827                       46306827              

OP_RETIRED                                    34090551                       34090551              

REPLAY_SIGNALED                                      0                              0              

REPLAY_COUNTED                                       0                              0              

OFF_CRITICAL_PATH                                    0         -nan%                0         -nan%
ON_CRITICAL_PATH                                     0         -nan%                0         -nan%
                                                     0         -nan%                0         -nan%
                                                  -nan         -nan              -nan         -nan

LD_NO_DEPENDENTS                                   542        0.007%              542        0.007%
LD_DEPENDENTS                                  7246675       99.993%          7246675       99.993%
                                               7247217      100.000%          7247217      100.000%
                                                  1.00         1.00              1.00         1.00

LD_EXEC_CYCLES_0                                     0        0.000%                0        0.000%
LD_EXEC_CYCLES_1                                     0        0.000%                0        0.000%
LD_EXEC_CYCLES_2                                     0        0.000%                0        0.000%
LD_EXEC_CYCLES_3                               5457418       82.933%          5457418       82.933%
LD_EXEC_CYCLES_4                               1123103       17.067%          1123103       17.067%
                                               6580521      100.000%          6580521      100.000%
                                                  3.17         1.36              3.17         1.36

FU_BUSY_0                                      9874683                        9874683              

FU_BUSY_1                                      8799612                        8799612              

FU_BUSY_2                                      7035929                        7035929              

FU_BUSY_3                                      5471120                        5471120              

FU_BUSY_4                                      4372435                        4372435              

FU_BUSY_5                                      2989711                        2989711              

FU_BUSY_6                                      2051845                        2051845              

FU_BUSY_7                                      1464063                        1464063              

FU_BUSY_8                                            0                              0              

FU_BUSY_9                                            0                              0              

FU_BUSY_10                                           0                              0              

FU_BUSY_11                                           0                              0              

FU_BUSY_12                                           0                              0              

FU_BUSY_13                                           0                              0              

FU_BUSY_14                                           0                              0              

FU_BUSY_15                                           0                              0              

FU_BUSY_16                                           0                              0              

FU_BUSY_17                                           0                              0              

FU_BUSY_18                                           0                              0              

FU_BUSY_19                                           0                              0              

FU_BUSY_20                                           0                              0              

FU_BUSY_21                                           0                              0              

FU_BUSY_22                                           0                              0              

FU_BUSY_23                                           0                              0              

FU_BUSY_24                                           0                              0              

FU_BUSY_25                                           0                              0              

FU_BUSY_26                                           0                              0              

FU_BUSY_27                                           0                              0              

FU_BUSY_28                                           0                              0              

FU_BUSY_29                                           0                              0              

FU_BUSY_30                                           0                              0              

FU_BUSY_31                                           0                              0              

OP_WAIT_0                                     23848813                       23848813              

OP_WAIT_1                                      7590453                        7590453              

OP_WAIT_2                                       907293                         907293              

OP_WAIT_3                                       358539                         358539              

OP_WAIT_4                                       247727                         247727              

OP_WAIT_5                                       187144                         187144              

OP_WAIT_6                                       130831                         130831              

OP_WAIT_7                                        92844                          92844              

OP_WAIT_8                                        74738                          74738              

OP_WAIT_9                                        66120                          66120              

OP_WAIT_10                                       59719                          59719              

OP_WAIT_11                                       78091                          78091              

OP_WAIT_12                                       66087                          66087              

OP_WAIT_13                                       20331                          20331              

OP_WAIT_14                                       13033                          13033              

OP_WAIT_15                                       18477                          18477              

OP_WAIT_16                                       22731                          22731              

OP_WAIT_17                                        8952                           8952              

OP_WAIT_18                                       22391                          22391              

OP_WAIT_19                                       23228                          23228              

OP_WAIT_20                                       21431                          21431              

OP_WAIT_21                                       17022                          17022              

OP_WAIT_22                                       43094                          43094              

OP_WAIT_23                                        5851                           5851              

OP_WAIT_24                                        8270                           8270              

OP_WAIT_25                                        4618                           4618              

OP_WAIT_26                                        3748                           3748              

OP_WAIT_27                                        6903                           6903              

OP_WAIT_28                                        7358                           7358              

OP_WAIT_29                                        2793                           2793              

OP_WAIT_30                                        1518                           1518              

OP_WAIT_31                                      130403                         130403              

ROW_SIZE_0                                     5181692                        5181692              

ROW_SIZE_1                                     1779682                        1779682              

ROW_SIZE_2                                      874275                         874275              

ROW_SIZE_3                                      543121                         543121              

ROW_SIZE_4                                      310286                         310286              

ROW_SIZE_5                                      224610                         224610              

ROW_SIZE_6                                     4428127                        4428127              

ROW_SIZE_7                                           0                              0              

ROW_SIZE_8                                           0                              0              

ROW_SIZE_9                                           0                              0              

ROW_SIZE_10                                          0                              0              

ROW_SIZE_11                                          0                              0              

ROW_SIZE_12                                          0                              0              

ROW_SIZE_13                                          0                              0              

ROW_SIZE_14                                          0                              0              

ROW_SIZE_15                                          0                              0              

ROW_SIZE_16                                          0                              0              

ROW_SIZE_17                                          0                              0              

ROW_SIZE_18                                          0                              0              

ROW_SIZE_19                                          0                              0              

ROW_SIZE_20                                          0                              0              

ROW_SIZE_21                                          0                              0              

ROW_SIZE_22                                          0                              0              

ROW_SIZE_23                                          0                              0              

ROW_SIZE_24                                          0                              0              

ROW_SIZE_25                                          0                              0              

ROW_SIZE_26                                          0                              0              

ROW_SIZE_27                                          0                              0              

ROW_SIZE_28                                          0                              0              

ROW_SIZE_29                                          0                              0              

ROW_SIZE_30                                          0                              0              

ROW_SIZE_31                                          0                              0              

RET_OP_EXEC_COUNT_0                                  0        0.000%                0        0.000%
RET_OP_EXEC_COUNT_1                           34090551      100.000%         34090551      100.000%
RET_OP_EXEC_COUNT_2                                  0        0.000%                0        0.000%
RET_OP_EXEC_COUNT_3                                  0        0.000%                0        0.000%
RET_OP_EXEC_COUNT_4                                  0        0.000%                0        0.000%
RET_OP_EXEC_COUNT_5                                  0        0.000%                0        0.000%
RET_OP_EXEC_COUNT_6                                  0        0.000%                0        0.000%
RET_OP_EXEC_COUNT_7                                  0        0.000%                0        0.000%
RET_OP_EXEC_COUNT_8                                  0        0.000%                0        0.000%
RET_OP_EXEC_COUNT_9                                  0        0.000%                0        0.000%
RET_OP_EXEC_COUNT_10                                 0        0.000%                0        0.000%
RET_OP_EXEC_COUNT_11                                 0        0.000%                0        0.000%
RET_OP_EXEC_COUNT_12                                 0        0.000%                0        0.000%
RET_OP_EXEC_COUNT_13                                 0        0.000%                0        0.000%
RET_OP_EXEC_COUNT_14                                 0        0.000%                0        0.000%
RET_OP_EXEC_COUNT_15                                 0        0.000%                0        0.000%
RET_OP_EXEC_COUNT_16                                 0        0.000%                0        0.000%
RET_OP_EXEC_COUNT_17                                 0        0.000%                0        0.000%
RET_OP_EXEC_COUNT_18                                 0        0.000%                0        0.000%
RET_OP_EXEC_COUNT_19                                 0        0.000%                0        0.000%
RET_OP_EXEC_COUNT_20                                 0        0.000%                0        0.000%
RET_OP_EXEC_COUNT_21                                 0        0.000%                0        0.000%
RET_OP_EXEC_COUNT_22                                 0        0.000%                0        0.000%
RET_OP_EXEC_COUNT_23                                 0        0.000%                0        0.000%
RET_OP_EXEC_COUNT_24                                 0        0.000%                0        0.000%
RET_OP_EXEC_COUNT_25                                 0        0.000%                0        0.000%
RET_OP_EXEC_COUNT_26                                 0        0.000%                0        0.000%
RET_OP_EXEC_COUNT_27                                 0        0.000%                0        0.000%
RET_OP_EXEC_COUNT_28                                 0        0.000%                0        0.000%
RET_OP_EXEC_COUNT_29                                 0        0.000%                0        0.000%
RET_OP_EXEC_COUNT_30                                 0        0.000%                0        0.000%
RET_OP_EXEC_COUNT_31                                 0        0.000%                0        0.000%
RET_OP_EXEC_COUNT_32                                 0        0.000%                0        0.000%
                                              34090551      100.000%         34090551      100.000%
                                                  1.00         0.00              1.00         0.00

RET_STALL_LENGTH_0                            34077014       99.960%         34077014       99.960%
RET_STALL_LENGTH_100                             12946        0.038%            12946        0.038%
RET_STALL_LENGTH_200                               164        0.000%              164        0.000%
RET_STALL_LENGTH_300                               111        0.000%              111        0.000%
RET_STALL_LENGTH_400                                74        0.000%               74        0.000%
RET_STALL_LENGTH_500                                29        0.000%               29        0.000%
RET_STALL_LENGTH_600                                13        0.000%               13        0.000%
RET_STALL_LENGTH_700                                 8        0.000%                8        0.000%
RET_STALL_LENGTH_800                                 9        0.000%                9        0.000%
RET_STALL_LENGTH_900                                10        0.000%               10        0.000%
RET_STALL_LENGTH_1000                               31        0.000%               31        0.000%
RET_STALL_LENGTH_1100                               51        0.000%               51        0.000%
RET_STALL_LENGTH_1200                               72        0.000%               72        0.000%
RET_STALL_LENGTH_1300                               11        0.000%               11        0.000%
RET_STALL_LENGTH_1400                                4        0.000%                4        0.000%
RET_STALL_LENGTH_1500                                0        0.000%                0        0.000%
RET_STALL_LENGTH_1600                                2        0.000%                2        0.000%
RET_STALL_LENGTH_1700                                1        0.000%                1        0.000%
RET_STALL_LENGTH_1800                                1        0.000%                1        0.000%
RET_STALL_LENGTH_1900                                0        0.000%                0        0.000%
RET_STALL_LENGTH_2000                                0        0.000%                0        0.000%
RET_STALL_LENGTH_2100                                0        0.000%                0        0.000%
RET_STALL_LENGTH_2200                                0        0.000%                0        0.000%
RET_STALL_LENGTH_2300                                0        0.000%                0        0.000%
RET_STALL_LENGTH_2400                                0        0.000%                0        0.000%
RET_STALL_LENGTH_2500                                0        0.000%                0        0.000%
RET_STALL_LENGTH_2600                                0        0.000%                0        0.000%
RET_STALL_LENGTH_2700                                0        0.000%                0        0.000%
RET_STALL_LENGTH_2800                                0        0.000%                0        0.000%
RET_STALL_LENGTH_2900                                0        0.000%                0        0.000%
RET_STALL_LENGTH_3000                                0        0.000%                0        0.000%
RET_STALL_LENGTH_3100                                0        0.000%                0        0.000%
RET_STALL_LENGTH_3200                                0        0.000%                0        0.000%
RET_STALL_LENGTH_3300                                0        0.000%                0        0.000%
RET_STALL_LENGTH_3400                                0        0.000%                0        0.000%
RET_STALL_LENGTH_3500                                0        0.000%                0        0.000%
RET_STALL_LENGTH_3600                                0        0.000%                0        0.000%
RET_STALL_LENGTH_3700                                0        0.000%                0        0.000%
RET_STALL_LENGTH_3800                                0        0.000%                0        0.000%
RET_STALL_LENGTH_3900                                0        0.000%                0        0.000%
RET_STALL_LENGTH_4000                                0        0.000%                0        0.000%
RET_STALL_LENGTH_4100                                0        0.000%                0        0.000%
RET_STALL_LENGTH_4200                                0        0.000%                0        0.000%
RET_STALL_LENGTH_4300                                0        0.000%                0        0.000%
RET_STALL_LENGTH_4400                                0        0.000%                0        0.000%
RET_STALL_LENGTH_4500                                0        0.000%                0        0.000%
RET_STALL_LENGTH_4600                                0        0.000%                0        0.000%
RET_STALL_LENGTH_4700                                0        0.000%                0        0.000%
RET_STALL_LENGTH_4800                                0        0.000%                0        0.000%
RET_STALL_LENGTH_4900                                0        0.000%                0        0.000%
RET_STALL_LENGTH_5000                                0        0.000%                0        0.000%
                                              34090551      100.000%         34090551      100.000%
                                                  0.00         0.04              0.00         0.04

MEM_BLOCK_LENGTH_0                                  74       17.536%               74       17.536%
MEM_BLOCK_LENGTH_100                                57       13.507%               57       13.507%
MEM_BLOCK_LENGTH_200                               107       25.355%              107       25.355%
MEM_BLOCK_LENGTH_300                                85       20.142%               85       20.142%
MEM_BLOCK_LENGTH_400                                45       10.664%               45       10.664%
MEM_BLOCK_LENGTH_500                                26        6.161%               26        6.161%
MEM_BLOCK_LENGTH_600                                 8        1.896%                8        1.896%
MEM_BLOCK_LENGTH_700                                 2        0.474%                2        0.474%
MEM_BLOCK_LENGTH_800                                 3        0.711%                3        0.711%
MEM_BLOCK_LENGTH_900                                 1        0.237%                1        0.237%
MEM_BLOCK_LENGTH_1000                                3        0.711%                3        0.711%
MEM_BLOCK_LENGTH_1100                                1        0.237%                1        0.237%
MEM_BLOCK_LENGTH_1200                                3        0.711%                3        0.711%
MEM_BLOCK_LENGTH_1300                                1        0.237%                1        0.237%
MEM_BLOCK_LENGTH_1400                                3        0.711%                3        0.711%
MEM_BLOCK_LENGTH_1500                                0        0.000%                0        0.000%
MEM_BLOCK_LENGTH_1600                                1        0.237%                1        0.237%
MEM_BLOCK_LENGTH_1700                                1        0.237%                1        0.237%
MEM_BLOCK_LENGTH_1800                                0        0.000%                0        0.000%
MEM_BLOCK_LENGTH_1900                                1        0.237%                1        0.237%
MEM_BLOCK_LENGTH_2000                                0        0.000%                0        0.000%
MEM_BLOCK_LENGTH_2100                                0        0.000%                0        0.000%
MEM_BLOCK_LENGTH_2200                                0        0.000%                0        0.000%
MEM_BLOCK_LENGTH_2300                                0        0.000%                0        0.000%
MEM_BLOCK_LENGTH_2400                                0        0.000%                0        0.000%
MEM_BLOCK_LENGTH_2500                                0        0.000%                0        0.000%
MEM_BLOCK_LENGTH_2600                                0        0.000%                0        0.000%
MEM_BLOCK_LENGTH_2700                                0        0.000%                0        0.000%
MEM_BLOCK_LENGTH_2800                                0        0.000%                0        0.000%
MEM_BLOCK_LENGTH_2900                                0        0.000%                0        0.000%
MEM_BLOCK_LENGTH_3000                                0        0.000%                0        0.000%
MEM_BLOCK_LENGTH_3100                                0        0.000%                0        0.000%
MEM_BLOCK_LENGTH_3200                                0        0.000%                0        0.000%
MEM_BLOCK_LENGTH_3300                                0        0.000%                0        0.000%
MEM_BLOCK_LENGTH_3400                                0        0.000%                0        0.000%
MEM_BLOCK_LENGTH_3500                                0        0.000%                0        0.000%
MEM_BLOCK_LENGTH_3600                                0        0.000%                0        0.000%
MEM_BLOCK_LENGTH_3700                                0        0.000%                0        0.000%
MEM_BLOCK_LENGTH_3800                                0        0.000%                0        0.000%
MEM_BLOCK_LENGTH_3900                                0        0.000%                0        0.000%
MEM_BLOCK_LENGTH_4000                                0        0.000%                0        0.000%
MEM_BLOCK_LENGTH_4100                                0        0.000%                0        0.000%
MEM_BLOCK_LENGTH_4200                                0        0.000%                0        0.000%
MEM_BLOCK_LENGTH_4300                                0        0.000%                0        0.000%
MEM_BLOCK_LENGTH_4400                                0        0.000%                0        0.000%
MEM_BLOCK_LENGTH_4500                                0        0.000%                0        0.000%
MEM_BLOCK_LENGTH_4600                                0        0.000%                0        0.000%
MEM_BLOCK_LENGTH_4700                                0        0.000%                0        0.000%
MEM_BLOCK_LENGTH_4800                                0        0.000%                0        0.000%
MEM_BLOCK_LENGTH_4900                                0        0.000%                0        0.000%
MEM_BLOCK_LENGTH_5000                                0        0.000%                0        0.000%
                                                   422      100.000%              422      100.000%
                                                  2.64         2.35              2.64         2.35

FUS_BUSY_ON_PATH                              37123344        2.5309         37123344        2.5309

FUS_BUSY_OFF_PATH                              4936054        0.3365          4936054        0.3365

FU_BUSY_MEM_STALL                              3338040        0.2276          3338040        0.2276

FUS_EMPTY                                     75287034        5.1326         75287034        5.1326

CHIP_UTILIZATION                                     0        0.0000                0        0.0000

CYCLES_UNDER_MEM_REQ                                 0                              0              

CYCLES_UNDER_NO_MEM_REQ                              0                              0              

CYCLES_UNDER_CRITICAL_MEM_REQ                        0                              0              

CYCLES_UNDER_NONCRITICAL_MEM_REQ                     0                              0              

CHIP_UTILIZATION_UNDER_MEM_REQ                       0          -nan                0          -nan

CHIP_UTILIZATION_UNDER_NO_MEM_REQ                    0          -nan                0          -nan

CHIP_UTILIZATION_UNDER_CRITICAL_MEM_REQ              0          -nan                0          -nan

CHIP_UTILIZATION_UNDER_NONCRITICAL_MEM_REQ             0          -nan                0          -nan

CYCLES_NOT_WAITING_FOR_OFF_CHIP                      0        0.0000                0        0.0000

FUS_BUSY_NOT_WAITING_FOR_OFF_CHIP                    0          -nan                0          -nan

CYCLES_WAITING_FOR_OFF_CHIP                          0        0.0000                0        0.0000

FUS_BUSY_WAITING_FOR_OFF_CHIP                        0          -nan                0          -nan

TOTAL_OFF_CHIP_DELAYS_LEFT                           0                              0              

WRONG_IO_SCHED                                       0                              0              

DVFS_CONFIG_SWITCH                                   0                              0              



