/* -*- Mode: c -*- */
####################################################################################################
Core 0
####################################################################################################
Cumulative:        Cycles: 14668304              Instructions: 30000000              IPC: 2.04523

ST_OP_INV                                            0        0.000%                0        0.000%
ST_OP_NOP                                       346362        1.016%           346362        1.016%
ST_OP_CF                                       5297667       15.540%          5297667       15.540%
ST_OP_MOV                                      4721977       13.851%          4721977       13.851%
ST_OP_CMOV                                        1214        0.004%             1214        0.004%
ST_OP_LDA                                      1485852        4.359%          1485852        4.359%
ST_OP_IMEM                                    11097837       32.554%         11097837       32.554%
ST_OP_IADD                                     4836706       14.188%          4836706       14.188%
ST_OP_IMUL                                         607        0.002%              607        0.002%
ST_OP_IDIV                                           0        0.000%                0        0.000%
ST_OP_ICMP                                     2902159        8.513%          2902159        8.513%
ST_OP_LOGIC                                    2057821        6.036%          2057821        6.036%
ST_OP_SHIFT                                    1342619        3.938%          1342619        3.938%
ST_OP_FMEM                                           0        0.000%                0        0.000%
ST_OP_FCVT                                           0        0.000%                0        0.000%
ST_OP_FADD                                           0        0.000%                0        0.000%
ST_OP_FMUL                                           0        0.000%                0        0.000%
ST_OP_FMA                                            0        0.000%                0        0.000%
ST_OP_FDIV                                           0        0.000%                0        0.000%
ST_OP_FCMP                                           0        0.000%                0        0.000%
ST_OP_FCMOV                                          0        0.000%                0        0.000%
ST_OP_GATHER                                         0        0.000%                0        0.000%
ST_OP_SCATTER                                        0        0.000%                0        0.000%
ST_OP_PIPELINED_FAST                                 0        0.000%                0        0.000%
ST_OP_PIPELINED_MEDIUM                               0        0.000%                0        0.000%
ST_OP_PIPELINED_SLOW                                 0        0.000%                0        0.000%
ST_OP_NOTPIPELINED_MEDIUM                            0        0.000%                0        0.000%
ST_OP_NOTPIPELINED_SLOW                              0        0.000%                0        0.000%
ST_OP_NOTPIPELINED_VERY_SLOW                         0        0.000%                0        0.000%
                                              34090821      100.000%         34090821      100.000%
                                                  5.89         2.91              5.89         2.91

ST_NOT_CF                                     28793154       84.460%         28793154       84.460%
ST_CF_BR                                        696318        2.043%           696318        2.043%
ST_CF_CBR                                      4600508       13.495%          4600508       13.495%
ST_CF_CALL                                         385        0.001%              385        0.001%
ST_CF_IBR                                           72        0.000%               72        0.000%
ST_CF_ICALL                                          0        0.000%                0        0.000%
ST_CF_ICO                                            0        0.000%                0        0.000%
ST_CF_RET                                          384        0.001%              384        0.001%
ST_CF_SYS                                            0        0.000%                0        0.000%
                                              34090821      100.000%         34090821      100.000%
                                                  0.29         0.64              0.29         0.64

ST_BAR_NONE                                   34090821      100.000%         34090821      100.000%
ST_BAR_FETCH                                         0        0.000%                0        0.000%
ST_BAR_ISSUE                                         0        0.000%                0        0.000%
ST_BAR_BOTH                                          0        0.000%                0        0.000%
                                              34090821      100.000%         34090821      100.000%
                                                  0.00         0.00              0.00         0.00

ST_NOT_MEM                                    22992984       67.446%         22992984       67.446%
ST_MEM_LD                                      7247307       21.259%          7247307       21.259%
ST_MEM_ST                                      3850530       11.295%          3850530       11.295%
ST_MEM_PF                                            0        0.000%                0        0.000%
ST_MEM_WH                                            0        0.000%                0        0.000%
ST_MEM_EVICT                                         0        0.000%                0        0.000%
                                              34090821      100.000%         34090821      100.000%
                                                  0.44         0.59              0.44         0.59

ST_NOT_MEM_OFFPATH                            14927717       62.657%         14927717       62.657%
ST_MEM_LD_OFFPATH                              5817576       24.419%          5817576       24.419%
ST_MEM_ST_OFFPATH                              3079104       12.924%          3079104       12.924%
ST_MEM_PF_OFFPATH                                    0        0.000%                0        0.000%
ST_MEM_WH_OFFPATH                                    0        0.000%                0        0.000%
ST_MEM_EVIC_OFFPATHT                                 0        0.000%                0        0.000%
                                              23824397      100.000%         23824397      100.000%
                                                  0.50         0.59              0.50         0.59

ST_OP_ONPATH                                  34090821                       34090821              

ST_OP_OFFPATH                                 23824397                       23824397              

ST_FAKE_OP_OFFPATH                               11946        0.050%            11946        0.050%
ST_NOT_FAKE_OP_OFFPATH                        23812451       99.950%         23812451       99.950%
                                              23824397      100.000%         23824397      100.000%
                                                  1.00         1.00              1.00         1.00

ST_FAKE_REASON_NOT_FAKE                       23812451       99.950%         23812451       99.950%
ST_FAKE_REASON_REDIRECT_TO_NOT_INSTRUMENTED          6618        0.028%             6618        0.028%
ST_FAKE_REASON_RETURN_TO_NOT_INSTRUMENTED            42        0.000%               42        0.000%
ST_FAKE_REASON_NONRET_CF_TO_NOT_INSTRUMENTED          5252        0.022%             5252        0.022%
ST_FAKE_REASON_NOT_TAKEN_TO_NOT_INSTRUMENTED             0        0.000%                0        0.000%
ST_FAKE_REASON_WRONG_PATH_STORE_TO_NEW_REGION            34        0.000%               34        0.000%
                                              23824397      100.000%         23824397      100.000%
                                                  0.00         0.05              0.00         0.05

ST_INST_ONPATH                                30000198                       30000198              

ST_INST_OFFPATH                               22188745                       22188745              

STATIC_PIN_NOP                                       0                              0              

DYNAMIC_PIN_REP_GREATER_256                          0                              0              



