/* -*- Mode: c -*- */
####################################################################################################
Core 0
####################################################################################################
Cumulative:        Cycles: 14742636              Instructions: 30000002              IPC: 2.03491

EXECUTION_TIME                           4607073750000                  4607073750000              

NODE_CYCLE                                    14742636                       14742636              

NODE_INST_COUNT                               30000002                       30000002              

NODE_UOP_COUNT                                38609828                       38609828              

FULL_WINDOW_STALL                              6367731       43.193%          6367731       43.193%

FULL_WINDOW_MEM_OP                             4654073       90.100%          4654073       90.100%
FULL_WINDOW_FP_OP                               506419        9.804%           506419        9.804%
FULL_WINDOW_OTHER_OP                              4956        0.096%             4956        0.096%
                                               5165448      100.000%          5165448      100.000%
                                                  0.10         0.29              0.10         0.29

RET_BLOCKED_DC_MISS                            5342068       36.236%          5342068       36.236%

RET_BLOCKED_L1_MISS                            4657858       31.594%          4657858       31.594%

RET_BLOCKED_L1_MISS_BW_PREF                     304230        2.064%           304230        2.064%

RET_BLOCKED_L1_ACCESS                           684808        4.645%           684808        4.645%

RET_BLOCKED_MEM_STALL                          4673251       31.699%          4673251       31.699%

RET_BLOCKED_OFFCHIP_DEMAND                           0        0.000%                0        0.000%

OP_ISSUED                                     42143026                       42143026              

OP_RETIRED                                    38609828                       38609828              

REPLAY_SIGNALED                                      0                              0              

REPLAY_COUNTED                                       0                              0              

OFF_CRITICAL_PATH                                    0         -nan%                0         -nan%
ON_CRITICAL_PATH                                     0         -nan%                0         -nan%
                                                     0         -nan%                0         -nan%
                                                  -nan         -nan              -nan         -nan

LD_NO_DEPENDENTS                                 42245        0.528%            42245        0.528%
LD_DEPENDENTS                                  7965643       99.472%          7965643       99.472%
                                               8007888      100.000%          8007888      100.000%
                                                  0.99         0.99              0.99         0.99

LD_EXEC_CYCLES_0                                     0        0.000%                0        0.000%
LD_EXEC_CYCLES_1                                     0        0.000%                0        0.000%
LD_EXEC_CYCLES_2                                     0        0.000%                0        0.000%
LD_EXEC_CYCLES_3                               4033907       72.929%          4033907       72.929%
LD_EXEC_CYCLES_4                               1497379       27.071%          1497379       27.071%
                                               5531286      100.000%          5531286      100.000%
                                                  3.27         1.76              3.27         1.76

FU_BUSY_0                                      9884670                        9884670              

FU_BUSY_1                                      8900081                        8900081              

FU_BUSY_2                                      7564284                        7564284              

FU_BUSY_3                                      6378048                        6378048              

FU_BUSY_4                                      4638841                        4638841              

FU_BUSY_5                                      3423877                        3423877              

FU_BUSY_6                                      2360938                        2360938              

FU_BUSY_7                                      1556487                        1556487              

FU_BUSY_8                                            0                              0              

FU_BUSY_9                                            0                              0              

FU_BUSY_10                                           0                              0              

FU_BUSY_11                                           0                              0              

FU_BUSY_12                                           0                              0              

FU_BUSY_13                                           0                              0              

FU_BUSY_14                                           0                              0              

FU_BUSY_15                                           0                              0              

FU_BUSY_16                                           0                              0              

FU_BUSY_17                                           0                              0              

FU_BUSY_18                                           0                              0              

FU_BUSY_19                                           0                              0              

FU_BUSY_20                                           0                              0              

FU_BUSY_21                                           0                              0              

FU_BUSY_22                                           0                              0              

FU_BUSY_23                                           0                              0              

FU_BUSY_24                                           0                              0              

FU_BUSY_25                                           0                              0              

FU_BUSY_26                                           0                              0              

FU_BUSY_27                                           0                              0              

FU_BUSY_28                                           0                              0              

FU_BUSY_29                                           0                              0              

FU_BUSY_30                                           0                              0              

FU_BUSY_31                                           0                              0              

OP_WAIT_0                                     27832153                       27832153              

OP_WAIT_1                                      7878578                        7878578              

OP_WAIT_2                                      1368969                        1368969              

OP_WAIT_3                                       484301                         484301              

OP_WAIT_4                                       163108                         163108              

OP_WAIT_5                                       166045                         166045              

OP_WAIT_6                                       111840                         111840              

OP_WAIT_7                                        33512                          33512              

OP_WAIT_8                                        27394                          27394              

OP_WAIT_9                                        29724                          29724              

OP_WAIT_10                                       11638                          11638              

OP_WAIT_11                                        7428                           7428              

OP_WAIT_12                                        7707                           7707              

OP_WAIT_13                                       39592                          39592              

OP_WAIT_14                                       56381                          56381              

OP_WAIT_15                                       43640                          43640              

OP_WAIT_16                                       63456                          63456              

OP_WAIT_17                                       58797                          58797              

OP_WAIT_18                                      133106                         133106              

OP_WAIT_19                                        6179                           6179              

OP_WAIT_20                                        4269                           4269              

OP_WAIT_21                                        1249                           1249              

OP_WAIT_22                                        1585                           1585              

OP_WAIT_23                                        1660                           1660              

OP_WAIT_24                                        1134                           1134              

OP_WAIT_25                                         923                            923              

OP_WAIT_26                                        1261                           1261              

OP_WAIT_27                                        1723                           1723              

OP_WAIT_28                                        1834                           1834              

OP_WAIT_29                                        3363                           3363              

OP_WAIT_30                                        1368                           1368              

OP_WAIT_31                                       65911                          65911              

ROW_SIZE_0                                     6571455                        6571455              

ROW_SIZE_1                                     1007391                        1007391              

ROW_SIZE_2                                      223101                         223101              

ROW_SIZE_3                                       91999                          91999              

ROW_SIZE_4                                     1210574                        1210574              

ROW_SIZE_5                                       84918                          84918              

ROW_SIZE_6                                     5268892                        5268892              

ROW_SIZE_7                                           0                              0              

ROW_SIZE_8                                           0                              0              

ROW_SIZE_9                                           0                              0              

ROW_SIZE_10                                          0                              0              

ROW_SIZE_11                                          0                              0              

ROW_SIZE_12                                          0                              0              

ROW_SIZE_13                                          0                              0              

ROW_SIZE_14                                          0                              0              

ROW_SIZE_15                                          0                              0              

ROW_SIZE_16                                          0                              0              

ROW_SIZE_17                                          0                              0              

ROW_SIZE_18                                          0                              0              

ROW_SIZE_19                                          0                              0              

ROW_SIZE_20                                          0                              0              

ROW_SIZE_21                                          0                              0              

ROW_SIZE_22                                          0                              0              

ROW_SIZE_23                                          0                              0              

ROW_SIZE_24                                          0                              0              

ROW_SIZE_25                                          0                              0              

ROW_SIZE_26                                          0                              0              

ROW_SIZE_27                                          0                              0              

ROW_SIZE_28                                          0                              0              

ROW_SIZE_29                                          0                              0              

ROW_SIZE_30                                          0                              0              

ROW_SIZE_31                                          0                              0              

RET_OP_EXEC_COUNT_0                                  0        0.000%                0        0.000%
RET_OP_EXEC_COUNT_1                           38609828      100.000%         38609828      100.000%
RET_OP_EXEC_COUNT_2                                  0        0.000%                0        0.000%
RET_OP_EXEC_COUNT_3                                  0        0.000%                0        0.000%
RET_OP_EXEC_COUNT_4                                  0        0.000%                0        0.000%
RET_OP_EXEC_COUNT_5                                  0        0.000%                0        0.000%
RET_OP_EXEC_COUNT_6                                  0        0.000%                0        0.000%
RET_OP_EXEC_COUNT_7                                  0        0.000%                0        0.000%
RET_OP_EXEC_COUNT_8                                  0        0.000%                0        0.000%
RET_OP_EXEC_COUNT_9                                  0        0.000%                0        0.000%
RET_OP_EXEC_COUNT_10                                 0        0.000%                0        0.000%
RET_OP_EXEC_COUNT_11                                 0        0.000%                0        0.000%
RET_OP_EXEC_COUNT_12                                 0        0.000%                0        0.000%
RET_OP_EXEC_COUNT_13                                 0        0.000%                0        0.000%
RET_OP_EXEC_COUNT_14                                 0        0.000%                0        0.000%
RET_OP_EXEC_COUNT_15                                 0        0.000%                0        0.000%
RET_OP_EXEC_COUNT_16                                 0        0.000%                0        0.000%
RET_OP_EXEC_COUNT_17                                 0        0.000%                0        0.000%
RET_OP_EXEC_COUNT_18                                 0        0.000%                0        0.000%
RET_OP_EXEC_COUNT_19                                 0        0.000%                0        0.000%
RET_OP_EXEC_COUNT_20                                 0        0.000%                0        0.000%
RET_OP_EXEC_COUNT_21                                 0        0.000%                0        0.000%
RET_OP_EXEC_COUNT_22                                 0        0.000%                0        0.000%
RET_OP_EXEC_COUNT_23                                 0        0.000%                0        0.000%
RET_OP_EXEC_COUNT_24                                 0        0.000%                0        0.000%
RET_OP_EXEC_COUNT_25                                 0        0.000%                0        0.000%
RET_OP_EXEC_COUNT_26                                 0        0.000%                0        0.000%
RET_OP_EXEC_COUNT_27                                 0        0.000%                0        0.000%
RET_OP_EXEC_COUNT_28                                 0        0.000%                0        0.000%
RET_OP_EXEC_COUNT_29                                 0        0.000%                0        0.000%
RET_OP_EXEC_COUNT_30                                 0        0.000%                0        0.000%
RET_OP_EXEC_COUNT_31                                 0        0.000%                0        0.000%
RET_OP_EXEC_COUNT_32                                 0        0.000%                0        0.000%
                                              38609828      100.000%         38609828      100.000%
                                                  1.00         0.00              1.00         0.00

RET_STALL_LENGTH_0                            38589758       99.948%         38589758       99.948%
RET_STALL_LENGTH_100                             18075        0.047%            18075        0.047%
RET_STALL_LENGTH_200                               930        0.002%              930        0.002%
RET_STALL_LENGTH_300                               365        0.001%              365        0.001%
RET_STALL_LENGTH_400                               133        0.000%              133        0.000%
RET_STALL_LENGTH_500                                44        0.000%               44        0.000%
RET_STALL_LENGTH_600                                62        0.000%               62        0.000%
RET_STALL_LENGTH_700                                29        0.000%               29        0.000%
RET_STALL_LENGTH_800                                19        0.000%               19        0.000%
RET_STALL_LENGTH_900                                24        0.000%               24        0.000%
RET_STALL_LENGTH_1000                               39        0.000%               39        0.000%
RET_STALL_LENGTH_1100                               92        0.000%               92        0.000%
RET_STALL_LENGTH_1200                              190        0.000%              190        0.000%
RET_STALL_LENGTH_1300                               51        0.000%               51        0.000%
RET_STALL_LENGTH_1400                                9        0.000%                9        0.000%
RET_STALL_LENGTH_1500                                2        0.000%                2        0.000%
RET_STALL_LENGTH_1600                                3        0.000%                3        0.000%
RET_STALL_LENGTH_1700                                2        0.000%                2        0.000%
RET_STALL_LENGTH_1800                                1        0.000%                1        0.000%
RET_STALL_LENGTH_1900                                0        0.000%                0        0.000%
RET_STALL_LENGTH_2000                                0        0.000%                0        0.000%
RET_STALL_LENGTH_2100                                0        0.000%                0        0.000%
RET_STALL_LENGTH_2200                                0        0.000%                0        0.000%
RET_STALL_LENGTH_2300                                0        0.000%                0        0.000%
RET_STALL_LENGTH_2400                                0        0.000%                0        0.000%
RET_STALL_LENGTH_2500                                0        0.000%                0        0.000%
RET_STALL_LENGTH_2600                                0        0.000%                0        0.000%
RET_STALL_LENGTH_2700                                0        0.000%                0        0.000%
RET_STALL_LENGTH_2800                                0        0.000%                0        0.000%
RET_STALL_LENGTH_2900                                0        0.000%                0        0.000%
RET_STALL_LENGTH_3000                                0        0.000%                0        0.000%
RET_STALL_LENGTH_3100                                0        0.000%                0        0.000%
RET_STALL_LENGTH_3200                                0        0.000%                0        0.000%
RET_STALL_LENGTH_3300                                0        0.000%                0        0.000%
RET_STALL_LENGTH_3400                                0        0.000%                0        0.000%
RET_STALL_LENGTH_3500                                0        0.000%                0        0.000%
RET_STALL_LENGTH_3600                                0        0.000%                0        0.000%
RET_STALL_LENGTH_3700                                0        0.000%                0        0.000%
RET_STALL_LENGTH_3800                                0        0.000%                0        0.000%
RET_STALL_LENGTH_3900                                0        0.000%                0        0.000%
RET_STALL_LENGTH_4000                                0        0.000%                0        0.000%
RET_STALL_LENGTH_4100                                0        0.000%                0        0.000%
RET_STALL_LENGTH_4200                                0        0.000%                0        0.000%
RET_STALL_LENGTH_4300                                0        0.000%                0        0.000%
RET_STALL_LENGTH_4400                                0        0.000%                0        0.000%
RET_STALL_LENGTH_4500                                0        0.000%                0        0.000%
RET_STALL_LENGTH_4600                                0        0.000%                0        0.000%
RET_STALL_LENGTH_4700                                0        0.000%                0        0.000%
RET_STALL_LENGTH_4800                                0        0.000%                0        0.000%
RET_STALL_LENGTH_4900                                0        0.000%                0        0.000%
RET_STALL_LENGTH_5000                                0        0.000%                0        0.000%
                                              38609828      100.000%         38609828      100.000%
                                                  0.00         0.05              0.00         0.05

MEM_BLOCK_LENGTH_0                                1316       76.157%             1316       76.157%
MEM_BLOCK_LENGTH_100                               139        8.044%              139        8.044%
MEM_BLOCK_LENGTH_200                                84        4.861%               84        4.861%
MEM_BLOCK_LENGTH_300                                37        2.141%               37        2.141%
MEM_BLOCK_LENGTH_400                                13        0.752%               13        0.752%
MEM_BLOCK_LENGTH_500                                 1        0.058%                1        0.058%
MEM_BLOCK_LENGTH_600                                49        2.836%               49        2.836%
MEM_BLOCK_LENGTH_700                                22        1.273%               22        1.273%
MEM_BLOCK_LENGTH_800                                16        0.926%               16        0.926%
MEM_BLOCK_LENGTH_900                                11        0.637%               11        0.637%
MEM_BLOCK_LENGTH_1000                               14        0.810%               14        0.810%
MEM_BLOCK_LENGTH_1100                               13        0.752%               13        0.752%
MEM_BLOCK_LENGTH_1200                                8        0.463%                8        0.463%
MEM_BLOCK_LENGTH_1300                                1        0.058%                1        0.058%
MEM_BLOCK_LENGTH_1400                                3        0.174%                3        0.174%
MEM_BLOCK_LENGTH_1500                                1        0.058%                1        0.058%
MEM_BLOCK_LENGTH_1600                                0        0.000%                0        0.000%
MEM_BLOCK_LENGTH_1700                                0        0.000%                0        0.000%
MEM_BLOCK_LENGTH_1800                                0        0.000%                0        0.000%
MEM_BLOCK_LENGTH_1900                                0        0.000%                0        0.000%
MEM_BLOCK_LENGTH_2000                                0        0.000%                0        0.000%
MEM_BLOCK_LENGTH_2100                                0        0.000%                0        0.000%
MEM_BLOCK_LENGTH_2200                                0        0.000%                0        0.000%
MEM_BLOCK_LENGTH_2300                                0        0.000%                0        0.000%
MEM_BLOCK_LENGTH_2400                                0        0.000%                0        0.000%
MEM_BLOCK_LENGTH_2500                                0        0.000%                0        0.000%
MEM_BLOCK_LENGTH_2600                                0        0.000%                0        0.000%
MEM_BLOCK_LENGTH_2700                                0        0.000%                0        0.000%
MEM_BLOCK_LENGTH_2800                                0        0.000%                0        0.000%
MEM_BLOCK_LENGTH_2900                                0        0.000%                0        0.000%
MEM_BLOCK_LENGTH_3000                                0        0.000%                0        0.000%
MEM_BLOCK_LENGTH_3100                                0        0.000%                0        0.000%
MEM_BLOCK_LENGTH_3200                                0        0.000%                0        0.000%
MEM_BLOCK_LENGTH_3300                                0        0.000%                0        0.000%
MEM_BLOCK_LENGTH_3400                                0        0.000%                0        0.000%
MEM_BLOCK_LENGTH_3500                                0        0.000%                0        0.000%
MEM_BLOCK_LENGTH_3600                                0        0.000%                0        0.000%
MEM_BLOCK_LENGTH_3700                                0        0.000%                0        0.000%
MEM_BLOCK_LENGTH_3800                                0        0.000%                0        0.000%
MEM_BLOCK_LENGTH_3900                                0        0.000%                0        0.000%
MEM_BLOCK_LENGTH_4000                                0        0.000%                0        0.000%
MEM_BLOCK_LENGTH_4100                                0        0.000%                0        0.000%
MEM_BLOCK_LENGTH_4200                                0        0.000%                0        0.000%
MEM_BLOCK_LENGTH_4300                                0        0.000%                0        0.000%
MEM_BLOCK_LENGTH_4400                                0        0.000%                0        0.000%
MEM_BLOCK_LENGTH_4500                                0        0.000%                0        0.000%
MEM_BLOCK_LENGTH_4600                                0        0.000%                0        0.000%
MEM_BLOCK_LENGTH_4700                                0        0.000%                0        0.000%
MEM_BLOCK_LENGTH_4800                                0        0.000%                0        0.000%
MEM_BLOCK_LENGTH_4900                                0        0.000%                0        0.000%
MEM_BLOCK_LENGTH_5000                                0        0.000%                0        0.000%
                                                  1728      100.000%             1728      100.000%
                                                  0.93         2.19              0.93         2.19

FUS_BUSY_ON_PATH                              42359936        2.8733         42359936        2.8733

FUS_BUSY_OFF_PATH                              2347290        0.1592          2347290        0.1592

FU_BUSY_MEM_STALL                              3700768        0.2510          3700768        0.2510

FUS_EMPTY                                     73233862        4.9675         73233862        4.9675

CHIP_UTILIZATION                                     0        0.0000                0        0.0000

CYCLES_UNDER_MEM_REQ                                 0                              0              

CYCLES_UNDER_NO_MEM_REQ                              0                              0              

CYCLES_UNDER_CRITICAL_MEM_REQ                        0                              0              

CYCLES_UNDER_NONCRITICAL_MEM_REQ                     0                              0              

CHIP_UTILIZATION_UNDER_MEM_REQ                       0          -nan                0          -nan

CHIP_UTILIZATION_UNDER_NO_MEM_REQ                    0          -nan                0          -nan

CHIP_UTILIZATION_UNDER_CRITICAL_MEM_REQ              0          -nan                0          -nan

CHIP_UTILIZATION_UNDER_NONCRITICAL_MEM_REQ             0          -nan                0          -nan

CYCLES_NOT_WAITING_FOR_OFF_CHIP                      0        0.0000                0        0.0000

FUS_BUSY_NOT_WAITING_FOR_OFF_CHIP                    0          -nan                0          -nan

CYCLES_WAITING_FOR_OFF_CHIP                          0        0.0000                0        0.0000

FUS_BUSY_WAITING_FOR_OFF_CHIP                        0          -nan                0          -nan

TOTAL_OFF_CHIP_DELAYS_LEFT                           0                              0              

WRONG_IO_SCHED                                       0                              0              

DVFS_CONFIG_SWITCH                                   0                              0              



