/* -*- Mode: c -*- */
####################################################################################################
Core 0
####################################################################################################
Cumulative:        Cycles: 14742636              Instructions: 30000002              IPC: 2.03491

ST_OP_INV                                            0        0.000%                0        0.000%
ST_OP_NOP                                        78907        0.204%            78907        0.204%
ST_OP_CF                                       3921921       10.158%          3921921       10.158%
ST_OP_MOV                                      1496454        3.876%          1496454        3.876%
ST_OP_CMOV                                      111061        0.288%           111061        0.288%
ST_OP_LDA                                       255817        0.663%           255817        0.663%
ST_OP_IMEM                                     3716167        9.625%          3716167        9.625%
ST_OP_IADD                                     4901477       12.695%          4901477       12.695%
ST_OP_IMUL                                         129        0.000%              129        0.000%
ST_OP_IDIV                                          26        0.000%               26        0.000%
ST_OP_ICMP                                     2163260        5.603%          2163260        5.603%
ST_OP_LOGIC                                    2883545        7.468%          2883545        7.468%
ST_OP_SHIFT                                      64835        0.168%            64835        0.168%
ST_OP_FMEM                                     5997950       15.535%          5997950       15.535%
ST_OP_FCVT                                     4322119       11.194%          4322119       11.194%
ST_OP_FADD                                     4249259       11.006%          4249259       11.006%
ST_OP_FMUL                                     4315229       11.176%          4315229       11.176%
ST_OP_FMA                                         2880        0.007%             2880        0.007%
ST_OP_FDIV                                        8328        0.022%             8328        0.022%
ST_OP_FCMP                                      118758        0.308%           118758        0.308%
ST_OP_FCMOV                                          0        0.000%                0        0.000%
ST_OP_GATHER                                         0        0.000%                0        0.000%
ST_OP_SCATTER                                        0        0.000%                0        0.000%
ST_OP_PIPELINED_FAST                               351        0.001%              351        0.001%
ST_OP_PIPELINED_MEDIUM                            1536        0.004%             1536        0.004%
ST_OP_PIPELINED_SLOW                                 0        0.000%                0        0.000%
ST_OP_NOTPIPELINED_MEDIUM                            3        0.000%                3        0.000%
ST_OP_NOTPIPELINED_SLOW                              0        0.000%                0        0.000%
ST_OP_NOTPIPELINED_VERY_SLOW                         0        0.000%                0        0.000%
                                              38610012      100.000%         38610012      100.000%
                                                 10.32         4.66             10.32         4.66

ST_NOT_CF                                     34688091       89.842%         34688091       89.842%
ST_CF_BR                                         32610        0.084%            32610        0.084%
ST_CF_CBR                                      3794126        9.827%          3794126        9.827%
ST_CF_CALL                                       47277        0.122%            47277        0.122%
ST_CF_IBR                                          607        0.002%              607        0.002%
ST_CF_ICALL                                         12        0.000%               12        0.000%
ST_CF_ICO                                            0        0.000%                0        0.000%
ST_CF_RET                                        47289        0.122%            47289        0.122%
ST_CF_SYS                                            0        0.000%                0        0.000%
                                              38610012      100.000%         38610012      100.000%
                                                  0.21         0.62              0.21         0.62

ST_BAR_NONE                                   38610012      100.000%         38610012      100.000%
ST_BAR_FETCH                                         0        0.000%                0        0.000%
ST_BAR_ISSUE                                         0        0.000%                0        0.000%
ST_BAR_BOTH                                          0        0.000%                0        0.000%
                                              38610012      100.000%         38610012      100.000%
                                                  0.00         0.00              0.00         0.00

ST_NOT_MEM                                    28895895       74.840%         28895895       74.840%
ST_MEM_LD                                      8007931       20.741%          8007931       20.741%
ST_MEM_ST                                      1706186        4.419%          1706186        4.419%
ST_MEM_PF                                            0        0.000%                0        0.000%
ST_MEM_WH                                            0        0.000%                0        0.000%
ST_MEM_EVICT                                         0        0.000%                0        0.000%
                                              38610012      100.000%         38610012      100.000%
                                                  0.30         0.48              0.30         0.48

ST_NOT_MEM_OFFPATH                             3922735       70.818%          3922735       70.818%
ST_MEM_LD_OFFPATH                              1373904       24.803%          1373904       24.803%
ST_MEM_ST_OFFPATH                               242528        4.378%           242528        4.378%
ST_MEM_PF_OFFPATH                                    0        0.000%                0        0.000%
ST_MEM_WH_OFFPATH                                    0        0.000%                0        0.000%
ST_MEM_EVIC_OFFPATHT                                 0        0.000%                0        0.000%
                                               5539167      100.000%          5539167      100.000%
                                                  0.34         0.48              0.34         0.48

ST_OP_ONPATH                                  38610012                       38610012              

ST_OP_OFFPATH                                  5539167                        5539167              

ST_FAKE_OP_OFFPATH                              104746        1.891%           104746        1.891%
ST_NOT_FAKE_OP_OFFPATH                         5434421       98.109%          5434421       98.109%
                                               5539167      100.000%          5539167      100.000%
                                                  0.98         0.97              0.98         0.97

ST_FAKE_REASON_NOT_FAKE                        5434421       98.109%          5434421       98.109%
ST_FAKE_REASON_REDIRECT_TO_NOT_INSTRUMENTED          3828        0.069%             3828        0.069%
ST_FAKE_REASON_RETURN_TO_NOT_INSTRUMENTED          2040        0.037%             2040        0.037%
ST_FAKE_REASON_NONRET_CF_TO_NOT_INSTRUMENTED         98668        1.781%            98668        1.781%
ST_FAKE_REASON_NOT_TAKEN_TO_NOT_INSTRUMENTED           210        0.004%              210        0.004%
ST_FAKE_REASON_WRONG_PATH_STORE_TO_NEW_REGION             0        0.000%                0        0.000%
                                               5539167      100.000%          5539167      100.000%
                                                  0.06         0.40              0.06         0.40

ST_INST_ONPATH                                30000157                       30000157              

ST_INST_OFFPATH                                4700402                        4700402              

STATIC_PIN_NOP                                       0                              0              

DYNAMIC_PIN_REP_GREATER_256                          0                              0              



