/* -*- Mode: c -*- */
####################################################################################################
Core 0
####################################################################################################
Cumulative:        Cycles: 145539733             Instructions: 30000005              IPC: 0.20613

ST_OP_INV                                            0        0.000%                0        0.000%
ST_OP_NOP                                       171548        0.508%           171548        0.508%
ST_OP_CF                                       7549588       22.378%          7549588       22.378%
ST_OP_MOV                                      2193195        6.501%          2193195        6.501%
ST_OP_CMOV                                        3463        0.010%             3463        0.010%
ST_OP_LDA                                       441978        1.310%           441978        1.310%
ST_OP_IMEM                                    12555940       37.218%         12555940       37.218%
ST_OP_IADD                                     4135582       12.259%          4135582       12.259%
ST_OP_IMUL                                        1728        0.005%             1728        0.005%
ST_OP_IDIV                                           0        0.000%                0        0.000%
ST_OP_ICMP                                     3801313       11.268%          3801313       11.268%
ST_OP_LOGIC                                    2612680        7.744%          2612680        7.744%
ST_OP_SHIFT                                     269162        0.798%           269162        0.798%
ST_OP_FMEM                                           0        0.000%                0        0.000%
ST_OP_FCVT                                           0        0.000%                0        0.000%
ST_OP_FADD                                           0        0.000%                0        0.000%
ST_OP_FMUL                                           0        0.000%                0        0.000%
ST_OP_FMA                                            0        0.000%                0        0.000%
ST_OP_FDIV                                           0        0.000%                0        0.000%
ST_OP_FCMP                                           0        0.000%                0        0.000%
ST_OP_FCMOV                                          0        0.000%                0        0.000%
ST_OP_GATHER                                         0        0.000%                0        0.000%
ST_OP_SCATTER                                        0        0.000%                0        0.000%
ST_OP_PIPELINED_FAST                                 0        0.000%                0        0.000%
ST_OP_PIPELINED_MEDIUM                               0        0.000%                0        0.000%
ST_OP_PIPELINED_SLOW                                 0        0.000%                0        0.000%
ST_OP_NOTPIPELINED_MEDIUM                            0        0.000%                0        0.000%
ST_OP_NOTPIPELINED_SLOW                              0        0.000%                0        0.000%
ST_OP_NOTPIPELINED_VERY_SLOW                         0        0.000%                0        0.000%
                                              33736177      100.000%         33736177      100.000%
                                                  5.88         2.91              5.88         2.91

ST_NOT_CF                                     26186589       77.622%         26186589       77.622%
ST_CF_BR                                        557131        1.651%           557131        1.651%
ST_CF_CBR                                      6907423       20.475%          6907423       20.475%
ST_CF_CALL                                       42518        0.126%            42518        0.126%
ST_CF_IBR                                            0        0.000%                0        0.000%
ST_CF_ICALL                                          0        0.000%                0        0.000%
ST_CF_ICO                                            0        0.000%                0        0.000%
ST_CF_RET                                        42516        0.126%            42516        0.126%
ST_CF_SYS                                            0        0.000%                0        0.000%
                                              33736177      100.000%         33736177      100.000%
                                                  0.44         0.75              0.44         0.75

ST_BAR_NONE                                   33736177      100.000%         33736177      100.000%
ST_BAR_FETCH                                         0        0.000%                0        0.000%
ST_BAR_ISSUE                                         0        0.000%                0        0.000%
ST_BAR_BOTH                                          0        0.000%                0        0.000%
                                              33736177      100.000%         33736177      100.000%
                                                  0.00         0.00              0.00         0.00

ST_NOT_MEM                                    21180237       62.782%         21180237       62.782%
ST_MEM_LD                                     10833803       32.113%         10833803       32.113%
ST_MEM_ST                                      1722137        5.105%          1722137        5.105%
ST_MEM_PF                                            0        0.000%                0        0.000%
ST_MEM_WH                                            0        0.000%                0        0.000%
ST_MEM_EVICT                                         0        0.000%                0        0.000%
                                              33736177      100.000%         33736177      100.000%
                                                  0.42         0.48              0.42         0.48

ST_NOT_MEM_OFFPATH                            30322019       64.718%         30322019       64.718%
ST_MEM_LD_OFFPATH                             14331578       30.589%         14331578       30.589%
ST_MEM_ST_OFFPATH                              2199089        4.694%          2199089        4.694%
ST_MEM_PF_OFFPATH                                    0        0.000%                0        0.000%
ST_MEM_WH_OFFPATH                                    0        0.000%                0        0.000%
ST_MEM_EVIC_OFFPATHT                                 0        0.000%                0        0.000%
                                              46852686      100.000%         46852686      100.000%
                                                  0.40         0.48              0.40         0.48

ST_OP_ONPATH                                  33736177                       33736177              

ST_OP_OFFPATH                                 46852686                       46852686              

ST_FAKE_OP_OFFPATH                              487763        1.041%           487763        1.041%
ST_NOT_FAKE_OP_OFFPATH                        46364923       98.959%         46364923       98.959%
                                              46852686      100.000%         46852686      100.000%
                                                  0.99         0.98              0.99         0.98

ST_FAKE_REASON_NOT_FAKE                       46364923       98.959%         46364923       98.959%
ST_FAKE_REASON_REDIRECT_TO_NOT_INSTRUMENTED          1308        0.003%             1308        0.003%
ST_FAKE_REASON_RETURN_TO_NOT_INSTRUMENTED          2094        0.004%             2094        0.004%
ST_FAKE_REASON_NONRET_CF_TO_NOT_INSTRUMENTED        484264        1.034%           484264        1.034%
ST_FAKE_REASON_NOT_TAKEN_TO_NOT_INSTRUMENTED             0        0.000%                0        0.000%
ST_FAKE_REASON_WRONG_PATH_STORE_TO_NEW_REGION            97        0.000%               97        0.000%
                                              46852686      100.000%         46852686      100.000%
                                                  0.03         0.30              0.03         0.30

ST_INST_ONPATH                                30000095                       30000095              

ST_INST_OFFPATH                               42169876                       42169876              

STATIC_PIN_NOP                                       0                              0              

DYNAMIC_PIN_REP_GREATER_256                          0                              0              



