/* -*- Mode: c -*- */
####################################################################################################
Core 0
####################################################################################################
Cumulative:        Cycles: 145539733             Instructions: 30000005              IPC: 0.20613

PREF_DL0REQ_QUEUE_HIT_BY_DEMAND                      0                              0              

PREF_UMLC_REQ_QUEUE_HIT_BY_DEMAND                    0                              0              

PREF_UL1REQ_QUEUE_HIT_BY_DEMAND                      0                              0              

PREF_DL0REQ_QUEUE_FULL                               0                              0              

PREF_UMLC_REQ_QUEUE_FULL                             0                              0              

PREF_UL1REQ_QUEUE_FULL                               0                              0              

PREF_DC_HIT_NOSEND                                   0                              0              

PREF_WBQDC_HIT_NOSEND                                0                              0              

PREF_MLCQ_STALL                                      0                              0              

PREF_L1Q_STALL                                       0                              0              

PREF_UMLC_REQ_SEND_QUEUE_STALL                       0                              0              

PREF_UL1REQ_SEND_QUEUE_STALL                      3212                           3212              

PREF_UMLC_REQ_QUEUE_SENTREQ                          0                              0              

PREF_UL1REQ_QUEUE_SENTREQ                        43124                          43124              

PREF_NEWREQ_MATCHED                                 46                             46              

PREF_UMLC_REQ_QUEUE_MATCHED_REQ                      0                              0              

PREF_UL1REQ_QUEUE_MATCHED_REQ                     1510                           1510              

PREF_DL0REQ_QUEUE_MATCHED_REQ                        0                              0              

L1_PREF_HIT                                      16348                          16348              

L1_PREF_UNIQUE_HIT                               12117                          12117              

L1_PREF_LATE                                        30                             30              

L1_LATE_PREF_CYCLES                                258                            258              

L1_LATE_PREF_CYCLES_DIST_0                          30      100.000%               30      100.000%
L1_LATE_PREF_CYCLES_DIST_100                         0        0.000%                0        0.000%
L1_LATE_PREF_CYCLES_DIST_200                         0        0.000%                0        0.000%
L1_LATE_PREF_CYCLES_DIST_300                         0        0.000%                0        0.000%
L1_LATE_PREF_CYCLES_DIST_400                         0        0.000%                0        0.000%
L1_LATE_PREF_CYCLES_DIST_500                         0        0.000%                0        0.000%
L1_LATE_PREF_CYCLES_DIST_600                         0        0.000%                0        0.000%
L1_LATE_PREF_CYCLES_DIST_700                         0        0.000%                0        0.000%
L1_LATE_PREF_CYCLES_DIST_800                         0        0.000%                0        0.000%
L1_LATE_PREF_CYCLES_DIST_900                         0        0.000%                0        0.000%
L1_LATE_PREF_CYCLES_DIST_1000                        0        0.000%                0        0.000%
L1_LATE_PREF_CYCLES_DIST_1100                        0        0.000%                0        0.000%
L1_LATE_PREF_CYCLES_DIST_1200                        0        0.000%                0        0.000%
L1_LATE_PREF_CYCLES_DIST_1300                        0        0.000%                0        0.000%
L1_LATE_PREF_CYCLES_DIST_1400                        0        0.000%                0        0.000%
L1_LATE_PREF_CYCLES_DIST_1500                        0        0.000%                0        0.000%
L1_LATE_PREF_CYCLES_DIST_1600                        0        0.000%                0        0.000%
L1_LATE_PREF_CYCLES_DIST_1700                        0        0.000%                0        0.000%
L1_LATE_PREF_CYCLES_DIST_1800                        0        0.000%                0        0.000%
L1_LATE_PREF_CYCLES_DIST_1900                        0        0.000%                0        0.000%
L1_LATE_PREF_CYCLES_DIST_2000                        0        0.000%                0        0.000%
                                                    30      100.000%               30      100.000%
                                                  0.00         0.00              0.00         0.00

MLC_PREF_HIT                                         0                              0              

MLC_PREF_UNIQUE_HIT                                  0                              0              

MLC_PREF_LATE                                        0                              0              

PREF_HYBRID_SEL_0                                    0         -nan%                0         -nan%
PREF_HYBRID_SEL_1                                    0         -nan%                0         -nan%
PREF_HYBRID_SEL_2                                    0         -nan%                0         -nan%
PREF_HYBRID_SEL_3                                    0         -nan%                0         -nan%
PREF_HYBRID_SEL_4                                    0         -nan%                0         -nan%
PREF_HYBRID_SEL_5                                    0         -nan%                0         -nan%
PREF_HYBRID_SEL_6                                    0         -nan%                0         -nan%
                                                     0         -nan%                0         -nan%
                                                  -nan         -nan              -nan         -nan

PREF_DISTANCE_1                                     65       22.109%               65       22.109%
PREF_DISTANCE_2                                     55       18.707%               55       18.707%
PREF_DISTANCE_3                                     62       21.088%               62       21.088%
PREF_DISTANCE_4                                     56       19.048%               56       19.048%
PREF_DISTANCE_5                                     56       19.048%               56       19.048%
PREF_DISTANCE_6                                      0        0.000%                0        0.000%
PREF_DISTANCE_7                                      0        0.000%                0        0.000%
PREF_DISTANCE_8                                      0        0.000%                0        0.000%
PREF_DISTANCE_9                                      0        0.000%                0        0.000%
PREF_DISTANCE_10                                     0        0.000%                0        0.000%
                                                   294      100.000%              294      100.000%
                                                  1.94         1.09              1.94         1.09

PREF_REPL_MRU                                        0         -nan%                0         -nan%
PREF_REPL_MID                                        0         -nan%                0         -nan%
PREF_REPL_LOWQTR                                     0         -nan%                0         -nan%
PREF_REPL_LRU                                        0         -nan%                0         -nan%
                                                     0         -nan%                0         -nan%
                                                  -nan         -nan              -nan         -nan

PREF_REPL_MOVEDOWN                                   0         -nan%                0         -nan%
PREF_REPL_MOVEUP                                     0         -nan%                0         -nan%
                                                     0         -nan%                0         -nan%
                                                  -nan         -nan              -nan         -nan

PREF_COV_1                                           0         -nan%                0         -nan%
PREF_COV_2                                           0         -nan%                0         -nan%
PREF_COV_3                                           0         -nan%                0         -nan%
PREF_COV_4                                           0         -nan%                0         -nan%
PREF_COV_5                                           0         -nan%                0         -nan%
PREF_COV_6                                           0         -nan%                0         -nan%
PREF_COV_7                                           0         -nan%                0         -nan%
PREF_COV_8                                           0         -nan%                0         -nan%
PREF_COV_9                                           0         -nan%                0         -nan%
PREF_COV_10                                          0         -nan%                0         -nan%
                                                     0         -nan%                0         -nan%
                                                  -nan         -nan              -nan         -nan

PREF_POL_1                                           0        0.000%                0        0.000%
PREF_POL_2                                           0        0.000%                0        0.000%
PREF_POL_3                                           0        0.000%                0        0.000%
PREF_POL_4                                           0        0.000%                0        0.000%
PREF_POL_5                                           0        0.000%                0        0.000%
PREF_POL_6                                           0        0.000%                0        0.000%
PREF_POL_7                                           0        0.000%                0        0.000%
PREF_POL_8                                           0        0.000%                0        0.000%
PREF_POL_9                                           0        0.000%                0        0.000%
PREF_POL_10                                        294      100.000%              294      100.000%
                                                   294      100.000%              294      100.000%
                                                  9.00         9.02              9.00         9.02

PREF_ACC_1                                          70       23.810%               70       23.810%
PREF_ACC_2                                           0        0.000%                0        0.000%
PREF_ACC_3                                           1        0.340%                1        0.340%
PREF_ACC_4                                          10        3.401%               10        3.401%
PREF_ACC_5                                          15        5.102%               15        5.102%
PREF_ACC_6                                          51       17.347%               51       17.347%
PREF_ACC_7                                          76       25.850%               76       25.850%
PREF_ACC_8                                          54       18.367%               54       18.367%
PREF_ACC_9                                           4        1.361%                4        1.361%
PREF_ACC_10                                         13        4.422%               13        4.422%
                                                   294      100.000%              294      100.000%
                                                  4.52         1.95              4.52         1.95

PREF_TIMELY_1                                      265       90.136%              265       90.136%
PREF_TIMELY_2                                        0        0.000%                0        0.000%
PREF_TIMELY_3                                        0        0.000%                0        0.000%
PREF_TIMELY_4                                        0        0.000%                0        0.000%
PREF_TIMELY_5                                        0        0.000%                0        0.000%
PREF_TIMELY_6                                        0        0.000%                0        0.000%
PREF_TIMELY_7                                        0        0.000%                0        0.000%
PREF_TIMELY_8                                        0        0.000%                0        0.000%
PREF_TIMELY_9                                        0        0.000%                0        0.000%
PREF_TIMELY_10                                      29        9.864%               29        9.864%
                                                   294      100.000%              294      100.000%
                                                  0.89         2.57              0.89         2.57

PREF_UNUSED_EVICT                                20294                          20294              

PREF_REGION_SENT                                     0                              0              

PREF_REGION_USEFUL                                   0                              0              

PREF_REGION_EVICT                                    0                              0              

PREF_PFPOL                                           0                              0              

PREF_PHASE_NEWPHASE_DET                              0                              0              

PREF_PHASE_NEWPHASE_NOTVALID                         0                              0              

PREF_PHASE_SENTPREF                                  0                              0              

PREF_PHASE_OVERWRITE_PAGE                            0                              0              

PREF_UPDATE_COUNT                                  294                            294              

PREF_ACC1_HT_HP                                      0        0.000%                0        0.000%
PREF_ACC1_HT_LP                                      0        0.000%                0        0.000%
PREF_ACC1_LT_HP                                      0        0.000%                0        0.000%
PREF_ACC1_LT_LP                                     70       23.810%               70       23.810%
PREF_ACC2_HT_HP                                      0        0.000%                0        0.000%
PREF_ACC2_HT_LP                                     17        5.782%               17        5.782%
PREF_ACC2_LT_HP                                      0        0.000%                0        0.000%
PREF_ACC2_LT_LP                                     59       20.068%               59       20.068%
PREF_ACC3_HT_HP                                      0        0.000%                0        0.000%
PREF_ACC3_HT_LP                                      0        0.000%                0        0.000%
PREF_ACC3_LT_HP                                      0        0.000%                0        0.000%
PREF_ACC3_LT_LP                                      0        0.000%                0        0.000%
PREF_ACC4_HT_HP                                      0        0.000%                0        0.000%
PREF_ACC4_HT_LP                                     12        4.082%               12        4.082%
PREF_ACC4_LT_HP                                      0        0.000%                0        0.000%
PREF_ACC4_LT_LP                                    136       46.259%              136       46.259%
                                                   294      100.000%              294      100.000%
                                                  9.88         8.50              9.88         8.50



