               ramulator.active_cycles_0            52550348                                      # Total active cycles for level _0
                 ramulator.busy_cycles_0            52550348                                      # (All-bank refresh only. busy cycles only include refresh time in rank level) The sum of cycles that the DRAM part is active or under refresh for level _0
            ramulator.serving_requests_0           199627928                                      # The sum of read and write requests that are served in this DRAM element per memory cycle for level _0
    ramulator.average_serving_requests_0            3.657702                                      # The average of read and write requests that are served in this DRAM element per memory cycle for level _0
             ramulator.active_cycles_0_0            52550348                                      # Total active cycles for level _0_0
               ramulator.busy_cycles_0_0            52932128                                      # (All-bank refresh only. busy cycles only include refresh time in rank level) The sum of cycles that the DRAM part is active or under refresh for level _0_0
          ramulator.serving_requests_0_0           199627928                                      # The sum of read and write requests that are served in this DRAM element per memory cycle for level _0_0
  ramulator.average_serving_requests_0_0            3.657702                                      # The average of read and write requests that are served in this DRAM element per memory cycle for level _0_0
           ramulator.active_cycles_0_0_0            32422925                                      # Total active cycles for level _0_0_0
             ramulator.busy_cycles_0_0_0            32422925                                      # (All-bank refresh only. busy cycles only include refresh time in rank level) The sum of cycles that the DRAM part is active or under refresh for level _0_0_0
        ramulator.serving_requests_0_0_0            52748295                                      # The sum of read and write requests that are served in this DRAM element per memory cycle for level _0_0_0
ramulator.average_serving_requests_0_0_0            0.966486                                      # The average of read and write requests that are served in this DRAM element per memory cycle for level _0_0_0
         ramulator.active_cycles_0_0_0_0            12160963                                      # Total active cycles for level _0_0_0_0
           ramulator.busy_cycles_0_0_0_0            12160963                                      # (All-bank refresh only. busy cycles only include refresh time in rank level) The sum of cycles that the DRAM part is active or under refresh for level _0_0_0_0
      ramulator.serving_requests_0_0_0_0            12997037                                      # The sum of read and write requests that are served in this DRAM element per memory cycle for level _0_0_0_0
ramulator.average_serving_requests_0_0_0_0            0.238139                                      # The average of read and write requests that are served in this DRAM element per memory cycle for level _0_0_0_0
         ramulator.active_cycles_0_0_0_1            13085874                                      # Total active cycles for level _0_0_0_1
           ramulator.busy_cycles_0_0_0_1            13085874                                      # (All-bank refresh only. busy cycles only include refresh time in rank level) The sum of cycles that the DRAM part is active or under refresh for level _0_0_0_1
      ramulator.serving_requests_0_0_0_1            14054402                                      # The sum of read and write requests that are served in this DRAM element per memory cycle for level _0_0_0_1
ramulator.average_serving_requests_0_0_0_1            0.257513                                      # The average of read and write requests that are served in this DRAM element per memory cycle for level _0_0_0_1
         ramulator.active_cycles_0_0_0_2            12617891                                      # Total active cycles for level _0_0_0_2
           ramulator.busy_cycles_0_0_0_2            12617891                                      # (All-bank refresh only. busy cycles only include refresh time in rank level) The sum of cycles that the DRAM part is active or under refresh for level _0_0_0_2
      ramulator.serving_requests_0_0_0_2            13538006                                      # The sum of read and write requests that are served in this DRAM element per memory cycle for level _0_0_0_2
ramulator.average_serving_requests_0_0_0_2            0.248051                                      # The average of read and write requests that are served in this DRAM element per memory cycle for level _0_0_0_2
         ramulator.active_cycles_0_0_0_3            11389121                                      # Total active cycles for level _0_0_0_3
           ramulator.busy_cycles_0_0_0_3            11389121                                      # (All-bank refresh only. busy cycles only include refresh time in rank level) The sum of cycles that the DRAM part is active or under refresh for level _0_0_0_3
      ramulator.serving_requests_0_0_0_3            12158850                                      # The sum of read and write requests that are served in this DRAM element per memory cycle for level _0_0_0_3
ramulator.average_serving_requests_0_0_0_3            0.222782                                      # The average of read and write requests that are served in this DRAM element per memory cycle for level _0_0_0_3
           ramulator.active_cycles_0_0_1            31618390                                      # Total active cycles for level _0_0_1
             ramulator.busy_cycles_0_0_1            31618390                                      # (All-bank refresh only. busy cycles only include refresh time in rank level) The sum of cycles that the DRAM part is active or under refresh for level _0_0_1
        ramulator.serving_requests_0_0_1            51057769                                      # The sum of read and write requests that are served in this DRAM element per memory cycle for level _0_0_1
ramulator.average_serving_requests_0_0_1            0.935511                                      # The average of read and write requests that are served in this DRAM element per memory cycle for level _0_0_1
         ramulator.active_cycles_0_0_1_0            11493589                                      # Total active cycles for level _0_0_1_0
           ramulator.busy_cycles_0_0_1_0            11493589                                      # (All-bank refresh only. busy cycles only include refresh time in rank level) The sum of cycles that the DRAM part is active or under refresh for level _0_0_1_0
      ramulator.serving_requests_0_0_1_0            12228830                                      # The sum of read and write requests that are served in this DRAM element per memory cycle for level _0_0_1_0
ramulator.average_serving_requests_0_0_1_0            0.224064                                      # The average of read and write requests that are served in this DRAM element per memory cycle for level _0_0_1_0
         ramulator.active_cycles_0_0_1_1            13305932                                      # Total active cycles for level _0_0_1_1
           ramulator.busy_cycles_0_0_1_1            13305932                                      # (All-bank refresh only. busy cycles only include refresh time in rank level) The sum of cycles that the DRAM part is active or under refresh for level _0_0_1_1
      ramulator.serving_requests_0_0_1_1            14315543                                      # The sum of read and write requests that are served in this DRAM element per memory cycle for level _0_0_1_1
ramulator.average_serving_requests_0_0_1_1            0.262298                                      # The average of read and write requests that are served in this DRAM element per memory cycle for level _0_0_1_1
         ramulator.active_cycles_0_0_1_2            10874690                                      # Total active cycles for level _0_0_1_2
           ramulator.busy_cycles_0_0_1_2            10874690                                      # (All-bank refresh only. busy cycles only include refresh time in rank level) The sum of cycles that the DRAM part is active or under refresh for level _0_0_1_2
      ramulator.serving_requests_0_0_1_2            11581639                                      # The sum of read and write requests that are served in this DRAM element per memory cycle for level _0_0_1_2
ramulator.average_serving_requests_0_0_1_2            0.212206                                      # The average of read and write requests that are served in this DRAM element per memory cycle for level _0_0_1_2
         ramulator.active_cycles_0_0_1_3            12102438                                      # Total active cycles for level _0_0_1_3
           ramulator.busy_cycles_0_0_1_3            12102438                                      # (All-bank refresh only. busy cycles only include refresh time in rank level) The sum of cycles that the DRAM part is active or under refresh for level _0_0_1_3
      ramulator.serving_requests_0_0_1_3            12931757                                      # The sum of read and write requests that are served in this DRAM element per memory cycle for level _0_0_1_3
ramulator.average_serving_requests_0_0_1_3            0.236943                                      # The average of read and write requests that are served in this DRAM element per memory cycle for level _0_0_1_3
           ramulator.active_cycles_0_0_2            29847078                                      # Total active cycles for level _0_0_2
             ramulator.busy_cycles_0_0_2            29847078                                      # (All-bank refresh only. busy cycles only include refresh time in rank level) The sum of cycles that the DRAM part is active or under refresh for level _0_0_2
        ramulator.serving_requests_0_0_2            47051890                                      # The sum of read and write requests that are served in this DRAM element per memory cycle for level _0_0_2
ramulator.average_serving_requests_0_0_2            0.862113                                      # The average of read and write requests that are served in this DRAM element per memory cycle for level _0_0_2
         ramulator.active_cycles_0_0_2_0            10572909                                      # Total active cycles for level _0_0_2_0
           ramulator.busy_cycles_0_0_2_0            10572909                                      # (All-bank refresh only. busy cycles only include refresh time in rank level) The sum of cycles that the DRAM part is active or under refresh for level _0_0_2_0
      ramulator.serving_requests_0_0_2_0            11189862                                      # The sum of read and write requests that are served in this DRAM element per memory cycle for level _0_0_2_0
ramulator.average_serving_requests_0_0_2_0            0.205027                                      # The average of read and write requests that are served in this DRAM element per memory cycle for level _0_0_2_0
         ramulator.active_cycles_0_0_2_1            10206969                                      # Total active cycles for level _0_0_2_1
           ramulator.busy_cycles_0_0_2_1            10206969                                      # (All-bank refresh only. busy cycles only include refresh time in rank level) The sum of cycles that the DRAM part is active or under refresh for level _0_0_2_1
      ramulator.serving_requests_0_0_2_1            10788550                                      # The sum of read and write requests that are served in this DRAM element per memory cycle for level _0_0_2_1
ramulator.average_serving_requests_0_0_2_1            0.197674                                      # The average of read and write requests that are served in this DRAM element per memory cycle for level _0_0_2_1
         ramulator.active_cycles_0_0_2_2            10741328                                      # Total active cycles for level _0_0_2_2
           ramulator.busy_cycles_0_0_2_2            10741328                                      # (All-bank refresh only. busy cycles only include refresh time in rank level) The sum of cycles that the DRAM part is active or under refresh for level _0_0_2_2
      ramulator.serving_requests_0_0_2_2            11384088                                      # The sum of read and write requests that are served in this DRAM element per memory cycle for level _0_0_2_2
ramulator.average_serving_requests_0_0_2_2            0.208586                                      # The average of read and write requests that are served in this DRAM element per memory cycle for level _0_0_2_2
         ramulator.active_cycles_0_0_2_3            12792652                                      # Total active cycles for level _0_0_2_3
           ramulator.busy_cycles_0_0_2_3            12792652                                      # (All-bank refresh only. busy cycles only include refresh time in rank level) The sum of cycles that the DRAM part is active or under refresh for level _0_0_2_3
      ramulator.serving_requests_0_0_2_3            13689390                                      # The sum of read and write requests that are served in this DRAM element per memory cycle for level _0_0_2_3
ramulator.average_serving_requests_0_0_2_3            0.250825                                      # The average of read and write requests that are served in this DRAM element per memory cycle for level _0_0_2_3
           ramulator.active_cycles_0_0_3            30709369                                      # Total active cycles for level _0_0_3
             ramulator.busy_cycles_0_0_3            30709369                                      # (All-bank refresh only. busy cycles only include refresh time in rank level) The sum of cycles that the DRAM part is active or under refresh for level _0_0_3
        ramulator.serving_requests_0_0_3            48769974                                      # The sum of read and write requests that are served in this DRAM element per memory cycle for level _0_0_3
ramulator.average_serving_requests_0_0_3            0.893592                                      # The average of read and write requests that are served in this DRAM element per memory cycle for level _0_0_3
         ramulator.active_cycles_0_0_3_0            12267794                                      # Total active cycles for level _0_0_3_0
           ramulator.busy_cycles_0_0_3_0            12267794                                      # (All-bank refresh only. busy cycles only include refresh time in rank level) The sum of cycles that the DRAM part is active or under refresh for level _0_0_3_0
      ramulator.serving_requests_0_0_3_0            13082258                                      # The sum of read and write requests that are served in this DRAM element per memory cycle for level _0_0_3_0
ramulator.average_serving_requests_0_0_3_0            0.239701                                      # The average of read and write requests that are served in this DRAM element per memory cycle for level _0_0_3_0
         ramulator.active_cycles_0_0_3_1            10540029                                      # Total active cycles for level _0_0_3_1
           ramulator.busy_cycles_0_0_3_1            10540029                                      # (All-bank refresh only. busy cycles only include refresh time in rank level) The sum of cycles that the DRAM part is active or under refresh for level _0_0_3_1
      ramulator.serving_requests_0_0_3_1            11142956                                      # The sum of read and write requests that are served in this DRAM element per memory cycle for level _0_0_3_1
ramulator.average_serving_requests_0_0_3_1            0.204168                                      # The average of read and write requests that are served in this DRAM element per memory cycle for level _0_0_3_1
         ramulator.active_cycles_0_0_3_2            11320366                                      # Total active cycles for level _0_0_3_2
           ramulator.busy_cycles_0_0_3_2            11320366                                      # (All-bank refresh only. busy cycles only include refresh time in rank level) The sum of cycles that the DRAM part is active or under refresh for level _0_0_3_2
      ramulator.serving_requests_0_0_3_2            12083484                                      # The sum of read and write requests that are served in this DRAM element per memory cycle for level _0_0_3_2
ramulator.average_serving_requests_0_0_3_2            0.221401                                      # The average of read and write requests that are served in this DRAM element per memory cycle for level _0_0_3_2
         ramulator.active_cycles_0_0_3_3            11688955                                      # Total active cycles for level _0_0_3_3
           ramulator.busy_cycles_0_0_3_3            11688955                                      # (All-bank refresh only. busy cycles only include refresh time in rank level) The sum of cycles that the DRAM part is active or under refresh for level _0_0_3_3
      ramulator.serving_requests_0_0_3_3            12461276                                      # The sum of read and write requests that are served in this DRAM element per memory cycle for level _0_0_3_3
ramulator.average_serving_requests_0_0_3_3            0.228323                                      # The average of read and write requests that are served in this DRAM element per memory cycle for level _0_0_3_3
      ramulator.read_transaction_bytes_0           155119936                                      # The total byte of read transaction per channel
     ramulator.write_transaction_bytes_0            39394048                                      # The total byte of write transaction per channel
       ramulator.row_hits_channel_0_core              579655                                      # Number of row hits per channel per core
     ramulator.row_misses_channel_0_core              121082                                      # Number of row misses per channel per core
  ramulator.row_conflicts_channel_0_core             2338544                                      # Number of row conflicts per channel per core
  ramulator.read_row_hits_channel_0_core              537054                                      # Number of row hits for read requests per channel per core
                                     [0]            537054.0                                      # 
ramulator.read_row_misses_channel_0_core               89800                                      # Number of row misses for read requests per channel per core
                                     [0]             89800.0                                      # 
ramulator.read_row_conflicts_channel_0_core             1796895                                      # Number of row conflicts for read requests per channel per core
                                     [0]           1796895.0                                      # 
 ramulator.write_row_hits_channel_0_core               42601                                      # Number of row hits for write requests per channel per core
                                     [0]             42601.0                                      # 
ramulator.write_row_misses_channel_0_core               31282                                      # Number of row misses for write requests per channel per core
                                     [0]             31282.0                                      # 
ramulator.write_row_conflicts_channel_0_core              541649                                      # Number of row conflicts for write requests per channel per core
                                     [0]            541649.0                                      # 
      ramulator.useless_activates_0_core                 912                                      # Number of useless activations. E.g, ACT -> PRE w/o RD or WR
            ramulator.read_latency_avg_0           75.259536                                      # The average memory latency cycles (in memory time domain) per request for all read requests in this channel
            ramulator.read_latency_sum_0           182456887                                      # The memory latency cycles (in memory time domain) sum for all read requests in this channel
        ramulator.req_queue_length_avg_0           17.643976                                      # Average of read and write queue length per memory cycle per channel.
        ramulator.req_queue_length_sum_0           962962685                                      # Sum of read and write queue length per memory cycle per channel.
   ramulator.read_req_queue_length_avg_0            2.782791                                      # Read queue length average per memory cycle per channel.
   ramulator.read_req_queue_length_sum_0           151877575                                      # Read queue length sum per memory cycle per channel.
  ramulator.write_req_queue_length_avg_0           14.861184                                      # Write queue length average per memory cycle per channel.
  ramulator.write_req_queue_length_sum_0           811085110                                      # Write queue length sum per memory cycle per channel.
              ramulator.record_read_hits                 0.0                                      # record read hit count for this core when it reaches request limit or to the end
                                     [0]                 0.0                                      # 
            ramulator.record_read_misses                 0.0                                      # record_read_miss count for this core when it reaches request limit or to the end
                                     [0]                 0.0                                      # 
         ramulator.record_read_conflicts                 0.0                                      # record read conflict count for this core when it reaches request limit or to the end
                                     [0]                 0.0                                      # 
             ramulator.record_write_hits                 0.0                                      # record write hit count for this core when it reaches request limit or to the end
                                     [0]                 0.0                                      # 
           ramulator.record_write_misses                 0.0                                      # record write miss count for this core when it reaches request limit or to the end
                                     [0]                 0.0                                      # 
        ramulator.record_write_conflicts                 0.0                                      # record write conflict for this core when it reaches request limit or to the end
                                     [0]                 0.0                                      # 
                 ramulator.dram_capacity          8589934592                                      # Number of bytes in simulated DRAM
                   ramulator.dram_cycles            54577421                                      # Number of DRAM cycles simulated
             ramulator.incoming_requests             3039923                                      # Number of incoming requests to DRAM
                 ramulator.read_requests             2424369                                      # Number of incoming read requests to DRAM per core
                                     [0]           2424369.0                                      # 
                ramulator.write_requests              615554                                      # Number of incoming write requests to DRAM per core
                                     [0]            615554.0                                      # 
       ramulator.ramulator_active_cycles            52550348                                      # The total number of cycles that the DRAM part is active (serving R/W)
 ramulator.incoming_requests_per_channel           3039923.0                                      # Number of incoming requests to each DRAM channel
                                     [0]           3039923.0                                      # 
ramulator.incoming_read_reqs_per_channel           2424369.0                                      # Number of incoming read requests to each DRAM channel
                                     [0]           2424369.0                                      # 
     ramulator.physical_page_replacement                   0                                      # The number of times that physical page replacement happens.
             ramulator.maximum_bandwidth         19200000000                                      # The theoretical maximum bandwidth (Bps)
          ramulator.in_queue_req_num_sum           962962685                                      # Sum of read/write queue length
     ramulator.in_queue_read_req_num_sum           151877575                                      # Sum of read queue length
    ramulator.in_queue_write_req_num_sum           811085110                                      # Sum of write queue length
          ramulator.in_queue_req_num_avg           17.643976                                      # Average of read/write queue length per memory cycle
     ramulator.in_queue_read_req_num_avg            2.782791                                      # Average of read queue length per memory cycle
    ramulator.in_queue_write_req_num_avg           14.861184                                      # Average of write queue length per memory cycle
          ramulator.record_read_requests                 0.0                                      # record read requests for this core when it reaches request limit or to the end
                                     [0]                 0.0                                      # 
         ramulator.record_write_requests                 0.0                                      # record write requests for this core when it reaches request limit or to the end
                                     [0]                 0.0                                      # 
