/* -*- Mode: c -*- */
####################################################################################################
Core 0
####################################################################################################
Cumulative:        Cycles: 145539733             Instructions: 30000005              IPC: 0.20613

DCACHE_PREF_HIT                                      0                              0              

IFETCH_WB_FIRST_SCHEDULE                             0         -nan%                0         -nan%
PREFETCH_LAST_SCHEDULE                               0         -nan%                0         -nan%
DEMAND_PASS_PREF_SCHEDULE                            0         -nan%                0         -nan%
DEMAND_PASS_LOW_OP_SCHEDULE                          0         -nan%                0         -nan%
DEMAND_LAST_SCHEDULE                                 0         -nan%                0         -nan%
                                                     0         -nan%                0         -nan%
                                                  -nan         -nan              -nan         -nan

SEND_MISS_REQ_QUEUE                            2731080                        2731080              

L1_DATA_EVICT                                  2714696                        2714696              

STREAM_BUFFER_REQ                                    0                              0              

PREF_SEND_TO_MEM_REQ                                 0         -nan%                0         -nan%
PREF_SEND_TO_MEM_REQ_FAIL                            0         -nan%                0         -nan%
                                                     0         -nan%                0         -nan%
                                                  -nan         -nan              -nan         -nan

HIT_TRAIN_STREAM                                 21680        0.888%            21680        0.888%
MISS_TRAIN_STREAM                              2419898       99.112%          2419898       99.112%
                                               2441578      100.000%          2441578      100.000%
                                                  0.99         0.99              0.99         0.99

STREAM_TRAIN_CREATE                            1901615                        1901615              

MEM_REQ_MISS_HWP_PREF_Q                              0         -nan%                0         -nan%
MEM_REQ_MISS_SW_PREF_Q                               0         -nan%                0         -nan%
MEM_REQ_MISS_IFETCH_Q                                0         -nan%                0         -nan%
MEM_REQ_MISS_DFETCH_Q                                0         -nan%                0         -nan%
MEM_REQ_MISS_DSTORE_Q                                0         -nan%                0         -nan%
MEM_REQ_MISS_DPRF_Q                                  0         -nan%                0         -nan%
MEM_REQ_MISS_WB_Q                                    0         -nan%                0         -nan%
                                                     0         -nan%                0         -nan%
                                                  -nan         -nan              -nan         -nan

PREF_HIT_BY_DEMAND_IFETCH                            0         -nan%                0         -nan%
PREF_HIT_BY_DEMAND_DFETCH                            0         -nan%                0         -nan%
PREF_HIT_BY_DEMAND_DSTORE                            0         -nan%                0         -nan%
PREF_HIT_BY_DEMAND_IPREF                             0         -nan%                0         -nan%
PREF_HIT_BY_DEMAND_DPRF                              0         -nan%                0         -nan%
PREF_HIT_BY_DEMAND_WB                                0         -nan%                0         -nan%
PREF_HIT_BY_PREF                                     0         -nan%                0         -nan%
                                                     0         -nan%                0         -nan%
                                                  -nan         -nan              -nan         -nan

PREF_HIT_DEMAND_IFETCH                               0         -nan%                0         -nan%
PREF_HIT_DEMAND_DFETCH                               0         -nan%                0         -nan%
PREF_HIT_DEMAND_DSTORE                               0         -nan%                0         -nan%
PREF_HIT_DEMAND_IPREF                                0         -nan%                0         -nan%
PREF_HIT_DEMAND_DPRF                                 0         -nan%                0         -nan%
PREF_HIT_DEMAND_WB                                   0         -nan%                0         -nan%
                                                     0         -nan%                0         -nan%
                                                  -nan         -nan              -nan         -nan

PREF_L1_FILL                                         0         -nan%                0         -nan%
DEMAND_L1_FILL                                       0         -nan%                0         -nan%
                                                     0         -nan%                0         -nan%
                                                  -nan         -nan              -nan         -nan

TOUCH_L1_REPLACE                                     0        0.000%                0        0.000%
NO_TOUCH_L1_REPLACE                            2714696      100.000%          2714696      100.000%
                                               2714696      100.000%          2714696      100.000%
                                                  1.00         1.00              1.00         1.00

PREF_REQ_QUE_FULL                                    0                              0              

STREAM_REQ_QUEUE_HIT_BY_DEMAND                       0                              0              

L2HIT_STREAM_PREF_REQ_QUE_FULL                       0                              0              

L2HIT_HIT_TRAIN_STREAM                               0         -nan%                0         -nan%
L2HIT_MISS_TRAIN_STREAM                              0         -nan%                0         -nan%
                                                     0         -nan%                0         -nan%
                                                  -nan         -nan              -nan         -nan

L2HIT_STREAM_TRAIN_CREATE                            0                              0              

L2HIT_STREAM_BUFFER_REQ                              0                              0              

L2HIT_STREAM_PREF_DCACHE_HIT                         0         -nan%                0         -nan%
L2HIT_STREAM_PREF_DCACHE_INSERT                      0         -nan%                0         -nan%
L2HIT_STREAM_L2_MISS                                 0         -nan%                0         -nan%
                                                     0         -nan%                0         -nan%
                                                  -nan         -nan              -nan         -nan

L2HIT_STREAM_DCACHE_PORT_FULL                        0                              0              

L2HIT_STREAM_PREF_L1_PORT_FULL                       0                              0              

L2HIT_TRAIN_HIT_DEMAND                               0         -nan%                0         -nan%
L2HIT_TRAIN_MISS_REQ                                 0         -nan%                0         -nan%
                                                     0         -nan%                0         -nan%
                                                  -nan         -nan              -nan         -nan

L2HIT_TRAIN_FILTER_MISS                              0         -nan%                0         -nan%
L2HIT_TRAIN_FILTER_HIT                               0         -nan%                0         -nan%
                                                     0         -nan%                0         -nan%
                                                  -nan         -nan              -nan         -nan

L2HIT_PREF_REQ_DCACHE_HIT                            0         -nan%                0         -nan%
L2HIT_PREF_REQ_DCACHE_MISS                           0         -nan%                0         -nan%
                                                     0         -nan%                0         -nan%
                                                  -nan         -nan              -nan         -nan

L2HIT_L2SEND_Q_FULL                                  0         -nan%                0         -nan%
L2HIT_L2SEND_Q_ENTER                                 0         -nan%                0         -nan%
                                                     0         -nan%                0         -nan%
                                                  -nan         -nan              -nan         -nan

L2HIT_MEM_REQ                                        0                              0              

REMOVE_REDUNDANT_STREAM_STAT                         0                              0              

REPLACE_OLD_STREAM                             1901599                        1901599              

REQ_SEND_QUEUE_STALL                                 0                              0              

STREAM_ENTER_RA                                      0                              0              

CORE_STREAM_LENGTH_0                              2565       27.238%             2565       27.238%
CORE_STREAM_LENGTH_10                             5251       55.761%             5251       55.761%
CORE_STREAM_LENGTH_20                             1257       13.348%             1257       13.348%
CORE_STREAM_LENGTH_30                              187        1.986%              187        1.986%
CORE_STREAM_LENGTH_40                               67        0.711%               67        0.711%
CORE_STREAM_LENGTH_50                               27        0.287%               27        0.287%
CORE_STREAM_LENGTH_60                               10        0.106%               10        0.106%
CORE_STREAM_LENGTH_70                               10        0.106%               10        0.106%
CORE_STREAM_LENGTH_80                               10        0.106%               10        0.106%
CORE_STREAM_LENGTH_90                                1        0.011%                1        0.011%
CORE_STREAM_LENGTH_100_P                            32        0.340%               32        0.340%
                                                  9417      100.000%             9417      100.000%
                                                  0.98         0.86              0.98         0.86

CORE_CUM_STREAM_LENGTH_0                         18211       13.045%            18211       13.045%
CORE_CUM_STREAM_LENGTH_10                        74542       53.397%            74542       53.397%
CORE_CUM_STREAM_LENGTH_20                        28068       20.106%            28068       20.106%
CORE_CUM_STREAM_LENGTH_30                         6281        4.499%             6281        4.499%
CORE_CUM_STREAM_LENGTH_40                         2964        2.123%             2964        2.123%
CORE_CUM_STREAM_LENGTH_50                         1447        1.037%             1447        1.037%
CORE_CUM_STREAM_LENGTH_60                          640        0.458%              640        0.458%
CORE_CUM_STREAM_LENGTH_70                          723        0.518%              723        0.518%
CORE_CUM_STREAM_LENGTH_80                          854        0.612%              854        0.612%
CORE_CUM_STREAM_LENGTH_90                           92        0.066%               92        0.066%
CORE_CUM_STREAM_LENGTH_100_P                      5777        4.138%             5777        4.138%
                                                139599      100.000%           139599      100.000%
                                                  1.74         2.01              1.74         2.01

CORE_STREAM_TRAIN_HITS_0                          8900       94.510%             8900       94.510%
CORE_STREAM_TRAIN_HITS_10                          430        4.566%              430        4.566%
CORE_STREAM_TRAIN_HITS_20                           52        0.552%               52        0.552%
CORE_STREAM_TRAIN_HITS_30                           15        0.159%               15        0.159%
CORE_STREAM_TRAIN_HITS_40                            5        0.053%                5        0.053%
CORE_STREAM_TRAIN_HITS_50                            2        0.021%                2        0.021%
CORE_STREAM_TRAIN_HITS_60                            4        0.042%                4        0.042%
CORE_STREAM_TRAIN_HITS_70                            1        0.011%                1        0.011%
CORE_STREAM_TRAIN_HITS_80                            2        0.021%                2        0.021%
CORE_STREAM_TRAIN_HITS_90                            3        0.032%                3        0.032%
CORE_STREAM_TRAIN_HITS_100_P                         3        0.032%                3        0.032%
                                                  9417      100.000%             9417      100.000%
                                                  0.08         0.42              0.08         0.42

CORE_CUM_STREAM_TRAIN_HITS_0                     51143       86.175%            51143       86.175%
CORE_CUM_STREAM_TRAIN_HITS_10                     5113        8.615%             5113        8.615%
CORE_CUM_STREAM_TRAIN_HITS_20                     1138        1.918%             1138        1.918%
CORE_CUM_STREAM_TRAIN_HITS_30                      512        0.863%              512        0.863%
CORE_CUM_STREAM_TRAIN_HITS_40                      209        0.352%              209        0.352%
CORE_CUM_STREAM_TRAIN_HITS_50                      111        0.187%              111        0.187%
CORE_CUM_STREAM_TRAIN_HITS_60                      260        0.438%              260        0.438%
CORE_CUM_STREAM_TRAIN_HITS_70                       78        0.131%               78        0.131%
CORE_CUM_STREAM_TRAIN_HITS_80                      175        0.295%              175        0.295%
CORE_CUM_STREAM_TRAIN_HITS_90                      287        0.484%              287        0.484%
CORE_CUM_STREAM_TRAIN_HITS_100_P                   322        0.543%              322        0.543%
                                                 59348      100.000%            59348      100.000%
                                                  0.33         1.22              0.33         1.22

CORE_STREAM_TRAIN_CREATE                       1901615                        1901615              



